#! /usr/local/bin/vvp
:ivl_version "13.0 (devel)" "(s20221226-518-g94d9d1951)";
:ivl_delay_selection "TYPICAL";
:vpi_time_precision - 12;
:vpi_module "/usr/local/lib/ivl/system.vpi";
:vpi_module "/usr/local/lib/ivl/vhdl_sys.vpi";
:vpi_module "/usr/local/lib/ivl/vhdl_textio.vpi";
:vpi_module "/usr/local/lib/ivl/v2005_math.vpi";
:vpi_module "/usr/local/lib/ivl/va_math.vpi";
S_0x55cef8599850 .scope module, "tb_32bitAddSub" "tb_32bitAddSub" 2 2;
 .timescale -9 -12;
v0x55cef85ef480_0 .var "A", 31 0;
v0x55cef85ef560_0 .var "B", 31 0;
v0x55cef85ef620_0 .var "Cin", 0 0;
v0x55cef85ef6f0_0 .net "Cout", 0 0, L_0x55cef8611b60;  1 drivers
v0x55cef85ef820_0 .var "D", 0 0;
v0x55cef85ef8c0_0 .net "S", 31 0, L_0x55cef86124e0;  1 drivers
v0x55cef85ef9b0_0 .var "Si", 0 0;
v0x55cef85efa50_0 .net "So", 0 0, L_0x55cef86129b0;  1 drivers
v0x55cef85efb20_0 .net "V", 0 0, L_0x55cef8612420;  1 drivers
S_0x55cef8586640 .scope module, "uut" "addSub" 2 13, 3 4 0, S_0x55cef8599850;
 .timescale 0 0;
    .port_info 0 /INPUT 32 "A";
    .port_info 1 /INPUT 32 "B";
    .port_info 2 /INPUT 1 "D";
    .port_info 3 /INPUT 1 "Cin";
    .port_info 4 /INPUT 1 "Si";
    .port_info 5 /OUTPUT 32 "S";
    .port_info 6 /OUTPUT 1 "Cout";
    .port_info 7 /OUTPUT 1 "V";
    .port_info 8 /OUTPUT 1 "So";
L_0x55cef85efd50 .functor XOR 32, v0x55cef85ef560_0, L_0x55cef85efc80, C4<00000000000000000000000000000000>, C4<00000000000000000000000000000000>;
L_0x55cef85efeb0 .functor OR 1, v0x55cef85ef620_0, v0x55cef85ef820_0, C4<0>, C4<0>;
L_0x55cef8612420 .functor XOR 1, L_0x55cef8612240, L_0x55cef8611b60, C4<0>, C4<0>;
L_0x55cef86128d0 .functor NOT 1, L_0x55cef8611b60, C4<0>, C4<0>, C4<0>;
L_0x55cef8612940 .functor AND 1, v0x55cef85ef820_0, L_0x55cef86128d0, C4<1>, C4<1>;
L_0x55cef86129b0 .functor OR 1, v0x55cef85ef9b0_0, L_0x55cef8612940, C4<0>, C4<0>;
v0x55cef85ee700_0 .net "A", 31 0, v0x55cef85ef480_0;  1 drivers
v0x55cef85ee7e0_0 .net "B", 31 0, v0x55cef85ef560_0;  1 drivers
v0x55cef85ee8a0_0 .net "Bs", 31 0, L_0x55cef85efd50;  1 drivers
v0x55cef85ee970_0 .net "C", 0 0, L_0x55cef85efeb0;  1 drivers
v0x55cef85eea10_0 .net "Cin", 0 0, v0x55cef85ef620_0;  1 drivers
v0x55cef85eeb00_0 .net "Cout", 0 0, L_0x55cef8611b60;  alias, 1 drivers
v0x55cef85eeba0_0 .net "D", 0 0, v0x55cef85ef820_0;  1 drivers
v0x55cef85eec60_0 .net "S", 31 0, L_0x55cef86124e0;  alias, 1 drivers
v0x55cef85eed20_0 .net "Si", 0 0, v0x55cef85ef9b0_0;  1 drivers
v0x55cef85eee50_0 .net "So", 0 0, L_0x55cef86129b0;  alias, 1 drivers
v0x55cef85eef10_0 .net "V", 0 0, L_0x55cef8612420;  alias, 1 drivers
v0x55cef85eefd0_0 .net *"_ivl_1", 31 0, L_0x55cef85efc80;  1 drivers
v0x55cef85ef0b0_0 .net *"_ivl_10", 0 0, L_0x55cef8612940;  1 drivers
v0x55cef85ef190_0 .net *"_ivl_8", 0 0, L_0x55cef86128d0;  1 drivers
v0x55cef85ef270_0 .net "cinmsb", 0 0, L_0x55cef8612240;  1 drivers
L_0x55cef85efc80 .repeat 32, 32, v0x55cef85ef820_0;
S_0x55cef8573430 .scope module, "Adder" "thirtyTwoBitAdder" 3 13, 4 3 0, S_0x55cef8586640;
 .timescale 0 0;
    .port_info 0 /INPUT 32 "A";
    .port_info 1 /INPUT 32 "B";
    .port_info 2 /INPUT 1 "Cin";
    .port_info 3 /OUTPUT 32 "S";
    .port_info 4 /OUTPUT 1 "Cout";
    .port_info 5 /OUTPUT 1 "CinMSB";
v0x55cef85edf50_0 .net "A", 31 0, v0x55cef85ef480_0;  alias, 1 drivers
v0x55cef85ee050_0 .net "B", 31 0, L_0x55cef85efd50;  alias, 1 drivers
v0x55cef85ee130_0 .net "Cin", 0 0, L_0x55cef85efeb0;  alias, 1 drivers
v0x55cef85ee200_0 .net "CinMSB", 0 0, L_0x55cef8612240;  alias, 1 drivers
v0x55cef85ee2a0_0 .net "Cout", 0 0, L_0x55cef8611b60;  alias, 1 drivers
v0x55cef85ee3e0_0 .net "S", 31 0, L_0x55cef86124e0;  alias, 1 drivers
o0x7ff371d418a8 .functor BUFZ 1, c4<z>; HiZ drive
; Elide local net with no drivers, v0x55cef85ee480_0 name=_ivl_56
v0x55cef85ee560_0 .net "carry", 7 0, L_0x55cef8612ac0;  1 drivers
L_0x55cef85f46a0 .part v0x55cef85ef480_0, 0, 4;
L_0x55cef85f4740 .part L_0x55cef85efd50, 0, 4;
L_0x55cef85f8f40 .part v0x55cef85ef480_0, 4, 4;
L_0x55cef85f8fe0 .part L_0x55cef85efd50, 4, 4;
L_0x55cef85f9080 .part L_0x55cef8612ac0, 0, 1;
L_0x55cef85fd870 .part v0x55cef85ef480_0, 8, 4;
L_0x55cef85fd950 .part L_0x55cef85efd50, 8, 4;
L_0x55cef85fd9f0 .part L_0x55cef8612ac0, 1, 1;
L_0x55cef8601ee0 .part v0x55cef85ef480_0, 12, 4;
L_0x55cef8601f80 .part L_0x55cef85efd50, 12, 4;
L_0x55cef8602020 .part L_0x55cef8612ac0, 2, 1;
L_0x55cef8605f40 .part v0x55cef85ef480_0, 16, 4;
L_0x55cef8606050 .part L_0x55cef85efd50, 16, 4;
L_0x55cef86060f0 .part L_0x55cef8612ac0, 3, 1;
L_0x55cef8609ff0 .part v0x55cef85ef480_0, 20, 4;
L_0x55cef860a090 .part L_0x55cef85efd50, 20, 4;
L_0x55cef860a2d0 .part L_0x55cef8612ac0, 4, 1;
L_0x55cef860e290 .part v0x55cef85ef480_0, 24, 4;
L_0x55cef860e3d0 .part L_0x55cef85efd50, 24, 4;
L_0x55cef860e470 .part L_0x55cef8612ac0, 5, 1;
L_0x55cef86122e0 .part v0x55cef85ef480_0, 28, 4;
L_0x55cef8612380 .part L_0x55cef85efd50, 28, 4;
L_0x55cef860e510 .part L_0x55cef8612ac0, 6, 1;
LS_0x55cef86124e0_0_0 .concat8 [ 4 4 4 4], L_0x55cef85f4590, L_0x55cef85f8e30, L_0x55cef85fd760, L_0x55cef8601dd0;
LS_0x55cef86124e0_0_4 .concat8 [ 4 4 4 4], L_0x55cef8605e30, L_0x55cef8609ee0, L_0x55cef860e180, L_0x55cef86121d0;
L_0x55cef86124e0 .concat8 [ 16 16 0 0], LS_0x55cef86124e0_0_0, LS_0x55cef86124e0_0_4;
LS_0x55cef8612ac0_0_0 .concat [ 1 1 1 1], L_0x55cef85f42b0, L_0x55cef85f8b50, L_0x55cef85fd480, L_0x55cef8601600;
LS_0x55cef8612ac0_0_4 .concat [ 1 1 1 1], L_0x55cef8605770, L_0x55cef8609820, L_0x55cef860dac0, o0x7ff371d418a8;
L_0x55cef8612ac0 .concat [ 4 4 0 0], LS_0x55cef8612ac0_0_0, LS_0x55cef8612ac0_0_4;
S_0x55cef8560220 .scope generate, "generate_cla[0]" "generate_cla[0]" 4 9, 4 9 0, S_0x55cef8573430;
 .timescale 0 0;
P_0x55cef853a990 .param/l "i" 1 4 9, +C4<00>;
S_0x55cef854d010 .scope generate, "genblk1" "genblk1" 4 10, 4 10 0, S_0x55cef8560220;
 .timescale 0 0;
S_0x55cef85142d0 .scope module, "add" "fourBitAdder" 4 11, 5 3 0, S_0x55cef854d010;
 .timescale 0 0;
    .port_info 0 /INPUT 4 "A";
    .port_info 1 /INPUT 4 "B";
    .port_info 2 /INPUT 1 "Cin";
    .port_info 3 /OUTPUT 4 "S";
    .port_info 4 /OUTPUT 1 "Cout";
    .port_info 5 /OUTPUT 1 "CinMSB";
L_0x55cef85f4410 .functor AND 4, L_0x55cef85f46a0, L_0x55cef85f4740, C4<1111>, C4<1111>;
L_0x55cef85f4480 .functor XOR 4, L_0x55cef85f46a0, L_0x55cef85f4740, C4<0000>, C4<0000>;
L_0x55cef85f4590 .functor XOR 4, L_0x55cef85f4480, L_0x55cef85f0da0, C4<0000>, C4<0000>;
v0x55cef85ca530_0 .net "A", 3 0, L_0x55cef85f46a0;  1 drivers
v0x55cef85ca630_0 .net "B", 3 0, L_0x55cef85f4740;  1 drivers
v0x55cef85ca710_0 .net "C", 3 0, L_0x55cef85f0da0;  1 drivers
v0x55cef85ca7b0_0 .net "Cin", 0 0, L_0x55cef85efeb0;  alias, 1 drivers
v0x55cef85ca850_0 .net "CinMSB", 0 0, L_0x55cef85f4600;  1 drivers
v0x55cef85ca8f0_0 .net "Cout", 0 0, L_0x55cef85f42b0;  1 drivers
v0x55cef85ca990_0 .net "G", 3 0, L_0x55cef85f4410;  1 drivers
v0x55cef85caa30_0 .net "P", 3 0, L_0x55cef85f4480;  1 drivers
v0x55cef85cab00_0 .net "S", 3 0, L_0x55cef85f4590;  1 drivers
L_0x55cef85f4600 .part L_0x55cef85f0da0, 3, 1;
S_0x55cef8513e70 .scope module, "carryGen" "carryGen" 5 6, 6 3 0, S_0x55cef85142d0;
 .timescale 0 0;
    .port_info 0 /INPUT 4 "G";
    .port_info 1 /INPUT 4 "P";
    .port_info 2 /INPUT 1 "Cin";
    .port_info 3 /OUTPUT 4 "C";
    .port_info 4 /OUTPUT 1 "Cout";
L_0x55cef85effb0 .functor BUFZ 1, L_0x55cef85efeb0, C4<0>, C4<0>, C4<0>;
L_0x55cef85f0200 .functor AND 1, L_0x55cef85efeb0, L_0x55cef85f0110, C4<1>, C4<1>;
L_0x55cef85f02c0 .functor OR 1, L_0x55cef85f0020, L_0x55cef85f0200, C4<0>, C4<0>;
L_0x55cef85f0670 .functor AND 1, L_0x55cef85f0470, L_0x55cef85f05d0, C4<1>, C4<1>;
L_0x55cef85f0760 .functor OR 1, L_0x55cef85f03d0, L_0x55cef85f0670, C4<0>, C4<0>;
L_0x55cef85f09e0 .functor AND 1, L_0x55cef85efeb0, L_0x55cef85f0870, C4<1>, C4<1>;
L_0x55cef85f0b30 .functor AND 1, L_0x55cef85f09e0, L_0x55cef85f0a90, C4<1>, C4<1>;
L_0x55cef85f0c40 .functor OR 1, L_0x55cef85f0760, L_0x55cef85f0b30, C4<0>, C4<0>;
L_0x55cef85f1210 .functor AND 1, L_0x55cef85f1070, L_0x55cef85f1170, C4<1>, C4<1>;
L_0x55cef85f12d0 .functor OR 1, L_0x55cef85f0fd0, L_0x55cef85f1210, C4<0>, C4<0>;
L_0x55cef85f15f0 .functor AND 1, L_0x55cef85f1440, L_0x55cef85f1550, C4<1>, C4<1>;
L_0x55cef85f14e0 .functor AND 1, L_0x55cef85f15f0, L_0x55cef85f16b0, C4<1>, C4<1>;
L_0x55cef85f18e0 .functor OR 1, L_0x55cef85f12d0, L_0x55cef85f14e0, C4<0>, C4<0>;
L_0x55cef85f1a90 .functor AND 1, L_0x55cef85efeb0, L_0x55cef85f19f0, C4<1>, C4<1>;
L_0x55cef85f1870 .functor AND 1, L_0x55cef85f1a90, L_0x55cef85f1bd0, C4<1>, C4<1>;
L_0x55cef85f1e40 .functor AND 1, L_0x55cef85f1870, L_0x55cef85f1da0, C4<1>, C4<1>;
L_0x55cef85f1fe0 .functor OR 1, L_0x55cef85f18e0, L_0x55cef85f1e40, C4<0>, C4<0>;
L_0x55cef85f2580 .functor AND 1, L_0x55cef85f2390, L_0x55cef85f2430, C4<1>, C4<1>;
L_0x55cef85f2730 .functor OR 1, L_0x55cef85f2140, L_0x55cef85f2580, C4<0>, C4<0>;
L_0x55cef85f29a0 .functor AND 1, L_0x55cef85f22f0, L_0x55cef85f2840, C4<1>, C4<1>;
L_0x55cef85f2b60 .functor AND 1, L_0x55cef85f29a0, L_0x55cef85f2690, C4<1>, C4<1>;
L_0x55cef85f2c70 .functor OR 1, L_0x55cef85f2730, L_0x55cef85f2b60, C4<0>, C4<0>;
L_0x55cef85f3050 .functor AND 1, L_0x55cef85f2e40, L_0x55cef85f2fb0, C4<1>, C4<1>;
L_0x55cef85f32e0 .functor AND 1, L_0x55cef85f3050, L_0x55cef85f3160, C4<1>, C4<1>;
L_0x55cef85f3560 .functor AND 1, L_0x55cef85f32e0, L_0x55cef85f34c0, C4<1>, C4<1>;
L_0x55cef85f3670 .functor OR 1, L_0x55cef85f2c70, L_0x55cef85f3560, C4<0>, C4<0>;
L_0x55cef85f39f0 .functor AND 1, L_0x55cef85efeb0, L_0x55cef85f3860, C4<1>, C4<1>;
L_0x55cef85f3b50 .functor AND 1, L_0x55cef85f39f0, L_0x55cef85f3ab0, C4<1>, C4<1>;
L_0x55cef85f3ef0 .functor AND 1, L_0x55cef85f3b50, L_0x55cef85f3d50, C4<1>, C4<1>;
L_0x55cef85f40a0 .functor AND 1, L_0x55cef85f3ef0, L_0x55cef85f4000, C4<1>, C4<1>;
L_0x55cef85f42b0 .functor OR 1, L_0x55cef85f3670, L_0x55cef85f40a0, C4<0>, C4<0>;
v0x55cef8574140_0 .net "C", 3 0, L_0x55cef85f0da0;  alias, 1 drivers
v0x55cef8560f30_0 .net "Cin", 0 0, L_0x55cef85efeb0;  alias, 1 drivers
v0x55cef854dd20_0 .net "Cout", 0 0, L_0x55cef85f42b0;  alias, 1 drivers
v0x55cef853ab10_0 .net "G", 3 0, L_0x55cef85f4410;  alias, 1 drivers
v0x55cef8527750_0 .net "P", 3 0, L_0x55cef85f4480;  alias, 1 drivers
v0x55cef853a8a0_0 .net *"_ivl_10", 0 0, L_0x55cef85f0200;  1 drivers
v0x55cef8527440_0 .net *"_ivl_100", 0 0, L_0x55cef85f2fb0;  1 drivers
v0x55cef85c6bb0_0 .net *"_ivl_101", 0 0, L_0x55cef85f3050;  1 drivers
v0x55cef85c6c90_0 .net *"_ivl_104", 0 0, L_0x55cef85f3160;  1 drivers
v0x55cef85c6d70_0 .net *"_ivl_105", 0 0, L_0x55cef85f32e0;  1 drivers
v0x55cef85c6e50_0 .net *"_ivl_108", 0 0, L_0x55cef85f34c0;  1 drivers
v0x55cef85c6f30_0 .net *"_ivl_109", 0 0, L_0x55cef85f3560;  1 drivers
v0x55cef85c7010_0 .net *"_ivl_111", 0 0, L_0x55cef85f3670;  1 drivers
v0x55cef85c70f0_0 .net *"_ivl_114", 0 0, L_0x55cef85f3860;  1 drivers
v0x55cef85c71d0_0 .net *"_ivl_115", 0 0, L_0x55cef85f39f0;  1 drivers
v0x55cef85c72b0_0 .net *"_ivl_118", 0 0, L_0x55cef85f3ab0;  1 drivers
v0x55cef85c7390_0 .net *"_ivl_119", 0 0, L_0x55cef85f3b50;  1 drivers
v0x55cef85c7470_0 .net *"_ivl_12", 0 0, L_0x55cef85f02c0;  1 drivers
v0x55cef85c7550_0 .net *"_ivl_122", 0 0, L_0x55cef85f3d50;  1 drivers
v0x55cef85c7630_0 .net *"_ivl_123", 0 0, L_0x55cef85f3ef0;  1 drivers
v0x55cef85c7710_0 .net *"_ivl_126", 0 0, L_0x55cef85f4000;  1 drivers
v0x55cef85c77f0_0 .net *"_ivl_127", 0 0, L_0x55cef85f40a0;  1 drivers
v0x55cef85c78d0_0 .net *"_ivl_17", 0 0, L_0x55cef85f03d0;  1 drivers
v0x55cef85c79b0_0 .net *"_ivl_19", 0 0, L_0x55cef85f0470;  1 drivers
v0x55cef85c7a90_0 .net *"_ivl_21", 0 0, L_0x55cef85f05d0;  1 drivers
v0x55cef85c7b70_0 .net *"_ivl_22", 0 0, L_0x55cef85f0670;  1 drivers
v0x55cef85c7c50_0 .net *"_ivl_24", 0 0, L_0x55cef85f0760;  1 drivers
v0x55cef85c7d30_0 .net *"_ivl_27", 0 0, L_0x55cef85f0870;  1 drivers
v0x55cef85c7e10_0 .net *"_ivl_28", 0 0, L_0x55cef85f09e0;  1 drivers
v0x55cef85c7ef0_0 .net *"_ivl_3", 0 0, L_0x55cef85effb0;  1 drivers
v0x55cef85c7fd0_0 .net *"_ivl_31", 0 0, L_0x55cef85f0a90;  1 drivers
v0x55cef85c80b0_0 .net *"_ivl_32", 0 0, L_0x55cef85f0b30;  1 drivers
v0x55cef85c8190_0 .net *"_ivl_34", 0 0, L_0x55cef85f0c40;  1 drivers
v0x55cef85c8480_0 .net *"_ivl_40", 0 0, L_0x55cef85f0fd0;  1 drivers
v0x55cef85c8560_0 .net *"_ivl_42", 0 0, L_0x55cef85f1070;  1 drivers
v0x55cef85c8640_0 .net *"_ivl_44", 0 0, L_0x55cef85f1170;  1 drivers
v0x55cef85c8720_0 .net *"_ivl_45", 0 0, L_0x55cef85f1210;  1 drivers
v0x55cef85c8800_0 .net *"_ivl_47", 0 0, L_0x55cef85f12d0;  1 drivers
v0x55cef85c88e0_0 .net *"_ivl_50", 0 0, L_0x55cef85f1440;  1 drivers
v0x55cef85c89c0_0 .net *"_ivl_52", 0 0, L_0x55cef85f1550;  1 drivers
v0x55cef85c8aa0_0 .net *"_ivl_53", 0 0, L_0x55cef85f15f0;  1 drivers
v0x55cef85c8b80_0 .net *"_ivl_56", 0 0, L_0x55cef85f16b0;  1 drivers
v0x55cef85c8c60_0 .net *"_ivl_57", 0 0, L_0x55cef85f14e0;  1 drivers
v0x55cef85c8d40_0 .net *"_ivl_59", 0 0, L_0x55cef85f18e0;  1 drivers
v0x55cef85c8e20_0 .net *"_ivl_62", 0 0, L_0x55cef85f19f0;  1 drivers
v0x55cef85c8f00_0 .net *"_ivl_63", 0 0, L_0x55cef85f1a90;  1 drivers
v0x55cef85c8fe0_0 .net *"_ivl_66", 0 0, L_0x55cef85f1bd0;  1 drivers
v0x55cef85c90c0_0 .net *"_ivl_67", 0 0, L_0x55cef85f1870;  1 drivers
v0x55cef85c91a0_0 .net *"_ivl_7", 0 0, L_0x55cef85f0020;  1 drivers
v0x55cef85c9280_0 .net *"_ivl_70", 0 0, L_0x55cef85f1da0;  1 drivers
v0x55cef85c9360_0 .net *"_ivl_71", 0 0, L_0x55cef85f1e40;  1 drivers
v0x55cef85c9440_0 .net *"_ivl_73", 0 0, L_0x55cef85f1fe0;  1 drivers
v0x55cef85c9520_0 .net *"_ivl_76", 0 0, L_0x55cef85f2140;  1 drivers
v0x55cef85c9600_0 .net *"_ivl_78", 0 0, L_0x55cef85f2390;  1 drivers
v0x55cef85c96e0_0 .net *"_ivl_80", 0 0, L_0x55cef85f2430;  1 drivers
v0x55cef85c97c0_0 .net *"_ivl_81", 0 0, L_0x55cef85f2580;  1 drivers
v0x55cef85c98a0_0 .net *"_ivl_83", 0 0, L_0x55cef85f2730;  1 drivers
v0x55cef85c9980_0 .net *"_ivl_86", 0 0, L_0x55cef85f22f0;  1 drivers
v0x55cef85c9a60_0 .net *"_ivl_88", 0 0, L_0x55cef85f2840;  1 drivers
v0x55cef85c9b40_0 .net *"_ivl_89", 0 0, L_0x55cef85f29a0;  1 drivers
v0x55cef85c9c20_0 .net *"_ivl_9", 0 0, L_0x55cef85f0110;  1 drivers
v0x55cef85c9d00_0 .net *"_ivl_92", 0 0, L_0x55cef85f2690;  1 drivers
v0x55cef85c9de0_0 .net *"_ivl_93", 0 0, L_0x55cef85f2b60;  1 drivers
v0x55cef85c9ec0_0 .net *"_ivl_95", 0 0, L_0x55cef85f2c70;  1 drivers
v0x55cef85c9fa0_0 .net *"_ivl_98", 0 0, L_0x55cef85f2e40;  1 drivers
L_0x55cef85f0020 .part L_0x55cef85f4410, 0, 1;
L_0x55cef85f0110 .part L_0x55cef85f4480, 0, 1;
L_0x55cef85f03d0 .part L_0x55cef85f4410, 1, 1;
L_0x55cef85f0470 .part L_0x55cef85f4410, 0, 1;
L_0x55cef85f05d0 .part L_0x55cef85f4480, 1, 1;
L_0x55cef85f0870 .part L_0x55cef85f4480, 0, 1;
L_0x55cef85f0a90 .part L_0x55cef85f4480, 1, 1;
L_0x55cef85f0da0 .concat8 [ 1 1 1 1], L_0x55cef85effb0, L_0x55cef85f02c0, L_0x55cef85f0c40, L_0x55cef85f1fe0;
L_0x55cef85f0fd0 .part L_0x55cef85f4410, 2, 1;
L_0x55cef85f1070 .part L_0x55cef85f4410, 1, 1;
L_0x55cef85f1170 .part L_0x55cef85f4480, 2, 1;
L_0x55cef85f1440 .part L_0x55cef85f4410, 0, 1;
L_0x55cef85f1550 .part L_0x55cef85f4480, 1, 1;
L_0x55cef85f16b0 .part L_0x55cef85f4480, 2, 1;
L_0x55cef85f19f0 .part L_0x55cef85f4480, 0, 1;
L_0x55cef85f1bd0 .part L_0x55cef85f4480, 1, 1;
L_0x55cef85f1da0 .part L_0x55cef85f4480, 2, 1;
L_0x55cef85f2140 .part L_0x55cef85f4410, 3, 1;
L_0x55cef85f2390 .part L_0x55cef85f4410, 2, 1;
L_0x55cef85f2430 .part L_0x55cef85f4480, 3, 1;
L_0x55cef85f22f0 .part L_0x55cef85f4410, 1, 1;
L_0x55cef85f2840 .part L_0x55cef85f4480, 2, 1;
L_0x55cef85f2690 .part L_0x55cef85f4480, 3, 1;
L_0x55cef85f2e40 .part L_0x55cef85f4410, 0, 1;
L_0x55cef85f2fb0 .part L_0x55cef85f4480, 1, 1;
L_0x55cef85f3160 .part L_0x55cef85f4480, 2, 1;
L_0x55cef85f34c0 .part L_0x55cef85f4480, 3, 1;
L_0x55cef85f3860 .part L_0x55cef85f4480, 0, 1;
L_0x55cef85f3ab0 .part L_0x55cef85f4480, 1, 1;
L_0x55cef85f3d50 .part L_0x55cef85f4480, 2, 1;
L_0x55cef85f4000 .part L_0x55cef85f4480, 3, 1;
S_0x55cef85cac60 .scope generate, "generate_cla[1]" "generate_cla[1]" 4 9, 4 9 0, S_0x55cef8573430;
 .timescale 0 0;
P_0x55cef85cae30 .param/l "i" 1 4 9, +C4<01>;
S_0x55cef85caef0 .scope generate, "genblk1" "genblk1" 4 12, 4 12 0, S_0x55cef85cac60;
 .timescale 0 0;
S_0x55cef85cb0d0 .scope module, "add" "fourBitAdder" 4 15, 5 3 0, S_0x55cef85caef0;
 .timescale 0 0;
    .port_info 0 /INPUT 4 "A";
    .port_info 1 /INPUT 4 "B";
    .port_info 2 /INPUT 1 "Cin";
    .port_info 3 /OUTPUT 4 "S";
    .port_info 4 /OUTPUT 1 "Cout";
    .port_info 5 /OUTPUT 1 "CinMSB";
L_0x55cef85f8cb0 .functor AND 4, L_0x55cef85f8f40, L_0x55cef85f8fe0, C4<1111>, C4<1111>;
L_0x55cef85f8d20 .functor XOR 4, L_0x55cef85f8f40, L_0x55cef85f8fe0, C4<0000>, C4<0000>;
L_0x55cef85f8e30 .functor XOR 4, L_0x55cef85f8d20, L_0x55cef85f5430, C4<0000>, C4<0000>;
v0x55cef85cf4e0_0 .net "A", 3 0, L_0x55cef85f8f40;  1 drivers
v0x55cef85cf5e0_0 .net "B", 3 0, L_0x55cef85f8fe0;  1 drivers
v0x55cef85cf6c0_0 .net "C", 3 0, L_0x55cef85f5430;  1 drivers
v0x55cef85cf790_0 .net "Cin", 0 0, L_0x55cef85f9080;  1 drivers
v0x55cef85cf860_0 .net "CinMSB", 0 0, L_0x55cef85f8ea0;  1 drivers
v0x55cef85cf900_0 .net "Cout", 0 0, L_0x55cef85f8b50;  1 drivers
v0x55cef85cf9a0_0 .net "G", 3 0, L_0x55cef85f8cb0;  1 drivers
v0x55cef85cfa70_0 .net "P", 3 0, L_0x55cef85f8d20;  1 drivers
v0x55cef85cfb40_0 .net "S", 3 0, L_0x55cef85f8e30;  1 drivers
L_0x55cef85f8ea0 .part L_0x55cef85f5430, 3, 1;
S_0x55cef85cb3a0 .scope module, "carryGen" "carryGen" 5 6, 6 3 0, S_0x55cef85cb0d0;
 .timescale 0 0;
    .port_info 0 /INPUT 4 "G";
    .port_info 1 /INPUT 4 "P";
    .port_info 2 /INPUT 1 "Cin";
    .port_info 3 /OUTPUT 4 "C";
    .port_info 4 /OUTPUT 1 "Cout";
L_0x55cef85f47e0 .functor BUFZ 1, L_0x55cef85f9080, C4<0>, C4<0>, C4<0>;
L_0x55cef85f4a30 .functor AND 1, L_0x55cef85f9080, L_0x55cef85f4940, C4<1>, C4<1>;
L_0x55cef85f4af0 .functor OR 1, L_0x55cef85f4850, L_0x55cef85f4a30, C4<0>, C4<0>;
L_0x55cef85f4de0 .functor AND 1, L_0x55cef85f4ca0, L_0x55cef85f4d40, C4<1>, C4<1>;
L_0x55cef85f4ed0 .functor OR 1, L_0x55cef85f4c00, L_0x55cef85f4de0, C4<0>, C4<0>;
L_0x55cef85f50c0 .functor AND 1, L_0x55cef85f9080, L_0x55cef85f4fe0, C4<1>, C4<1>;
L_0x55cef85f5210 .functor AND 1, L_0x55cef85f50c0, L_0x55cef85f5170, C4<1>, C4<1>;
L_0x55cef85f52d0 .functor OR 1, L_0x55cef85f4ed0, L_0x55cef85f5210, C4<0>, C4<0>;
L_0x55cef85f58a0 .functor AND 1, L_0x55cef85f5700, L_0x55cef85f5800, C4<1>, C4<1>;
L_0x55cef85f5960 .functor OR 1, L_0x55cef85f5660, L_0x55cef85f58a0, C4<0>, C4<0>;
L_0x55cef85f5c80 .functor AND 1, L_0x55cef85f5ad0, L_0x55cef85f5be0, C4<1>, C4<1>;
L_0x55cef85f5b70 .functor AND 1, L_0x55cef85f5c80, L_0x55cef85f5d40, C4<1>, C4<1>;
L_0x55cef85f5f70 .functor OR 1, L_0x55cef85f5960, L_0x55cef85f5b70, C4<0>, C4<0>;
L_0x55cef85f6120 .functor AND 1, L_0x55cef85f9080, L_0x55cef85f6080, C4<1>, C4<1>;
L_0x55cef85f5f00 .functor AND 1, L_0x55cef85f6120, L_0x55cef85f6260, C4<1>, C4<1>;
L_0x55cef85f64d0 .functor AND 1, L_0x55cef85f5f00, L_0x55cef85f6430, C4<1>, C4<1>;
L_0x55cef85f6670 .functor OR 1, L_0x55cef85f5f70, L_0x55cef85f64d0, C4<0>, C4<0>;
L_0x55cef85f6c10 .functor AND 1, L_0x55cef85f6a20, L_0x55cef85f6ac0, C4<1>, C4<1>;
L_0x55cef85f6dc0 .functor OR 1, L_0x55cef85f67d0, L_0x55cef85f6c10, C4<0>, C4<0>;
L_0x55cef85f7030 .functor AND 1, L_0x55cef85f6980, L_0x55cef85f6ed0, C4<1>, C4<1>;
L_0x55cef85f71f0 .functor AND 1, L_0x55cef85f7030, L_0x55cef85f6d20, C4<1>, C4<1>;
L_0x55cef85f7300 .functor OR 1, L_0x55cef85f6dc0, L_0x55cef85f71f0, C4<0>, C4<0>;
L_0x55cef85f76e0 .functor AND 1, L_0x55cef85f74d0, L_0x55cef85f7640, C4<1>, C4<1>;
L_0x55cef85f7b80 .functor AND 1, L_0x55cef85f76e0, L_0x55cef85f77f0, C4<1>, C4<1>;
L_0x55cef85f7e00 .functor AND 1, L_0x55cef85f7b80, L_0x55cef85f7d60, C4<1>, C4<1>;
L_0x55cef85f7f10 .functor OR 1, L_0x55cef85f7300, L_0x55cef85f7e00, C4<0>, C4<0>;
L_0x55cef85f8290 .functor AND 1, L_0x55cef85f9080, L_0x55cef85f8100, C4<1>, C4<1>;
L_0x55cef85f83f0 .functor AND 1, L_0x55cef85f8290, L_0x55cef85f8350, C4<1>, C4<1>;
L_0x55cef85f8790 .functor AND 1, L_0x55cef85f83f0, L_0x55cef85f85f0, C4<1>, C4<1>;
L_0x55cef85f8940 .functor AND 1, L_0x55cef85f8790, L_0x55cef85f88a0, C4<1>, C4<1>;
L_0x55cef85f8b50 .functor OR 1, L_0x55cef85f7f10, L_0x55cef85f8940, C4<0>, C4<0>;
v0x55cef85cb680_0 .net "C", 3 0, L_0x55cef85f5430;  alias, 1 drivers
v0x55cef85cb780_0 .net "Cin", 0 0, L_0x55cef85f9080;  alias, 1 drivers
v0x55cef85cb840_0 .net "Cout", 0 0, L_0x55cef85f8b50;  alias, 1 drivers
v0x55cef85cb910_0 .net "G", 3 0, L_0x55cef85f8cb0;  alias, 1 drivers
v0x55cef85cb9f0_0 .net "P", 3 0, L_0x55cef85f8d20;  alias, 1 drivers
v0x55cef85cbb20_0 .net *"_ivl_10", 0 0, L_0x55cef85f4a30;  1 drivers
v0x55cef85cbc00_0 .net *"_ivl_100", 0 0, L_0x55cef85f7640;  1 drivers
v0x55cef85cbce0_0 .net *"_ivl_101", 0 0, L_0x55cef85f76e0;  1 drivers
v0x55cef85cbdc0_0 .net *"_ivl_104", 0 0, L_0x55cef85f77f0;  1 drivers
v0x55cef85cbf30_0 .net *"_ivl_105", 0 0, L_0x55cef85f7b80;  1 drivers
v0x55cef85cc010_0 .net *"_ivl_108", 0 0, L_0x55cef85f7d60;  1 drivers
v0x55cef85cc0f0_0 .net *"_ivl_109", 0 0, L_0x55cef85f7e00;  1 drivers
v0x55cef85cc1d0_0 .net *"_ivl_111", 0 0, L_0x55cef85f7f10;  1 drivers
v0x55cef85cc2b0_0 .net *"_ivl_114", 0 0, L_0x55cef85f8100;  1 drivers
v0x55cef85cc390_0 .net *"_ivl_115", 0 0, L_0x55cef85f8290;  1 drivers
v0x55cef85cc470_0 .net *"_ivl_118", 0 0, L_0x55cef85f8350;  1 drivers
v0x55cef85cc550_0 .net *"_ivl_119", 0 0, L_0x55cef85f83f0;  1 drivers
v0x55cef85cc630_0 .net *"_ivl_12", 0 0, L_0x55cef85f4af0;  1 drivers
v0x55cef85cc710_0 .net *"_ivl_122", 0 0, L_0x55cef85f85f0;  1 drivers
v0x55cef85cc7f0_0 .net *"_ivl_123", 0 0, L_0x55cef85f8790;  1 drivers
v0x55cef85cc8d0_0 .net *"_ivl_126", 0 0, L_0x55cef85f88a0;  1 drivers
v0x55cef85cc9b0_0 .net *"_ivl_127", 0 0, L_0x55cef85f8940;  1 drivers
v0x55cef85cca90_0 .net *"_ivl_17", 0 0, L_0x55cef85f4c00;  1 drivers
v0x55cef85ccb70_0 .net *"_ivl_19", 0 0, L_0x55cef85f4ca0;  1 drivers
v0x55cef85ccc50_0 .net *"_ivl_21", 0 0, L_0x55cef85f4d40;  1 drivers
v0x55cef85ccd30_0 .net *"_ivl_22", 0 0, L_0x55cef85f4de0;  1 drivers
v0x55cef85cce10_0 .net *"_ivl_24", 0 0, L_0x55cef85f4ed0;  1 drivers
v0x55cef85ccef0_0 .net *"_ivl_27", 0 0, L_0x55cef85f4fe0;  1 drivers
v0x55cef85ccfd0_0 .net *"_ivl_28", 0 0, L_0x55cef85f50c0;  1 drivers
v0x55cef85cd0b0_0 .net *"_ivl_3", 0 0, L_0x55cef85f47e0;  1 drivers
v0x55cef85cd190_0 .net *"_ivl_31", 0 0, L_0x55cef85f5170;  1 drivers
v0x55cef85cd270_0 .net *"_ivl_32", 0 0, L_0x55cef85f5210;  1 drivers
v0x55cef85cd350_0 .net *"_ivl_34", 0 0, L_0x55cef85f52d0;  1 drivers
v0x55cef85cd430_0 .net *"_ivl_40", 0 0, L_0x55cef85f5660;  1 drivers
v0x55cef85cd510_0 .net *"_ivl_42", 0 0, L_0x55cef85f5700;  1 drivers
v0x55cef85cd5f0_0 .net *"_ivl_44", 0 0, L_0x55cef85f5800;  1 drivers
v0x55cef85cd6d0_0 .net *"_ivl_45", 0 0, L_0x55cef85f58a0;  1 drivers
v0x55cef85cd7b0_0 .net *"_ivl_47", 0 0, L_0x55cef85f5960;  1 drivers
v0x55cef85cd890_0 .net *"_ivl_50", 0 0, L_0x55cef85f5ad0;  1 drivers
v0x55cef85cd970_0 .net *"_ivl_52", 0 0, L_0x55cef85f5be0;  1 drivers
v0x55cef85cda50_0 .net *"_ivl_53", 0 0, L_0x55cef85f5c80;  1 drivers
v0x55cef85cdb30_0 .net *"_ivl_56", 0 0, L_0x55cef85f5d40;  1 drivers
v0x55cef85cdc10_0 .net *"_ivl_57", 0 0, L_0x55cef85f5b70;  1 drivers
v0x55cef85cdcf0_0 .net *"_ivl_59", 0 0, L_0x55cef85f5f70;  1 drivers
v0x55cef85cddd0_0 .net *"_ivl_62", 0 0, L_0x55cef85f6080;  1 drivers
v0x55cef85cdeb0_0 .net *"_ivl_63", 0 0, L_0x55cef85f6120;  1 drivers
v0x55cef85cdf90_0 .net *"_ivl_66", 0 0, L_0x55cef85f6260;  1 drivers
v0x55cef85ce070_0 .net *"_ivl_67", 0 0, L_0x55cef85f5f00;  1 drivers
v0x55cef85ce150_0 .net *"_ivl_7", 0 0, L_0x55cef85f4850;  1 drivers
v0x55cef85ce230_0 .net *"_ivl_70", 0 0, L_0x55cef85f6430;  1 drivers
v0x55cef85ce310_0 .net *"_ivl_71", 0 0, L_0x55cef85f64d0;  1 drivers
v0x55cef85ce3f0_0 .net *"_ivl_73", 0 0, L_0x55cef85f6670;  1 drivers
v0x55cef85ce4d0_0 .net *"_ivl_76", 0 0, L_0x55cef85f67d0;  1 drivers
v0x55cef85ce5b0_0 .net *"_ivl_78", 0 0, L_0x55cef85f6a20;  1 drivers
v0x55cef85ce690_0 .net *"_ivl_80", 0 0, L_0x55cef85f6ac0;  1 drivers
v0x55cef85ce770_0 .net *"_ivl_81", 0 0, L_0x55cef85f6c10;  1 drivers
v0x55cef85ce850_0 .net *"_ivl_83", 0 0, L_0x55cef85f6dc0;  1 drivers
v0x55cef85ce930_0 .net *"_ivl_86", 0 0, L_0x55cef85f6980;  1 drivers
v0x55cef85cea10_0 .net *"_ivl_88", 0 0, L_0x55cef85f6ed0;  1 drivers
v0x55cef85ceaf0_0 .net *"_ivl_89", 0 0, L_0x55cef85f7030;  1 drivers
v0x55cef85cebd0_0 .net *"_ivl_9", 0 0, L_0x55cef85f4940;  1 drivers
v0x55cef85cecb0_0 .net *"_ivl_92", 0 0, L_0x55cef85f6d20;  1 drivers
v0x55cef85ced90_0 .net *"_ivl_93", 0 0, L_0x55cef85f71f0;  1 drivers
v0x55cef85cee70_0 .net *"_ivl_95", 0 0, L_0x55cef85f7300;  1 drivers
v0x55cef85cef50_0 .net *"_ivl_98", 0 0, L_0x55cef85f74d0;  1 drivers
L_0x55cef85f4850 .part L_0x55cef85f8cb0, 0, 1;
L_0x55cef85f4940 .part L_0x55cef85f8d20, 0, 1;
L_0x55cef85f4c00 .part L_0x55cef85f8cb0, 1, 1;
L_0x55cef85f4ca0 .part L_0x55cef85f8cb0, 0, 1;
L_0x55cef85f4d40 .part L_0x55cef85f8d20, 1, 1;
L_0x55cef85f4fe0 .part L_0x55cef85f8d20, 0, 1;
L_0x55cef85f5170 .part L_0x55cef85f8d20, 1, 1;
L_0x55cef85f5430 .concat8 [ 1 1 1 1], L_0x55cef85f47e0, L_0x55cef85f4af0, L_0x55cef85f52d0, L_0x55cef85f6670;
L_0x55cef85f5660 .part L_0x55cef85f8cb0, 2, 1;
L_0x55cef85f5700 .part L_0x55cef85f8cb0, 1, 1;
L_0x55cef85f5800 .part L_0x55cef85f8d20, 2, 1;
L_0x55cef85f5ad0 .part L_0x55cef85f8cb0, 0, 1;
L_0x55cef85f5be0 .part L_0x55cef85f8d20, 1, 1;
L_0x55cef85f5d40 .part L_0x55cef85f8d20, 2, 1;
L_0x55cef85f6080 .part L_0x55cef85f8d20, 0, 1;
L_0x55cef85f6260 .part L_0x55cef85f8d20, 1, 1;
L_0x55cef85f6430 .part L_0x55cef85f8d20, 2, 1;
L_0x55cef85f67d0 .part L_0x55cef85f8cb0, 3, 1;
L_0x55cef85f6a20 .part L_0x55cef85f8cb0, 2, 1;
L_0x55cef85f6ac0 .part L_0x55cef85f8d20, 3, 1;
L_0x55cef85f6980 .part L_0x55cef85f8cb0, 1, 1;
L_0x55cef85f6ed0 .part L_0x55cef85f8d20, 2, 1;
L_0x55cef85f6d20 .part L_0x55cef85f8d20, 3, 1;
L_0x55cef85f74d0 .part L_0x55cef85f8cb0, 0, 1;
L_0x55cef85f7640 .part L_0x55cef85f8d20, 1, 1;
L_0x55cef85f77f0 .part L_0x55cef85f8d20, 2, 1;
L_0x55cef85f7d60 .part L_0x55cef85f8d20, 3, 1;
L_0x55cef85f8100 .part L_0x55cef85f8d20, 0, 1;
L_0x55cef85f8350 .part L_0x55cef85f8d20, 1, 1;
L_0x55cef85f85f0 .part L_0x55cef85f8d20, 2, 1;
L_0x55cef85f88a0 .part L_0x55cef85f8d20, 3, 1;
S_0x55cef85cfca0 .scope generate, "generate_cla[2]" "generate_cla[2]" 4 9, 4 9 0, S_0x55cef8573430;
 .timescale 0 0;
P_0x55cef85cfe80 .param/l "i" 1 4 9, +C4<010>;
S_0x55cef85cff40 .scope generate, "genblk1" "genblk1" 4 12, 4 12 0, S_0x55cef85cfca0;
 .timescale 0 0;
S_0x55cef85d0120 .scope module, "add" "fourBitAdder" 4 15, 5 3 0, S_0x55cef85cff40;
 .timescale 0 0;
    .port_info 0 /INPUT 4 "A";
    .port_info 1 /INPUT 4 "B";
    .port_info 2 /INPUT 1 "Cin";
    .port_info 3 /OUTPUT 4 "S";
    .port_info 4 /OUTPUT 1 "Cout";
    .port_info 5 /OUTPUT 1 "CinMSB";
L_0x55cef85fd5e0 .functor AND 4, L_0x55cef85fd870, L_0x55cef85fd950, C4<1111>, C4<1111>;
L_0x55cef85fd650 .functor XOR 4, L_0x55cef85fd870, L_0x55cef85fd950, C4<0000>, C4<0000>;
L_0x55cef85fd760 .functor XOR 4, L_0x55cef85fd650, L_0x55cef85f9d60, C4<0000>, C4<0000>;
v0x55cef85d4530_0 .net "A", 3 0, L_0x55cef85fd870;  1 drivers
v0x55cef85d4630_0 .net "B", 3 0, L_0x55cef85fd950;  1 drivers
v0x55cef85d4710_0 .net "C", 3 0, L_0x55cef85f9d60;  1 drivers
v0x55cef85d47e0_0 .net "Cin", 0 0, L_0x55cef85fd9f0;  1 drivers
v0x55cef85d48b0_0 .net "CinMSB", 0 0, L_0x55cef85fd7d0;  1 drivers
v0x55cef85d4950_0 .net "Cout", 0 0, L_0x55cef85fd480;  1 drivers
v0x55cef85d49f0_0 .net "G", 3 0, L_0x55cef85fd5e0;  1 drivers
v0x55cef85d4ac0_0 .net "P", 3 0, L_0x55cef85fd650;  1 drivers
v0x55cef85d4b90_0 .net "S", 3 0, L_0x55cef85fd760;  1 drivers
L_0x55cef85fd7d0 .part L_0x55cef85f9d60, 3, 1;
S_0x55cef85d03f0 .scope module, "carryGen" "carryGen" 5 6, 6 3 0, S_0x55cef85d0120;
 .timescale 0 0;
    .port_info 0 /INPUT 4 "G";
    .port_info 1 /INPUT 4 "P";
    .port_info 2 /INPUT 1 "Cin";
    .port_info 3 /OUTPUT 4 "C";
    .port_info 4 /OUTPUT 1 "Cout";
L_0x55cef85f9120 .functor BUFZ 1, L_0x55cef85fd9f0, C4<0>, C4<0>, C4<0>;
L_0x55cef85f92d0 .functor AND 1, L_0x55cef85fd9f0, L_0x55cef85f9230, C4<1>, C4<1>;
L_0x55cef85f9390 .functor OR 1, L_0x55cef85f9190, L_0x55cef85f92d0, C4<0>, C4<0>;
L_0x55cef85f9680 .functor AND 1, L_0x55cef85f9540, L_0x55cef85f95e0, C4<1>, C4<1>;
L_0x55cef85f9770 .functor OR 1, L_0x55cef85f94a0, L_0x55cef85f9680, C4<0>, C4<0>;
L_0x55cef85f9960 .functor AND 1, L_0x55cef85fd9f0, L_0x55cef85f9880, C4<1>, C4<1>;
L_0x55cef85f9b40 .functor AND 1, L_0x55cef85f9960, L_0x55cef85f9aa0, C4<1>, C4<1>;
L_0x55cef85f9c00 .functor OR 1, L_0x55cef85f9770, L_0x55cef85f9b40, C4<0>, C4<0>;
L_0x55cef85fa1d0 .functor AND 1, L_0x55cef85fa030, L_0x55cef85fa130, C4<1>, C4<1>;
L_0x55cef85fa290 .functor OR 1, L_0x55cef85f9f90, L_0x55cef85fa1d0, C4<0>, C4<0>;
L_0x55cef85fa5b0 .functor AND 1, L_0x55cef85fa400, L_0x55cef85fa510, C4<1>, C4<1>;
L_0x55cef85fa4a0 .functor AND 1, L_0x55cef85fa5b0, L_0x55cef85fa670, C4<1>, C4<1>;
L_0x55cef85fa8a0 .functor OR 1, L_0x55cef85fa290, L_0x55cef85fa4a0, C4<0>, C4<0>;
L_0x55cef85faa50 .functor AND 1, L_0x55cef85fd9f0, L_0x55cef85fa9b0, C4<1>, C4<1>;
L_0x55cef85fa830 .functor AND 1, L_0x55cef85faa50, L_0x55cef85fab90, C4<1>, C4<1>;
L_0x55cef85fae00 .functor AND 1, L_0x55cef85fa830, L_0x55cef85fad60, C4<1>, C4<1>;
L_0x55cef85fafa0 .functor OR 1, L_0x55cef85fa8a0, L_0x55cef85fae00, C4<0>, C4<0>;
L_0x55cef85fb540 .functor AND 1, L_0x55cef85fb350, L_0x55cef85fb3f0, C4<1>, C4<1>;
L_0x55cef85fb6f0 .functor OR 1, L_0x55cef85fb100, L_0x55cef85fb540, C4<0>, C4<0>;
L_0x55cef85fb960 .functor AND 1, L_0x55cef85fb2b0, L_0x55cef85fb800, C4<1>, C4<1>;
L_0x55cef85fbb20 .functor AND 1, L_0x55cef85fb960, L_0x55cef85fb650, C4<1>, C4<1>;
L_0x55cef85fbc30 .functor OR 1, L_0x55cef85fb6f0, L_0x55cef85fbb20, C4<0>, C4<0>;
L_0x55cef85fc010 .functor AND 1, L_0x55cef85fbe00, L_0x55cef85fbf70, C4<1>, C4<1>;
L_0x55cef85fc4b0 .functor AND 1, L_0x55cef85fc010, L_0x55cef85fc120, C4<1>, C4<1>;
L_0x55cef85fc730 .functor AND 1, L_0x55cef85fc4b0, L_0x55cef85fc690, C4<1>, C4<1>;
L_0x55cef85fc840 .functor OR 1, L_0x55cef85fbc30, L_0x55cef85fc730, C4<0>, C4<0>;
L_0x55cef85fcbc0 .functor AND 1, L_0x55cef85fd9f0, L_0x55cef85fca30, C4<1>, C4<1>;
L_0x55cef85fcd20 .functor AND 1, L_0x55cef85fcbc0, L_0x55cef85fcc80, C4<1>, C4<1>;
L_0x55cef85fd0c0 .functor AND 1, L_0x55cef85fcd20, L_0x55cef85fcf20, C4<1>, C4<1>;
L_0x55cef85fd270 .functor AND 1, L_0x55cef85fd0c0, L_0x55cef85fd1d0, C4<1>, C4<1>;
L_0x55cef85fd480 .functor OR 1, L_0x55cef85fc840, L_0x55cef85fd270, C4<0>, C4<0>;
v0x55cef85d06d0_0 .net "C", 3 0, L_0x55cef85f9d60;  alias, 1 drivers
v0x55cef85d07d0_0 .net "Cin", 0 0, L_0x55cef85fd9f0;  alias, 1 drivers
v0x55cef85d0890_0 .net "Cout", 0 0, L_0x55cef85fd480;  alias, 1 drivers
v0x55cef85d0960_0 .net "G", 3 0, L_0x55cef85fd5e0;  alias, 1 drivers
v0x55cef85d0a40_0 .net "P", 3 0, L_0x55cef85fd650;  alias, 1 drivers
v0x55cef85d0b70_0 .net *"_ivl_10", 0 0, L_0x55cef85f92d0;  1 drivers
v0x55cef85d0c50_0 .net *"_ivl_100", 0 0, L_0x55cef85fbf70;  1 drivers
v0x55cef85d0d30_0 .net *"_ivl_101", 0 0, L_0x55cef85fc010;  1 drivers
v0x55cef85d0e10_0 .net *"_ivl_104", 0 0, L_0x55cef85fc120;  1 drivers
v0x55cef85d0f80_0 .net *"_ivl_105", 0 0, L_0x55cef85fc4b0;  1 drivers
v0x55cef85d1060_0 .net *"_ivl_108", 0 0, L_0x55cef85fc690;  1 drivers
v0x55cef85d1140_0 .net *"_ivl_109", 0 0, L_0x55cef85fc730;  1 drivers
v0x55cef85d1220_0 .net *"_ivl_111", 0 0, L_0x55cef85fc840;  1 drivers
v0x55cef85d1300_0 .net *"_ivl_114", 0 0, L_0x55cef85fca30;  1 drivers
v0x55cef85d13e0_0 .net *"_ivl_115", 0 0, L_0x55cef85fcbc0;  1 drivers
v0x55cef85d14c0_0 .net *"_ivl_118", 0 0, L_0x55cef85fcc80;  1 drivers
v0x55cef85d15a0_0 .net *"_ivl_119", 0 0, L_0x55cef85fcd20;  1 drivers
v0x55cef85d1680_0 .net *"_ivl_12", 0 0, L_0x55cef85f9390;  1 drivers
v0x55cef85d1760_0 .net *"_ivl_122", 0 0, L_0x55cef85fcf20;  1 drivers
v0x55cef85d1840_0 .net *"_ivl_123", 0 0, L_0x55cef85fd0c0;  1 drivers
v0x55cef85d1920_0 .net *"_ivl_126", 0 0, L_0x55cef85fd1d0;  1 drivers
v0x55cef85d1a00_0 .net *"_ivl_127", 0 0, L_0x55cef85fd270;  1 drivers
v0x55cef85d1ae0_0 .net *"_ivl_17", 0 0, L_0x55cef85f94a0;  1 drivers
v0x55cef85d1bc0_0 .net *"_ivl_19", 0 0, L_0x55cef85f9540;  1 drivers
v0x55cef85d1ca0_0 .net *"_ivl_21", 0 0, L_0x55cef85f95e0;  1 drivers
v0x55cef85d1d80_0 .net *"_ivl_22", 0 0, L_0x55cef85f9680;  1 drivers
v0x55cef85d1e60_0 .net *"_ivl_24", 0 0, L_0x55cef85f9770;  1 drivers
v0x55cef85d1f40_0 .net *"_ivl_27", 0 0, L_0x55cef85f9880;  1 drivers
v0x55cef85d2020_0 .net *"_ivl_28", 0 0, L_0x55cef85f9960;  1 drivers
v0x55cef85d2100_0 .net *"_ivl_3", 0 0, L_0x55cef85f9120;  1 drivers
v0x55cef85d21e0_0 .net *"_ivl_31", 0 0, L_0x55cef85f9aa0;  1 drivers
v0x55cef85d22c0_0 .net *"_ivl_32", 0 0, L_0x55cef85f9b40;  1 drivers
v0x55cef85d23a0_0 .net *"_ivl_34", 0 0, L_0x55cef85f9c00;  1 drivers
v0x55cef85d2480_0 .net *"_ivl_40", 0 0, L_0x55cef85f9f90;  1 drivers
v0x55cef85d2560_0 .net *"_ivl_42", 0 0, L_0x55cef85fa030;  1 drivers
v0x55cef85d2640_0 .net *"_ivl_44", 0 0, L_0x55cef85fa130;  1 drivers
v0x55cef85d2720_0 .net *"_ivl_45", 0 0, L_0x55cef85fa1d0;  1 drivers
v0x55cef85d2800_0 .net *"_ivl_47", 0 0, L_0x55cef85fa290;  1 drivers
v0x55cef85d28e0_0 .net *"_ivl_50", 0 0, L_0x55cef85fa400;  1 drivers
v0x55cef85d29c0_0 .net *"_ivl_52", 0 0, L_0x55cef85fa510;  1 drivers
v0x55cef85d2aa0_0 .net *"_ivl_53", 0 0, L_0x55cef85fa5b0;  1 drivers
v0x55cef85d2b80_0 .net *"_ivl_56", 0 0, L_0x55cef85fa670;  1 drivers
v0x55cef85d2c60_0 .net *"_ivl_57", 0 0, L_0x55cef85fa4a0;  1 drivers
v0x55cef85d2d40_0 .net *"_ivl_59", 0 0, L_0x55cef85fa8a0;  1 drivers
v0x55cef85d2e20_0 .net *"_ivl_62", 0 0, L_0x55cef85fa9b0;  1 drivers
v0x55cef85d2f00_0 .net *"_ivl_63", 0 0, L_0x55cef85faa50;  1 drivers
v0x55cef85d2fe0_0 .net *"_ivl_66", 0 0, L_0x55cef85fab90;  1 drivers
v0x55cef85d30c0_0 .net *"_ivl_67", 0 0, L_0x55cef85fa830;  1 drivers
v0x55cef85d31a0_0 .net *"_ivl_7", 0 0, L_0x55cef85f9190;  1 drivers
v0x55cef85d3280_0 .net *"_ivl_70", 0 0, L_0x55cef85fad60;  1 drivers
v0x55cef85d3360_0 .net *"_ivl_71", 0 0, L_0x55cef85fae00;  1 drivers
v0x55cef85d3440_0 .net *"_ivl_73", 0 0, L_0x55cef85fafa0;  1 drivers
v0x55cef85d3520_0 .net *"_ivl_76", 0 0, L_0x55cef85fb100;  1 drivers
v0x55cef85d3600_0 .net *"_ivl_78", 0 0, L_0x55cef85fb350;  1 drivers
v0x55cef85d36e0_0 .net *"_ivl_80", 0 0, L_0x55cef85fb3f0;  1 drivers
v0x55cef85d37c0_0 .net *"_ivl_81", 0 0, L_0x55cef85fb540;  1 drivers
v0x55cef85d38a0_0 .net *"_ivl_83", 0 0, L_0x55cef85fb6f0;  1 drivers
v0x55cef85d3980_0 .net *"_ivl_86", 0 0, L_0x55cef85fb2b0;  1 drivers
v0x55cef85d3a60_0 .net *"_ivl_88", 0 0, L_0x55cef85fb800;  1 drivers
v0x55cef85d3b40_0 .net *"_ivl_89", 0 0, L_0x55cef85fb960;  1 drivers
v0x55cef85d3c20_0 .net *"_ivl_9", 0 0, L_0x55cef85f9230;  1 drivers
v0x55cef85d3d00_0 .net *"_ivl_92", 0 0, L_0x55cef85fb650;  1 drivers
v0x55cef85d3de0_0 .net *"_ivl_93", 0 0, L_0x55cef85fbb20;  1 drivers
v0x55cef85d3ec0_0 .net *"_ivl_95", 0 0, L_0x55cef85fbc30;  1 drivers
v0x55cef85d3fa0_0 .net *"_ivl_98", 0 0, L_0x55cef85fbe00;  1 drivers
L_0x55cef85f9190 .part L_0x55cef85fd5e0, 0, 1;
L_0x55cef85f9230 .part L_0x55cef85fd650, 0, 1;
L_0x55cef85f94a0 .part L_0x55cef85fd5e0, 1, 1;
L_0x55cef85f9540 .part L_0x55cef85fd5e0, 0, 1;
L_0x55cef85f95e0 .part L_0x55cef85fd650, 1, 1;
L_0x55cef85f9880 .part L_0x55cef85fd650, 0, 1;
L_0x55cef85f9aa0 .part L_0x55cef85fd650, 1, 1;
L_0x55cef85f9d60 .concat8 [ 1 1 1 1], L_0x55cef85f9120, L_0x55cef85f9390, L_0x55cef85f9c00, L_0x55cef85fafa0;
L_0x55cef85f9f90 .part L_0x55cef85fd5e0, 2, 1;
L_0x55cef85fa030 .part L_0x55cef85fd5e0, 1, 1;
L_0x55cef85fa130 .part L_0x55cef85fd650, 2, 1;
L_0x55cef85fa400 .part L_0x55cef85fd5e0, 0, 1;
L_0x55cef85fa510 .part L_0x55cef85fd650, 1, 1;
L_0x55cef85fa670 .part L_0x55cef85fd650, 2, 1;
L_0x55cef85fa9b0 .part L_0x55cef85fd650, 0, 1;
L_0x55cef85fab90 .part L_0x55cef85fd650, 1, 1;
L_0x55cef85fad60 .part L_0x55cef85fd650, 2, 1;
L_0x55cef85fb100 .part L_0x55cef85fd5e0, 3, 1;
L_0x55cef85fb350 .part L_0x55cef85fd5e0, 2, 1;
L_0x55cef85fb3f0 .part L_0x55cef85fd650, 3, 1;
L_0x55cef85fb2b0 .part L_0x55cef85fd5e0, 1, 1;
L_0x55cef85fb800 .part L_0x55cef85fd650, 2, 1;
L_0x55cef85fb650 .part L_0x55cef85fd650, 3, 1;
L_0x55cef85fbe00 .part L_0x55cef85fd5e0, 0, 1;
L_0x55cef85fbf70 .part L_0x55cef85fd650, 1, 1;
L_0x55cef85fc120 .part L_0x55cef85fd650, 2, 1;
L_0x55cef85fc690 .part L_0x55cef85fd650, 3, 1;
L_0x55cef85fca30 .part L_0x55cef85fd650, 0, 1;
L_0x55cef85fcc80 .part L_0x55cef85fd650, 1, 1;
L_0x55cef85fcf20 .part L_0x55cef85fd650, 2, 1;
L_0x55cef85fd1d0 .part L_0x55cef85fd650, 3, 1;
S_0x55cef85d4cf0 .scope generate, "generate_cla[3]" "generate_cla[3]" 4 9, 4 9 0, S_0x55cef8573430;
 .timescale 0 0;
P_0x55cef85d4ea0 .param/l "i" 1 4 9, +C4<011>;
S_0x55cef85d4f80 .scope generate, "genblk1" "genblk1" 4 12, 4 12 0, S_0x55cef85d4cf0;
 .timescale 0 0;
S_0x55cef85d5160 .scope module, "add" "fourBitAdder" 4 15, 5 3 0, S_0x55cef85d4f80;
 .timescale 0 0;
    .port_info 0 /INPUT 4 "A";
    .port_info 1 /INPUT 4 "B";
    .port_info 2 /INPUT 1 "Cin";
    .port_info 3 /OUTPUT 4 "S";
    .port_info 4 /OUTPUT 1 "Cout";
    .port_info 5 /OUTPUT 1 "CinMSB";
L_0x55cef8601c50 .functor AND 4, L_0x55cef8601ee0, L_0x55cef8601f80, C4<1111>, C4<1111>;
L_0x55cef8601cc0 .functor XOR 4, L_0x55cef8601ee0, L_0x55cef8601f80, C4<0000>, C4<0000>;
L_0x55cef8601dd0 .functor XOR 4, L_0x55cef8601cc0, L_0x55cef85fe710, C4<0000>, C4<0000>;
v0x55cef85d9570_0 .net "A", 3 0, L_0x55cef8601ee0;  1 drivers
v0x55cef85d9670_0 .net "B", 3 0, L_0x55cef8601f80;  1 drivers
v0x55cef85d9750_0 .net "C", 3 0, L_0x55cef85fe710;  1 drivers
v0x55cef85d9820_0 .net "Cin", 0 0, L_0x55cef8602020;  1 drivers
v0x55cef85d98f0_0 .net "CinMSB", 0 0, L_0x55cef8601e40;  1 drivers
v0x55cef85d9990_0 .net "Cout", 0 0, L_0x55cef8601600;  1 drivers
v0x55cef85d9a30_0 .net "G", 3 0, L_0x55cef8601c50;  1 drivers
v0x55cef85d9b00_0 .net "P", 3 0, L_0x55cef8601cc0;  1 drivers
v0x55cef85d9bd0_0 .net "S", 3 0, L_0x55cef8601dd0;  1 drivers
L_0x55cef8601e40 .part L_0x55cef85fe710, 3, 1;
S_0x55cef85d5430 .scope module, "carryGen" "carryGen" 5 6, 6 3 0, S_0x55cef85d5160;
 .timescale 0 0;
    .port_info 0 /INPUT 4 "G";
    .port_info 1 /INPUT 4 "P";
    .port_info 2 /INPUT 1 "Cin";
    .port_info 3 /OUTPUT 4 "C";
    .port_info 4 /OUTPUT 1 "Cout";
L_0x55cef85fdae0 .functor BUFZ 1, L_0x55cef8602020, C4<0>, C4<0>, C4<0>;
L_0x55cef85fdd80 .functor AND 1, L_0x55cef8602020, L_0x55cef85fdc90, C4<1>, C4<1>;
L_0x55cef85fde40 .functor OR 1, L_0x55cef85fdba0, L_0x55cef85fdd80, C4<0>, C4<0>;
L_0x55cef85fe130 .functor AND 1, L_0x55cef85fdff0, L_0x55cef85fe090, C4<1>, C4<1>;
L_0x55cef85fe1f0 .functor OR 1, L_0x55cef85fdf50, L_0x55cef85fe130, C4<0>, C4<0>;
L_0x55cef85fe3a0 .functor AND 1, L_0x55cef8602020, L_0x55cef85fe300, C4<1>, C4<1>;
L_0x55cef85fe4f0 .functor AND 1, L_0x55cef85fe3a0, L_0x55cef85fe450, C4<1>, C4<1>;
L_0x55cef85fe5b0 .functor OR 1, L_0x55cef85fe1f0, L_0x55cef85fe4f0, C4<0>, C4<0>;
L_0x55cef85feb80 .functor AND 1, L_0x55cef85fe9e0, L_0x55cef85feae0, C4<1>, C4<1>;
L_0x55cef85fec40 .functor OR 1, L_0x55cef85fe940, L_0x55cef85feb80, C4<0>, C4<0>;
L_0x55cef85fef60 .functor AND 1, L_0x55cef85fedb0, L_0x55cef85feec0, C4<1>, C4<1>;
L_0x55cef85fee50 .functor AND 1, L_0x55cef85fef60, L_0x55cef85ff020, C4<1>, C4<1>;
L_0x55cef85ff250 .functor OR 1, L_0x55cef85fec40, L_0x55cef85fee50, C4<0>, C4<0>;
L_0x55cef85ff400 .functor AND 1, L_0x55cef8602020, L_0x55cef85ff360, C4<1>, C4<1>;
L_0x55cef85ff1e0 .functor AND 1, L_0x55cef85ff400, L_0x55cef85ff540, C4<1>, C4<1>;
L_0x55cef85ff7b0 .functor AND 1, L_0x55cef85ff1e0, L_0x55cef85ff710, C4<1>, C4<1>;
L_0x55cef85ff950 .functor OR 1, L_0x55cef85ff250, L_0x55cef85ff7b0, C4<0>, C4<0>;
L_0x55cef85ffef0 .functor AND 1, L_0x55cef85ffd00, L_0x55cef85ffda0, C4<1>, C4<1>;
L_0x55cef86000a0 .functor OR 1, L_0x55cef85ffab0, L_0x55cef85ffef0, C4<0>, C4<0>;
L_0x55cef8600310 .functor AND 1, L_0x55cef85ffc60, L_0x55cef86001b0, C4<1>, C4<1>;
L_0x55cef86004d0 .functor AND 1, L_0x55cef8600310, L_0x55cef8600000, C4<1>, C4<1>;
L_0x55cef86005e0 .functor OR 1, L_0x55cef86000a0, L_0x55cef86004d0, C4<0>, C4<0>;
L_0x55cef8600920 .functor AND 1, L_0x55cef8600420, L_0x55cef8600880, C4<1>, C4<1>;
L_0x55cef8600dc0 .functor AND 1, L_0x55cef8600920, L_0x55cef8600a30, C4<1>, C4<1>;
L_0x55cef8600fa0 .functor AND 1, L_0x55cef8600dc0, L_0x55cef86006f0, C4<1>, C4<1>;
L_0x55cef86010b0 .functor OR 1, L_0x55cef86005e0, L_0x55cef8600fa0, C4<0>, C4<0>;
L_0x55cef8601390 .functor AND 1, L_0x55cef8602020, L_0x55cef8600ed0, C4<1>, C4<1>;
L_0x55cef86014f0 .functor AND 1, L_0x55cef8601390, L_0x55cef8601450, C4<1>, C4<1>;
L_0x55cef86017f0 .functor AND 1, L_0x55cef86014f0, L_0x55cef86011c0, C4<1>, C4<1>;
L_0x55cef86019a0 .functor AND 1, L_0x55cef86017f0, L_0x55cef8601900, C4<1>, C4<1>;
L_0x55cef8601600 .functor OR 1, L_0x55cef86010b0, L_0x55cef86019a0, C4<0>, C4<0>;
v0x55cef85d5710_0 .net "C", 3 0, L_0x55cef85fe710;  alias, 1 drivers
v0x55cef85d5810_0 .net "Cin", 0 0, L_0x55cef8602020;  alias, 1 drivers
v0x55cef85d58d0_0 .net "Cout", 0 0, L_0x55cef8601600;  alias, 1 drivers
v0x55cef85d59a0_0 .net "G", 3 0, L_0x55cef8601c50;  alias, 1 drivers
v0x55cef85d5a80_0 .net "P", 3 0, L_0x55cef8601cc0;  alias, 1 drivers
v0x55cef85d5bb0_0 .net *"_ivl_10", 0 0, L_0x55cef85fdd80;  1 drivers
v0x55cef85d5c90_0 .net *"_ivl_100", 0 0, L_0x55cef8600880;  1 drivers
v0x55cef85d5d70_0 .net *"_ivl_101", 0 0, L_0x55cef8600920;  1 drivers
v0x55cef85d5e50_0 .net *"_ivl_104", 0 0, L_0x55cef8600a30;  1 drivers
v0x55cef85d5fc0_0 .net *"_ivl_105", 0 0, L_0x55cef8600dc0;  1 drivers
v0x55cef85d60a0_0 .net *"_ivl_108", 0 0, L_0x55cef86006f0;  1 drivers
v0x55cef85d6180_0 .net *"_ivl_109", 0 0, L_0x55cef8600fa0;  1 drivers
v0x55cef85d6260_0 .net *"_ivl_111", 0 0, L_0x55cef86010b0;  1 drivers
v0x55cef85d6340_0 .net *"_ivl_114", 0 0, L_0x55cef8600ed0;  1 drivers
v0x55cef85d6420_0 .net *"_ivl_115", 0 0, L_0x55cef8601390;  1 drivers
v0x55cef85d6500_0 .net *"_ivl_118", 0 0, L_0x55cef8601450;  1 drivers
v0x55cef85d65e0_0 .net *"_ivl_119", 0 0, L_0x55cef86014f0;  1 drivers
v0x55cef85d66c0_0 .net *"_ivl_12", 0 0, L_0x55cef85fde40;  1 drivers
v0x55cef85d67a0_0 .net *"_ivl_122", 0 0, L_0x55cef86011c0;  1 drivers
v0x55cef85d6880_0 .net *"_ivl_123", 0 0, L_0x55cef86017f0;  1 drivers
v0x55cef85d6960_0 .net *"_ivl_126", 0 0, L_0x55cef8601900;  1 drivers
v0x55cef85d6a40_0 .net *"_ivl_127", 0 0, L_0x55cef86019a0;  1 drivers
v0x55cef85d6b20_0 .net *"_ivl_17", 0 0, L_0x55cef85fdf50;  1 drivers
v0x55cef85d6c00_0 .net *"_ivl_19", 0 0, L_0x55cef85fdff0;  1 drivers
v0x55cef85d6ce0_0 .net *"_ivl_21", 0 0, L_0x55cef85fe090;  1 drivers
v0x55cef85d6dc0_0 .net *"_ivl_22", 0 0, L_0x55cef85fe130;  1 drivers
v0x55cef85d6ea0_0 .net *"_ivl_24", 0 0, L_0x55cef85fe1f0;  1 drivers
v0x55cef85d6f80_0 .net *"_ivl_27", 0 0, L_0x55cef85fe300;  1 drivers
v0x55cef85d7060_0 .net *"_ivl_28", 0 0, L_0x55cef85fe3a0;  1 drivers
v0x55cef85d7140_0 .net *"_ivl_3", 0 0, L_0x55cef85fdae0;  1 drivers
v0x55cef85d7220_0 .net *"_ivl_31", 0 0, L_0x55cef85fe450;  1 drivers
v0x55cef85d7300_0 .net *"_ivl_32", 0 0, L_0x55cef85fe4f0;  1 drivers
v0x55cef85d73e0_0 .net *"_ivl_34", 0 0, L_0x55cef85fe5b0;  1 drivers
v0x55cef85d74c0_0 .net *"_ivl_40", 0 0, L_0x55cef85fe940;  1 drivers
v0x55cef85d75a0_0 .net *"_ivl_42", 0 0, L_0x55cef85fe9e0;  1 drivers
v0x55cef85d7680_0 .net *"_ivl_44", 0 0, L_0x55cef85feae0;  1 drivers
v0x55cef85d7760_0 .net *"_ivl_45", 0 0, L_0x55cef85feb80;  1 drivers
v0x55cef85d7840_0 .net *"_ivl_47", 0 0, L_0x55cef85fec40;  1 drivers
v0x55cef85d7920_0 .net *"_ivl_50", 0 0, L_0x55cef85fedb0;  1 drivers
v0x55cef85d7a00_0 .net *"_ivl_52", 0 0, L_0x55cef85feec0;  1 drivers
v0x55cef85d7ae0_0 .net *"_ivl_53", 0 0, L_0x55cef85fef60;  1 drivers
v0x55cef85d7bc0_0 .net *"_ivl_56", 0 0, L_0x55cef85ff020;  1 drivers
v0x55cef85d7ca0_0 .net *"_ivl_57", 0 0, L_0x55cef85fee50;  1 drivers
v0x55cef85d7d80_0 .net *"_ivl_59", 0 0, L_0x55cef85ff250;  1 drivers
v0x55cef85d7e60_0 .net *"_ivl_62", 0 0, L_0x55cef85ff360;  1 drivers
v0x55cef85d7f40_0 .net *"_ivl_63", 0 0, L_0x55cef85ff400;  1 drivers
v0x55cef85d8020_0 .net *"_ivl_66", 0 0, L_0x55cef85ff540;  1 drivers
v0x55cef85d8100_0 .net *"_ivl_67", 0 0, L_0x55cef85ff1e0;  1 drivers
v0x55cef85d81e0_0 .net *"_ivl_7", 0 0, L_0x55cef85fdba0;  1 drivers
v0x55cef85d82c0_0 .net *"_ivl_70", 0 0, L_0x55cef85ff710;  1 drivers
v0x55cef85d83a0_0 .net *"_ivl_71", 0 0, L_0x55cef85ff7b0;  1 drivers
v0x55cef85d8480_0 .net *"_ivl_73", 0 0, L_0x55cef85ff950;  1 drivers
v0x55cef85d8560_0 .net *"_ivl_76", 0 0, L_0x55cef85ffab0;  1 drivers
v0x55cef85d8640_0 .net *"_ivl_78", 0 0, L_0x55cef85ffd00;  1 drivers
v0x55cef85d8720_0 .net *"_ivl_80", 0 0, L_0x55cef85ffda0;  1 drivers
v0x55cef85d8800_0 .net *"_ivl_81", 0 0, L_0x55cef85ffef0;  1 drivers
v0x55cef85d88e0_0 .net *"_ivl_83", 0 0, L_0x55cef86000a0;  1 drivers
v0x55cef85d89c0_0 .net *"_ivl_86", 0 0, L_0x55cef85ffc60;  1 drivers
v0x55cef85d8aa0_0 .net *"_ivl_88", 0 0, L_0x55cef86001b0;  1 drivers
v0x55cef85d8b80_0 .net *"_ivl_89", 0 0, L_0x55cef8600310;  1 drivers
v0x55cef85d8c60_0 .net *"_ivl_9", 0 0, L_0x55cef85fdc90;  1 drivers
v0x55cef85d8d40_0 .net *"_ivl_92", 0 0, L_0x55cef8600000;  1 drivers
v0x55cef85d8e20_0 .net *"_ivl_93", 0 0, L_0x55cef86004d0;  1 drivers
v0x55cef85d8f00_0 .net *"_ivl_95", 0 0, L_0x55cef86005e0;  1 drivers
v0x55cef85d8fe0_0 .net *"_ivl_98", 0 0, L_0x55cef8600420;  1 drivers
L_0x55cef85fdba0 .part L_0x55cef8601c50, 0, 1;
L_0x55cef85fdc90 .part L_0x55cef8601cc0, 0, 1;
L_0x55cef85fdf50 .part L_0x55cef8601c50, 1, 1;
L_0x55cef85fdff0 .part L_0x55cef8601c50, 0, 1;
L_0x55cef85fe090 .part L_0x55cef8601cc0, 1, 1;
L_0x55cef85fe300 .part L_0x55cef8601cc0, 0, 1;
L_0x55cef85fe450 .part L_0x55cef8601cc0, 1, 1;
L_0x55cef85fe710 .concat8 [ 1 1 1 1], L_0x55cef85fdae0, L_0x55cef85fde40, L_0x55cef85fe5b0, L_0x55cef85ff950;
L_0x55cef85fe940 .part L_0x55cef8601c50, 2, 1;
L_0x55cef85fe9e0 .part L_0x55cef8601c50, 1, 1;
L_0x55cef85feae0 .part L_0x55cef8601cc0, 2, 1;
L_0x55cef85fedb0 .part L_0x55cef8601c50, 0, 1;
L_0x55cef85feec0 .part L_0x55cef8601cc0, 1, 1;
L_0x55cef85ff020 .part L_0x55cef8601cc0, 2, 1;
L_0x55cef85ff360 .part L_0x55cef8601cc0, 0, 1;
L_0x55cef85ff540 .part L_0x55cef8601cc0, 1, 1;
L_0x55cef85ff710 .part L_0x55cef8601cc0, 2, 1;
L_0x55cef85ffab0 .part L_0x55cef8601c50, 3, 1;
L_0x55cef85ffd00 .part L_0x55cef8601c50, 2, 1;
L_0x55cef85ffda0 .part L_0x55cef8601cc0, 3, 1;
L_0x55cef85ffc60 .part L_0x55cef8601c50, 1, 1;
L_0x55cef86001b0 .part L_0x55cef8601cc0, 2, 1;
L_0x55cef8600000 .part L_0x55cef8601cc0, 3, 1;
L_0x55cef8600420 .part L_0x55cef8601c50, 0, 1;
L_0x55cef8600880 .part L_0x55cef8601cc0, 1, 1;
L_0x55cef8600a30 .part L_0x55cef8601cc0, 2, 1;
L_0x55cef86006f0 .part L_0x55cef8601cc0, 3, 1;
L_0x55cef8600ed0 .part L_0x55cef8601cc0, 0, 1;
L_0x55cef8601450 .part L_0x55cef8601cc0, 1, 1;
L_0x55cef86011c0 .part L_0x55cef8601cc0, 2, 1;
L_0x55cef8601900 .part L_0x55cef8601cc0, 3, 1;
S_0x55cef85d9d30 .scope generate, "generate_cla[4]" "generate_cla[4]" 4 9, 4 9 0, S_0x55cef8573430;
 .timescale 0 0;
P_0x55cef85d9f30 .param/l "i" 1 4 9, +C4<0100>;
S_0x55cef85da010 .scope generate, "genblk1" "genblk1" 4 12, 4 12 0, S_0x55cef85d9d30;
 .timescale 0 0;
S_0x55cef85da1f0 .scope module, "add" "fourBitAdder" 4 15, 5 3 0, S_0x55cef85da010;
 .timescale 0 0;
    .port_info 0 /INPUT 4 "A";
    .port_info 1 /INPUT 4 "B";
    .port_info 2 /INPUT 1 "Cin";
    .port_info 3 /OUTPUT 4 "S";
    .port_info 4 /OUTPUT 1 "Cout";
    .port_info 5 /OUTPUT 1 "CinMSB";
L_0x55cef8605cb0 .functor AND 4, L_0x55cef8605f40, L_0x55cef8606050, C4<1111>, C4<1111>;
L_0x55cef8605d20 .functor XOR 4, L_0x55cef8605f40, L_0x55cef8606050, C4<0000>, C4<0000>;
L_0x55cef8605e30 .functor XOR 4, L_0x55cef8605d20, L_0x55cef8602c10, C4<0000>, C4<0000>;
v0x55cef85de5d0_0 .net "A", 3 0, L_0x55cef8605f40;  1 drivers
v0x55cef85de6d0_0 .net "B", 3 0, L_0x55cef8606050;  1 drivers
v0x55cef85de7b0_0 .net "C", 3 0, L_0x55cef8602c10;  1 drivers
v0x55cef85de880_0 .net "Cin", 0 0, L_0x55cef86060f0;  1 drivers
v0x55cef85de950_0 .net "CinMSB", 0 0, L_0x55cef8605ea0;  1 drivers
v0x55cef85de9f0_0 .net "Cout", 0 0, L_0x55cef8605770;  1 drivers
v0x55cef85dea90_0 .net "G", 3 0, L_0x55cef8605cb0;  1 drivers
v0x55cef85deb60_0 .net "P", 3 0, L_0x55cef8605d20;  1 drivers
v0x55cef85dec30_0 .net "S", 3 0, L_0x55cef8605e30;  1 drivers
L_0x55cef8605ea0 .part L_0x55cef8602c10, 3, 1;
S_0x55cef85da4c0 .scope module, "carryGen" "carryGen" 5 6, 6 3 0, S_0x55cef85da1f0;
 .timescale 0 0;
    .port_info 0 /INPUT 4 "G";
    .port_info 1 /INPUT 4 "P";
    .port_info 2 /INPUT 1 "Cin";
    .port_info 3 /OUTPUT 4 "C";
    .port_info 4 /OUTPUT 1 "Cout";
L_0x55cef86020c0 .functor BUFZ 1, L_0x55cef86060f0, C4<0>, C4<0>, C4<0>;
L_0x55cef86022c0 .functor AND 1, L_0x55cef86060f0, L_0x55cef86021d0, C4<1>, C4<1>;
L_0x55cef8602380 .functor OR 1, L_0x55cef8602130, L_0x55cef86022c0, C4<0>, C4<0>;
L_0x55cef8602670 .functor AND 1, L_0x55cef8602530, L_0x55cef86025d0, C4<1>, C4<1>;
L_0x55cef8602730 .functor OR 1, L_0x55cef8602490, L_0x55cef8602670, C4<0>, C4<0>;
L_0x55cef86028e0 .functor AND 1, L_0x55cef86060f0, L_0x55cef8602840, C4<1>, C4<1>;
L_0x55cef86029f0 .functor AND 1, L_0x55cef86028e0, L_0x55cef8602950, C4<1>, C4<1>;
L_0x55cef8602ab0 .functor OR 1, L_0x55cef8602730, L_0x55cef86029f0, C4<0>, C4<0>;
L_0x55cef8603080 .functor AND 1, L_0x55cef8602ee0, L_0x55cef8602fe0, C4<1>, C4<1>;
L_0x55cef8603140 .functor OR 1, L_0x55cef8602e40, L_0x55cef8603080, C4<0>, C4<0>;
L_0x55cef8603460 .functor AND 1, L_0x55cef86032b0, L_0x55cef86033c0, C4<1>, C4<1>;
L_0x55cef8603350 .functor AND 1, L_0x55cef8603460, L_0x55cef8603520, C4<1>, C4<1>;
L_0x55cef86036d0 .functor OR 1, L_0x55cef8603140, L_0x55cef8603350, C4<0>, C4<0>;
L_0x55cef8603880 .functor AND 1, L_0x55cef86060f0, L_0x55cef86037e0, C4<1>, C4<1>;
L_0x55cef8603660 .functor AND 1, L_0x55cef8603880, L_0x55cef8603940, C4<1>, C4<1>;
L_0x55cef8603bb0 .functor AND 1, L_0x55cef8603660, L_0x55cef8603b10, C4<1>, C4<1>;
L_0x55cef8603d50 .functor OR 1, L_0x55cef86036d0, L_0x55cef8603bb0, C4<0>, C4<0>;
L_0x55cef86042f0 .functor AND 1, L_0x55cef8604100, L_0x55cef86041a0, C4<1>, C4<1>;
L_0x55cef86044a0 .functor OR 1, L_0x55cef8603eb0, L_0x55cef86042f0, C4<0>, C4<0>;
L_0x55cef8604240 .functor AND 1, L_0x55cef8604060, L_0x55cef86045b0, C4<1>, C4<1>;
L_0x55cef8604860 .functor AND 1, L_0x55cef8604240, L_0x55cef8604400, C4<1>, C4<1>;
L_0x55cef8604970 .functor OR 1, L_0x55cef86044a0, L_0x55cef8604860, C4<0>, C4<0>;
L_0x55cef8604c10 .functor AND 1, L_0x55cef86047b0, L_0x55cef8604650, C4<1>, C4<1>;
L_0x55cef8604b40 .functor AND 1, L_0x55cef8604c10, L_0x55cef8604d20, C4<1>, C4<1>;
L_0x55cef86051d0 .functor AND 1, L_0x55cef8604b40, L_0x55cef8604a80, C4<1>, C4<1>;
L_0x55cef86052e0 .functor OR 1, L_0x55cef8604970, L_0x55cef86051d0, C4<0>, C4<0>;
L_0x55cef8604fd0 .functor AND 1, L_0x55cef86060f0, L_0x55cef8605100, C4<1>, C4<1>;
L_0x55cef8605660 .functor AND 1, L_0x55cef8604fd0, L_0x55cef86055c0, C4<1>, C4<1>;
L_0x55cef8605490 .functor AND 1, L_0x55cef8605660, L_0x55cef86053f0, C4<1>, C4<1>;
L_0x55cef8605a00 .functor AND 1, L_0x55cef8605490, L_0x55cef8605960, C4<1>, C4<1>;
L_0x55cef8605770 .functor OR 1, L_0x55cef86052e0, L_0x55cef8605a00, C4<0>, C4<0>;
v0x55cef85da770_0 .net "C", 3 0, L_0x55cef8602c10;  alias, 1 drivers
v0x55cef85da870_0 .net "Cin", 0 0, L_0x55cef86060f0;  alias, 1 drivers
v0x55cef85da930_0 .net "Cout", 0 0, L_0x55cef8605770;  alias, 1 drivers
v0x55cef85daa00_0 .net "G", 3 0, L_0x55cef8605cb0;  alias, 1 drivers
v0x55cef85daae0_0 .net "P", 3 0, L_0x55cef8605d20;  alias, 1 drivers
v0x55cef85dac10_0 .net *"_ivl_10", 0 0, L_0x55cef86022c0;  1 drivers
v0x55cef85dacf0_0 .net *"_ivl_100", 0 0, L_0x55cef8604650;  1 drivers
v0x55cef85dadd0_0 .net *"_ivl_101", 0 0, L_0x55cef8604c10;  1 drivers
v0x55cef85daeb0_0 .net *"_ivl_104", 0 0, L_0x55cef8604d20;  1 drivers
v0x55cef85db020_0 .net *"_ivl_105", 0 0, L_0x55cef8604b40;  1 drivers
v0x55cef85db100_0 .net *"_ivl_108", 0 0, L_0x55cef8604a80;  1 drivers
v0x55cef85db1e0_0 .net *"_ivl_109", 0 0, L_0x55cef86051d0;  1 drivers
v0x55cef85db2c0_0 .net *"_ivl_111", 0 0, L_0x55cef86052e0;  1 drivers
v0x55cef85db3a0_0 .net *"_ivl_114", 0 0, L_0x55cef8605100;  1 drivers
v0x55cef85db480_0 .net *"_ivl_115", 0 0, L_0x55cef8604fd0;  1 drivers
v0x55cef85db560_0 .net *"_ivl_118", 0 0, L_0x55cef86055c0;  1 drivers
v0x55cef85db640_0 .net *"_ivl_119", 0 0, L_0x55cef8605660;  1 drivers
v0x55cef85db720_0 .net *"_ivl_12", 0 0, L_0x55cef8602380;  1 drivers
v0x55cef85db800_0 .net *"_ivl_122", 0 0, L_0x55cef86053f0;  1 drivers
v0x55cef85db8e0_0 .net *"_ivl_123", 0 0, L_0x55cef8605490;  1 drivers
v0x55cef85db9c0_0 .net *"_ivl_126", 0 0, L_0x55cef8605960;  1 drivers
v0x55cef85dbaa0_0 .net *"_ivl_127", 0 0, L_0x55cef8605a00;  1 drivers
v0x55cef85dbb80_0 .net *"_ivl_17", 0 0, L_0x55cef8602490;  1 drivers
v0x55cef85dbc60_0 .net *"_ivl_19", 0 0, L_0x55cef8602530;  1 drivers
v0x55cef85dbd40_0 .net *"_ivl_21", 0 0, L_0x55cef86025d0;  1 drivers
v0x55cef85dbe20_0 .net *"_ivl_22", 0 0, L_0x55cef8602670;  1 drivers
v0x55cef85dbf00_0 .net *"_ivl_24", 0 0, L_0x55cef8602730;  1 drivers
v0x55cef85dbfe0_0 .net *"_ivl_27", 0 0, L_0x55cef8602840;  1 drivers
v0x55cef85dc0c0_0 .net *"_ivl_28", 0 0, L_0x55cef86028e0;  1 drivers
v0x55cef85dc1a0_0 .net *"_ivl_3", 0 0, L_0x55cef86020c0;  1 drivers
v0x55cef85dc280_0 .net *"_ivl_31", 0 0, L_0x55cef8602950;  1 drivers
v0x55cef85dc360_0 .net *"_ivl_32", 0 0, L_0x55cef86029f0;  1 drivers
v0x55cef85dc440_0 .net *"_ivl_34", 0 0, L_0x55cef8602ab0;  1 drivers
v0x55cef85dc520_0 .net *"_ivl_40", 0 0, L_0x55cef8602e40;  1 drivers
v0x55cef85dc600_0 .net *"_ivl_42", 0 0, L_0x55cef8602ee0;  1 drivers
v0x55cef85dc6e0_0 .net *"_ivl_44", 0 0, L_0x55cef8602fe0;  1 drivers
v0x55cef85dc7c0_0 .net *"_ivl_45", 0 0, L_0x55cef8603080;  1 drivers
v0x55cef85dc8a0_0 .net *"_ivl_47", 0 0, L_0x55cef8603140;  1 drivers
v0x55cef85dc980_0 .net *"_ivl_50", 0 0, L_0x55cef86032b0;  1 drivers
v0x55cef85dca60_0 .net *"_ivl_52", 0 0, L_0x55cef86033c0;  1 drivers
v0x55cef85dcb40_0 .net *"_ivl_53", 0 0, L_0x55cef8603460;  1 drivers
v0x55cef85dcc20_0 .net *"_ivl_56", 0 0, L_0x55cef8603520;  1 drivers
v0x55cef85dcd00_0 .net *"_ivl_57", 0 0, L_0x55cef8603350;  1 drivers
v0x55cef85dcde0_0 .net *"_ivl_59", 0 0, L_0x55cef86036d0;  1 drivers
v0x55cef85dcec0_0 .net *"_ivl_62", 0 0, L_0x55cef86037e0;  1 drivers
v0x55cef85dcfa0_0 .net *"_ivl_63", 0 0, L_0x55cef8603880;  1 drivers
v0x55cef85dd080_0 .net *"_ivl_66", 0 0, L_0x55cef8603940;  1 drivers
v0x55cef85dd160_0 .net *"_ivl_67", 0 0, L_0x55cef8603660;  1 drivers
v0x55cef85dd240_0 .net *"_ivl_7", 0 0, L_0x55cef8602130;  1 drivers
v0x55cef85dd320_0 .net *"_ivl_70", 0 0, L_0x55cef8603b10;  1 drivers
v0x55cef85dd400_0 .net *"_ivl_71", 0 0, L_0x55cef8603bb0;  1 drivers
v0x55cef85dd4e0_0 .net *"_ivl_73", 0 0, L_0x55cef8603d50;  1 drivers
v0x55cef85dd5c0_0 .net *"_ivl_76", 0 0, L_0x55cef8603eb0;  1 drivers
v0x55cef85dd6a0_0 .net *"_ivl_78", 0 0, L_0x55cef8604100;  1 drivers
v0x55cef85dd780_0 .net *"_ivl_80", 0 0, L_0x55cef86041a0;  1 drivers
v0x55cef85dd860_0 .net *"_ivl_81", 0 0, L_0x55cef86042f0;  1 drivers
v0x55cef85dd940_0 .net *"_ivl_83", 0 0, L_0x55cef86044a0;  1 drivers
v0x55cef85dda20_0 .net *"_ivl_86", 0 0, L_0x55cef8604060;  1 drivers
v0x55cef85ddb00_0 .net *"_ivl_88", 0 0, L_0x55cef86045b0;  1 drivers
v0x55cef85ddbe0_0 .net *"_ivl_89", 0 0, L_0x55cef8604240;  1 drivers
v0x55cef85ddcc0_0 .net *"_ivl_9", 0 0, L_0x55cef86021d0;  1 drivers
v0x55cef85ddda0_0 .net *"_ivl_92", 0 0, L_0x55cef8604400;  1 drivers
v0x55cef85dde80_0 .net *"_ivl_93", 0 0, L_0x55cef8604860;  1 drivers
v0x55cef85ddf60_0 .net *"_ivl_95", 0 0, L_0x55cef8604970;  1 drivers
v0x55cef85de040_0 .net *"_ivl_98", 0 0, L_0x55cef86047b0;  1 drivers
L_0x55cef8602130 .part L_0x55cef8605cb0, 0, 1;
L_0x55cef86021d0 .part L_0x55cef8605d20, 0, 1;
L_0x55cef8602490 .part L_0x55cef8605cb0, 1, 1;
L_0x55cef8602530 .part L_0x55cef8605cb0, 0, 1;
L_0x55cef86025d0 .part L_0x55cef8605d20, 1, 1;
L_0x55cef8602840 .part L_0x55cef8605d20, 0, 1;
L_0x55cef8602950 .part L_0x55cef8605d20, 1, 1;
L_0x55cef8602c10 .concat8 [ 1 1 1 1], L_0x55cef86020c0, L_0x55cef8602380, L_0x55cef8602ab0, L_0x55cef8603d50;
L_0x55cef8602e40 .part L_0x55cef8605cb0, 2, 1;
L_0x55cef8602ee0 .part L_0x55cef8605cb0, 1, 1;
L_0x55cef8602fe0 .part L_0x55cef8605d20, 2, 1;
L_0x55cef86032b0 .part L_0x55cef8605cb0, 0, 1;
L_0x55cef86033c0 .part L_0x55cef8605d20, 1, 1;
L_0x55cef8603520 .part L_0x55cef8605d20, 2, 1;
L_0x55cef86037e0 .part L_0x55cef8605d20, 0, 1;
L_0x55cef8603940 .part L_0x55cef8605d20, 1, 1;
L_0x55cef8603b10 .part L_0x55cef8605d20, 2, 1;
L_0x55cef8603eb0 .part L_0x55cef8605cb0, 3, 1;
L_0x55cef8604100 .part L_0x55cef8605cb0, 2, 1;
L_0x55cef86041a0 .part L_0x55cef8605d20, 3, 1;
L_0x55cef8604060 .part L_0x55cef8605cb0, 1, 1;
L_0x55cef86045b0 .part L_0x55cef8605d20, 2, 1;
L_0x55cef8604400 .part L_0x55cef8605d20, 3, 1;
L_0x55cef86047b0 .part L_0x55cef8605cb0, 0, 1;
L_0x55cef8604650 .part L_0x55cef8605d20, 1, 1;
L_0x55cef8604d20 .part L_0x55cef8605d20, 2, 1;
L_0x55cef8604a80 .part L_0x55cef8605d20, 3, 1;
L_0x55cef8605100 .part L_0x55cef8605d20, 0, 1;
L_0x55cef86055c0 .part L_0x55cef8605d20, 1, 1;
L_0x55cef86053f0 .part L_0x55cef8605d20, 2, 1;
L_0x55cef8605960 .part L_0x55cef8605d20, 3, 1;
S_0x55cef85dedd0 .scope generate, "generate_cla[5]" "generate_cla[5]" 4 9, 4 9 0, S_0x55cef8573430;
 .timescale 0 0;
P_0x55cef85def80 .param/l "i" 1 4 9, +C4<0101>;
S_0x55cef85df060 .scope generate, "genblk1" "genblk1" 4 12, 4 12 0, S_0x55cef85dedd0;
 .timescale 0 0;
S_0x55cef85df240 .scope module, "add" "fourBitAdder" 4 15, 5 3 0, S_0x55cef85df060;
 .timescale 0 0;
    .port_info 0 /INPUT 4 "A";
    .port_info 1 /INPUT 4 "B";
    .port_info 2 /INPUT 1 "Cin";
    .port_info 3 /OUTPUT 4 "S";
    .port_info 4 /OUTPUT 1 "Cout";
    .port_info 5 /OUTPUT 1 "CinMSB";
L_0x55cef8609d60 .functor AND 4, L_0x55cef8609ff0, L_0x55cef860a090, C4<1111>, C4<1111>;
L_0x55cef8609dd0 .functor XOR 4, L_0x55cef8609ff0, L_0x55cef860a090, C4<0000>, C4<0000>;
L_0x55cef8609ee0 .functor XOR 4, L_0x55cef8609dd0, L_0x55cef8606d00, C4<0000>, C4<0000>;
v0x55cef85e3650_0 .net "A", 3 0, L_0x55cef8609ff0;  1 drivers
v0x55cef85e3750_0 .net "B", 3 0, L_0x55cef860a090;  1 drivers
v0x55cef85e3830_0 .net "C", 3 0, L_0x55cef8606d00;  1 drivers
v0x55cef85e3900_0 .net "Cin", 0 0, L_0x55cef860a2d0;  1 drivers
v0x55cef85e39d0_0 .net "CinMSB", 0 0, L_0x55cef8609f50;  1 drivers
v0x55cef85e3a70_0 .net "Cout", 0 0, L_0x55cef8609820;  1 drivers
v0x55cef85e3b10_0 .net "G", 3 0, L_0x55cef8609d60;  1 drivers
v0x55cef85e3be0_0 .net "P", 3 0, L_0x55cef8609dd0;  1 drivers
v0x55cef85e3cb0_0 .net "S", 3 0, L_0x55cef8609ee0;  1 drivers
L_0x55cef8609f50 .part L_0x55cef8606d00, 3, 1;
S_0x55cef85df510 .scope module, "carryGen" "carryGen" 5 6, 6 3 0, S_0x55cef85df240;
 .timescale 0 0;
    .port_info 0 /INPUT 4 "G";
    .port_info 1 /INPUT 4 "P";
    .port_info 2 /INPUT 1 "Cin";
    .port_info 3 /OUTPUT 4 "C";
    .port_info 4 /OUTPUT 1 "Cout";
L_0x55cef8605fe0 .functor BUFZ 1, L_0x55cef860a2d0, C4<0>, C4<0>, C4<0>;
L_0x55cef8606320 .functor AND 1, L_0x55cef860a2d0, L_0x55cef8606230, C4<1>, C4<1>;
L_0x55cef86063e0 .functor OR 1, L_0x55cef8606190, L_0x55cef8606320, C4<0>, C4<0>;
L_0x55cef86066d0 .functor AND 1, L_0x55cef8606590, L_0x55cef8606630, C4<1>, C4<1>;
L_0x55cef8606790 .functor OR 1, L_0x55cef86064f0, L_0x55cef86066d0, C4<0>, C4<0>;
L_0x55cef8606940 .functor AND 1, L_0x55cef860a2d0, L_0x55cef86068a0, C4<1>, C4<1>;
L_0x55cef8606ae0 .functor AND 1, L_0x55cef8606940, L_0x55cef8606a40, C4<1>, C4<1>;
L_0x55cef8606ba0 .functor OR 1, L_0x55cef8606790, L_0x55cef8606ae0, C4<0>, C4<0>;
L_0x55cef8607110 .functor AND 1, L_0x55cef8606fd0, L_0x55cef8607070, C4<1>, C4<1>;
L_0x55cef86071d0 .functor OR 1, L_0x55cef8606f30, L_0x55cef8607110, C4<0>, C4<0>;
L_0x55cef8607490 .functor AND 1, L_0x55cef86072e0, L_0x55cef86073f0, C4<1>, C4<1>;
L_0x55cef8607380 .functor AND 1, L_0x55cef8607490, L_0x55cef8607550, C4<1>, C4<1>;
L_0x55cef8607700 .functor OR 1, L_0x55cef86071d0, L_0x55cef8607380, C4<0>, C4<0>;
L_0x55cef86078b0 .functor AND 1, L_0x55cef860a2d0, L_0x55cef8607810, C4<1>, C4<1>;
L_0x55cef8607690 .functor AND 1, L_0x55cef86078b0, L_0x55cef86079f0, C4<1>, C4<1>;
L_0x55cef8607c60 .functor AND 1, L_0x55cef8607690, L_0x55cef8607bc0, C4<1>, C4<1>;
L_0x55cef8607e00 .functor OR 1, L_0x55cef8607700, L_0x55cef8607c60, C4<0>, C4<0>;
L_0x55cef86083a0 .functor AND 1, L_0x55cef86081b0, L_0x55cef8608250, C4<1>, C4<1>;
L_0x55cef8608550 .functor OR 1, L_0x55cef8607f60, L_0x55cef86083a0, C4<0>, C4<0>;
L_0x55cef86082f0 .functor AND 1, L_0x55cef8608110, L_0x55cef8608660, C4<1>, C4<1>;
L_0x55cef8608910 .functor AND 1, L_0x55cef86082f0, L_0x55cef86084b0, C4<1>, C4<1>;
L_0x55cef8608a20 .functor OR 1, L_0x55cef8608550, L_0x55cef8608910, C4<0>, C4<0>;
L_0x55cef8608cc0 .functor AND 1, L_0x55cef8608860, L_0x55cef8608700, C4<1>, C4<1>;
L_0x55cef8608bf0 .functor AND 1, L_0x55cef8608cc0, L_0x55cef8608dd0, C4<1>, C4<1>;
L_0x55cef8609280 .functor AND 1, L_0x55cef8608bf0, L_0x55cef8608b30, C4<1>, C4<1>;
L_0x55cef8609390 .functor OR 1, L_0x55cef8608a20, L_0x55cef8609280, C4<0>, C4<0>;
L_0x55cef8609080 .functor AND 1, L_0x55cef860a2d0, L_0x55cef86091b0, C4<1>, C4<1>;
L_0x55cef8609710 .functor AND 1, L_0x55cef8609080, L_0x55cef8609670, C4<1>, C4<1>;
L_0x55cef8609540 .functor AND 1, L_0x55cef8609710, L_0x55cef86094a0, C4<1>, C4<1>;
L_0x55cef8609ab0 .functor AND 1, L_0x55cef8609540, L_0x55cef8609a10, C4<1>, C4<1>;
L_0x55cef8609820 .functor OR 1, L_0x55cef8609390, L_0x55cef8609ab0, C4<0>, C4<0>;
v0x55cef85df7f0_0 .net "C", 3 0, L_0x55cef8606d00;  alias, 1 drivers
v0x55cef85df8f0_0 .net "Cin", 0 0, L_0x55cef860a2d0;  alias, 1 drivers
v0x55cef85df9b0_0 .net "Cout", 0 0, L_0x55cef8609820;  alias, 1 drivers
v0x55cef85dfa80_0 .net "G", 3 0, L_0x55cef8609d60;  alias, 1 drivers
v0x55cef85dfb60_0 .net "P", 3 0, L_0x55cef8609dd0;  alias, 1 drivers
v0x55cef85dfc90_0 .net *"_ivl_10", 0 0, L_0x55cef8606320;  1 drivers
v0x55cef85dfd70_0 .net *"_ivl_100", 0 0, L_0x55cef8608700;  1 drivers
v0x55cef85dfe50_0 .net *"_ivl_101", 0 0, L_0x55cef8608cc0;  1 drivers
v0x55cef85dff30_0 .net *"_ivl_104", 0 0, L_0x55cef8608dd0;  1 drivers
v0x55cef85e00a0_0 .net *"_ivl_105", 0 0, L_0x55cef8608bf0;  1 drivers
v0x55cef85e0180_0 .net *"_ivl_108", 0 0, L_0x55cef8608b30;  1 drivers
v0x55cef85e0260_0 .net *"_ivl_109", 0 0, L_0x55cef8609280;  1 drivers
v0x55cef85e0340_0 .net *"_ivl_111", 0 0, L_0x55cef8609390;  1 drivers
v0x55cef85e0420_0 .net *"_ivl_114", 0 0, L_0x55cef86091b0;  1 drivers
v0x55cef85e0500_0 .net *"_ivl_115", 0 0, L_0x55cef8609080;  1 drivers
v0x55cef85e05e0_0 .net *"_ivl_118", 0 0, L_0x55cef8609670;  1 drivers
v0x55cef85e06c0_0 .net *"_ivl_119", 0 0, L_0x55cef8609710;  1 drivers
v0x55cef85e07a0_0 .net *"_ivl_12", 0 0, L_0x55cef86063e0;  1 drivers
v0x55cef85e0880_0 .net *"_ivl_122", 0 0, L_0x55cef86094a0;  1 drivers
v0x55cef85e0960_0 .net *"_ivl_123", 0 0, L_0x55cef8609540;  1 drivers
v0x55cef85e0a40_0 .net *"_ivl_126", 0 0, L_0x55cef8609a10;  1 drivers
v0x55cef85e0b20_0 .net *"_ivl_127", 0 0, L_0x55cef8609ab0;  1 drivers
v0x55cef85e0c00_0 .net *"_ivl_17", 0 0, L_0x55cef86064f0;  1 drivers
v0x55cef85e0ce0_0 .net *"_ivl_19", 0 0, L_0x55cef8606590;  1 drivers
v0x55cef85e0dc0_0 .net *"_ivl_21", 0 0, L_0x55cef8606630;  1 drivers
v0x55cef85e0ea0_0 .net *"_ivl_22", 0 0, L_0x55cef86066d0;  1 drivers
v0x55cef85e0f80_0 .net *"_ivl_24", 0 0, L_0x55cef8606790;  1 drivers
v0x55cef85e1060_0 .net *"_ivl_27", 0 0, L_0x55cef86068a0;  1 drivers
v0x55cef85e1140_0 .net *"_ivl_28", 0 0, L_0x55cef8606940;  1 drivers
v0x55cef85e1220_0 .net *"_ivl_3", 0 0, L_0x55cef8605fe0;  1 drivers
v0x55cef85e1300_0 .net *"_ivl_31", 0 0, L_0x55cef8606a40;  1 drivers
v0x55cef85e13e0_0 .net *"_ivl_32", 0 0, L_0x55cef8606ae0;  1 drivers
v0x55cef85e14c0_0 .net *"_ivl_34", 0 0, L_0x55cef8606ba0;  1 drivers
v0x55cef85e15a0_0 .net *"_ivl_40", 0 0, L_0x55cef8606f30;  1 drivers
v0x55cef85e1680_0 .net *"_ivl_42", 0 0, L_0x55cef8606fd0;  1 drivers
v0x55cef85e1760_0 .net *"_ivl_44", 0 0, L_0x55cef8607070;  1 drivers
v0x55cef85e1840_0 .net *"_ivl_45", 0 0, L_0x55cef8607110;  1 drivers
v0x55cef85e1920_0 .net *"_ivl_47", 0 0, L_0x55cef86071d0;  1 drivers
v0x55cef85e1a00_0 .net *"_ivl_50", 0 0, L_0x55cef86072e0;  1 drivers
v0x55cef85e1ae0_0 .net *"_ivl_52", 0 0, L_0x55cef86073f0;  1 drivers
v0x55cef85e1bc0_0 .net *"_ivl_53", 0 0, L_0x55cef8607490;  1 drivers
v0x55cef85e1ca0_0 .net *"_ivl_56", 0 0, L_0x55cef8607550;  1 drivers
v0x55cef85e1d80_0 .net *"_ivl_57", 0 0, L_0x55cef8607380;  1 drivers
v0x55cef85e1e60_0 .net *"_ivl_59", 0 0, L_0x55cef8607700;  1 drivers
v0x55cef85e1f40_0 .net *"_ivl_62", 0 0, L_0x55cef8607810;  1 drivers
v0x55cef85e2020_0 .net *"_ivl_63", 0 0, L_0x55cef86078b0;  1 drivers
v0x55cef85e2100_0 .net *"_ivl_66", 0 0, L_0x55cef86079f0;  1 drivers
v0x55cef85e21e0_0 .net *"_ivl_67", 0 0, L_0x55cef8607690;  1 drivers
v0x55cef85e22c0_0 .net *"_ivl_7", 0 0, L_0x55cef8606190;  1 drivers
v0x55cef85e23a0_0 .net *"_ivl_70", 0 0, L_0x55cef8607bc0;  1 drivers
v0x55cef85e2480_0 .net *"_ivl_71", 0 0, L_0x55cef8607c60;  1 drivers
v0x55cef85e2560_0 .net *"_ivl_73", 0 0, L_0x55cef8607e00;  1 drivers
v0x55cef85e2640_0 .net *"_ivl_76", 0 0, L_0x55cef8607f60;  1 drivers
v0x55cef85e2720_0 .net *"_ivl_78", 0 0, L_0x55cef86081b0;  1 drivers
v0x55cef85e2800_0 .net *"_ivl_80", 0 0, L_0x55cef8608250;  1 drivers
v0x55cef85e28e0_0 .net *"_ivl_81", 0 0, L_0x55cef86083a0;  1 drivers
v0x55cef85e29c0_0 .net *"_ivl_83", 0 0, L_0x55cef8608550;  1 drivers
v0x55cef85e2aa0_0 .net *"_ivl_86", 0 0, L_0x55cef8608110;  1 drivers
v0x55cef85e2b80_0 .net *"_ivl_88", 0 0, L_0x55cef8608660;  1 drivers
v0x55cef85e2c60_0 .net *"_ivl_89", 0 0, L_0x55cef86082f0;  1 drivers
v0x55cef85e2d40_0 .net *"_ivl_9", 0 0, L_0x55cef8606230;  1 drivers
v0x55cef85e2e20_0 .net *"_ivl_92", 0 0, L_0x55cef86084b0;  1 drivers
v0x55cef85e2f00_0 .net *"_ivl_93", 0 0, L_0x55cef8608910;  1 drivers
v0x55cef85e2fe0_0 .net *"_ivl_95", 0 0, L_0x55cef8608a20;  1 drivers
v0x55cef85e30c0_0 .net *"_ivl_98", 0 0, L_0x55cef8608860;  1 drivers
L_0x55cef8606190 .part L_0x55cef8609d60, 0, 1;
L_0x55cef8606230 .part L_0x55cef8609dd0, 0, 1;
L_0x55cef86064f0 .part L_0x55cef8609d60, 1, 1;
L_0x55cef8606590 .part L_0x55cef8609d60, 0, 1;
L_0x55cef8606630 .part L_0x55cef8609dd0, 1, 1;
L_0x55cef86068a0 .part L_0x55cef8609dd0, 0, 1;
L_0x55cef8606a40 .part L_0x55cef8609dd0, 1, 1;
L_0x55cef8606d00 .concat8 [ 1 1 1 1], L_0x55cef8605fe0, L_0x55cef86063e0, L_0x55cef8606ba0, L_0x55cef8607e00;
L_0x55cef8606f30 .part L_0x55cef8609d60, 2, 1;
L_0x55cef8606fd0 .part L_0x55cef8609d60, 1, 1;
L_0x55cef8607070 .part L_0x55cef8609dd0, 2, 1;
L_0x55cef86072e0 .part L_0x55cef8609d60, 0, 1;
L_0x55cef86073f0 .part L_0x55cef8609dd0, 1, 1;
L_0x55cef8607550 .part L_0x55cef8609dd0, 2, 1;
L_0x55cef8607810 .part L_0x55cef8609dd0, 0, 1;
L_0x55cef86079f0 .part L_0x55cef8609dd0, 1, 1;
L_0x55cef8607bc0 .part L_0x55cef8609dd0, 2, 1;
L_0x55cef8607f60 .part L_0x55cef8609d60, 3, 1;
L_0x55cef86081b0 .part L_0x55cef8609d60, 2, 1;
L_0x55cef8608250 .part L_0x55cef8609dd0, 3, 1;
L_0x55cef8608110 .part L_0x55cef8609d60, 1, 1;
L_0x55cef8608660 .part L_0x55cef8609dd0, 2, 1;
L_0x55cef86084b0 .part L_0x55cef8609dd0, 3, 1;
L_0x55cef8608860 .part L_0x55cef8609d60, 0, 1;
L_0x55cef8608700 .part L_0x55cef8609dd0, 1, 1;
L_0x55cef8608dd0 .part L_0x55cef8609dd0, 2, 1;
L_0x55cef8608b30 .part L_0x55cef8609dd0, 3, 1;
L_0x55cef86091b0 .part L_0x55cef8609dd0, 0, 1;
L_0x55cef8609670 .part L_0x55cef8609dd0, 1, 1;
L_0x55cef86094a0 .part L_0x55cef8609dd0, 2, 1;
L_0x55cef8609a10 .part L_0x55cef8609dd0, 3, 1;
S_0x55cef85e3e50 .scope generate, "generate_cla[6]" "generate_cla[6]" 4 9, 4 9 0, S_0x55cef8573430;
 .timescale 0 0;
P_0x55cef85e4000 .param/l "i" 1 4 9, +C4<0110>;
S_0x55cef85e40e0 .scope generate, "genblk1" "genblk1" 4 12, 4 12 0, S_0x55cef85e3e50;
 .timescale 0 0;
S_0x55cef85e42c0 .scope module, "add" "fourBitAdder" 4 15, 5 3 0, S_0x55cef85e40e0;
 .timescale 0 0;
    .port_info 0 /INPUT 4 "A";
    .port_info 1 /INPUT 4 "B";
    .port_info 2 /INPUT 1 "Cin";
    .port_info 3 /OUTPUT 4 "S";
    .port_info 4 /OUTPUT 1 "Cout";
    .port_info 5 /OUTPUT 1 "CinMSB";
L_0x55cef860e000 .functor AND 4, L_0x55cef860e290, L_0x55cef860e3d0, C4<1111>, C4<1111>;
L_0x55cef860e070 .functor XOR 4, L_0x55cef860e290, L_0x55cef860e3d0, C4<0000>, C4<0000>;
L_0x55cef860e180 .functor XOR 4, L_0x55cef860e070, L_0x55cef860af10, C4<0000>, C4<0000>;
v0x55cef85e86d0_0 .net "A", 3 0, L_0x55cef860e290;  1 drivers
v0x55cef85e87d0_0 .net "B", 3 0, L_0x55cef860e3d0;  1 drivers
v0x55cef85e88b0_0 .net "C", 3 0, L_0x55cef860af10;  1 drivers
v0x55cef85e8980_0 .net "Cin", 0 0, L_0x55cef860e470;  1 drivers
v0x55cef85e8a50_0 .net "CinMSB", 0 0, L_0x55cef860e1f0;  1 drivers
v0x55cef85e8af0_0 .net "Cout", 0 0, L_0x55cef860dac0;  1 drivers
v0x55cef85e8b90_0 .net "G", 3 0, L_0x55cef860e000;  1 drivers
v0x55cef85e8c60_0 .net "P", 3 0, L_0x55cef860e070;  1 drivers
v0x55cef85e8d30_0 .net "S", 3 0, L_0x55cef860e180;  1 drivers
L_0x55cef860e1f0 .part L_0x55cef860af10, 3, 1;
S_0x55cef85e4590 .scope module, "carryGen" "carryGen" 5 6, 6 3 0, S_0x55cef85e42c0;
 .timescale 0 0;
    .port_info 0 /INPUT 4 "G";
    .port_info 1 /INPUT 4 "P";
    .port_info 2 /INPUT 1 "Cin";
    .port_info 3 /OUTPUT 4 "C";
    .port_info 4 /OUTPUT 1 "Cout";
L_0x55cef860a370 .functor BUFZ 1, L_0x55cef860e470, C4<0>, C4<0>, C4<0>;
L_0x55cef860a5c0 .functor AND 1, L_0x55cef860e470, L_0x55cef860a4d0, C4<1>, C4<1>;
L_0x55cef860a680 .functor OR 1, L_0x55cef860a3e0, L_0x55cef860a5c0, C4<0>, C4<0>;
L_0x55cef860a970 .functor AND 1, L_0x55cef860a830, L_0x55cef860a8d0, C4<1>, C4<1>;
L_0x55cef860aa30 .functor OR 1, L_0x55cef860a790, L_0x55cef860a970, C4<0>, C4<0>;
L_0x55cef860abe0 .functor AND 1, L_0x55cef860e470, L_0x55cef860ab40, C4<1>, C4<1>;
L_0x55cef860acf0 .functor AND 1, L_0x55cef860abe0, L_0x55cef860ac50, C4<1>, C4<1>;
L_0x55cef860adb0 .functor OR 1, L_0x55cef860aa30, L_0x55cef860acf0, C4<0>, C4<0>;
L_0x55cef860b320 .functor AND 1, L_0x55cef860b1e0, L_0x55cef860b280, C4<1>, C4<1>;
L_0x55cef860b3e0 .functor OR 1, L_0x55cef860b140, L_0x55cef860b320, C4<0>, C4<0>;
L_0x55cef860b6a0 .functor AND 1, L_0x55cef860b4f0, L_0x55cef860b600, C4<1>, C4<1>;
L_0x55cef860b590 .functor AND 1, L_0x55cef860b6a0, L_0x55cef860b760, C4<1>, C4<1>;
L_0x55cef860ba20 .functor OR 1, L_0x55cef860b3e0, L_0x55cef860b590, C4<0>, C4<0>;
L_0x55cef860bbd0 .functor AND 1, L_0x55cef860e470, L_0x55cef860bb30, C4<1>, C4<1>;
L_0x55cef860b9b0 .functor AND 1, L_0x55cef860bbd0, L_0x55cef860bc90, C4<1>, C4<1>;
L_0x55cef860bf00 .functor AND 1, L_0x55cef860b9b0, L_0x55cef860be60, C4<1>, C4<1>;
L_0x55cef860c0a0 .functor OR 1, L_0x55cef860ba20, L_0x55cef860bf00, C4<0>, C4<0>;
L_0x55cef860c640 .functor AND 1, L_0x55cef860c450, L_0x55cef860c4f0, C4<1>, C4<1>;
L_0x55cef860c7f0 .functor OR 1, L_0x55cef860c200, L_0x55cef860c640, C4<0>, C4<0>;
L_0x55cef860c590 .functor AND 1, L_0x55cef860c3b0, L_0x55cef860c900, C4<1>, C4<1>;
L_0x55cef860cbb0 .functor AND 1, L_0x55cef860c590, L_0x55cef860c750, C4<1>, C4<1>;
L_0x55cef860ccc0 .functor OR 1, L_0x55cef860c7f0, L_0x55cef860cbb0, C4<0>, C4<0>;
L_0x55cef860cf60 .functor AND 1, L_0x55cef860cb00, L_0x55cef860c9a0, C4<1>, C4<1>;
L_0x55cef860ce90 .functor AND 1, L_0x55cef860cf60, L_0x55cef860d070, C4<1>, C4<1>;
L_0x55cef860d520 .functor AND 1, L_0x55cef860ce90, L_0x55cef860cdd0, C4<1>, C4<1>;
L_0x55cef860d630 .functor OR 1, L_0x55cef860ccc0, L_0x55cef860d520, C4<0>, C4<0>;
L_0x55cef860d320 .functor AND 1, L_0x55cef860e470, L_0x55cef860d450, C4<1>, C4<1>;
L_0x55cef860d9b0 .functor AND 1, L_0x55cef860d320, L_0x55cef860d910, C4<1>, C4<1>;
L_0x55cef860d7e0 .functor AND 1, L_0x55cef860d9b0, L_0x55cef860d740, C4<1>, C4<1>;
L_0x55cef860dd50 .functor AND 1, L_0x55cef860d7e0, L_0x55cef860dcb0, C4<1>, C4<1>;
L_0x55cef860dac0 .functor OR 1, L_0x55cef860d630, L_0x55cef860dd50, C4<0>, C4<0>;
v0x55cef85e4870_0 .net "C", 3 0, L_0x55cef860af10;  alias, 1 drivers
v0x55cef85e4970_0 .net "Cin", 0 0, L_0x55cef860e470;  alias, 1 drivers
v0x55cef85e4a30_0 .net "Cout", 0 0, L_0x55cef860dac0;  alias, 1 drivers
v0x55cef85e4b00_0 .net "G", 3 0, L_0x55cef860e000;  alias, 1 drivers
v0x55cef85e4be0_0 .net "P", 3 0, L_0x55cef860e070;  alias, 1 drivers
v0x55cef85e4d10_0 .net *"_ivl_10", 0 0, L_0x55cef860a5c0;  1 drivers
v0x55cef85e4df0_0 .net *"_ivl_100", 0 0, L_0x55cef860c9a0;  1 drivers
v0x55cef85e4ed0_0 .net *"_ivl_101", 0 0, L_0x55cef860cf60;  1 drivers
v0x55cef85e4fb0_0 .net *"_ivl_104", 0 0, L_0x55cef860d070;  1 drivers
v0x55cef85e5120_0 .net *"_ivl_105", 0 0, L_0x55cef860ce90;  1 drivers
v0x55cef85e5200_0 .net *"_ivl_108", 0 0, L_0x55cef860cdd0;  1 drivers
v0x55cef85e52e0_0 .net *"_ivl_109", 0 0, L_0x55cef860d520;  1 drivers
v0x55cef85e53c0_0 .net *"_ivl_111", 0 0, L_0x55cef860d630;  1 drivers
v0x55cef85e54a0_0 .net *"_ivl_114", 0 0, L_0x55cef860d450;  1 drivers
v0x55cef85e5580_0 .net *"_ivl_115", 0 0, L_0x55cef860d320;  1 drivers
v0x55cef85e5660_0 .net *"_ivl_118", 0 0, L_0x55cef860d910;  1 drivers
v0x55cef85e5740_0 .net *"_ivl_119", 0 0, L_0x55cef860d9b0;  1 drivers
v0x55cef85e5820_0 .net *"_ivl_12", 0 0, L_0x55cef860a680;  1 drivers
v0x55cef85e5900_0 .net *"_ivl_122", 0 0, L_0x55cef860d740;  1 drivers
v0x55cef85e59e0_0 .net *"_ivl_123", 0 0, L_0x55cef860d7e0;  1 drivers
v0x55cef85e5ac0_0 .net *"_ivl_126", 0 0, L_0x55cef860dcb0;  1 drivers
v0x55cef85e5ba0_0 .net *"_ivl_127", 0 0, L_0x55cef860dd50;  1 drivers
v0x55cef85e5c80_0 .net *"_ivl_17", 0 0, L_0x55cef860a790;  1 drivers
v0x55cef85e5d60_0 .net *"_ivl_19", 0 0, L_0x55cef860a830;  1 drivers
v0x55cef85e5e40_0 .net *"_ivl_21", 0 0, L_0x55cef860a8d0;  1 drivers
v0x55cef85e5f20_0 .net *"_ivl_22", 0 0, L_0x55cef860a970;  1 drivers
v0x55cef85e6000_0 .net *"_ivl_24", 0 0, L_0x55cef860aa30;  1 drivers
v0x55cef85e60e0_0 .net *"_ivl_27", 0 0, L_0x55cef860ab40;  1 drivers
v0x55cef85e61c0_0 .net *"_ivl_28", 0 0, L_0x55cef860abe0;  1 drivers
v0x55cef85e62a0_0 .net *"_ivl_3", 0 0, L_0x55cef860a370;  1 drivers
v0x55cef85e6380_0 .net *"_ivl_31", 0 0, L_0x55cef860ac50;  1 drivers
v0x55cef85e6460_0 .net *"_ivl_32", 0 0, L_0x55cef860acf0;  1 drivers
v0x55cef85e6540_0 .net *"_ivl_34", 0 0, L_0x55cef860adb0;  1 drivers
v0x55cef85e6620_0 .net *"_ivl_40", 0 0, L_0x55cef860b140;  1 drivers
v0x55cef85e6700_0 .net *"_ivl_42", 0 0, L_0x55cef860b1e0;  1 drivers
v0x55cef85e67e0_0 .net *"_ivl_44", 0 0, L_0x55cef860b280;  1 drivers
v0x55cef85e68c0_0 .net *"_ivl_45", 0 0, L_0x55cef860b320;  1 drivers
v0x55cef85e69a0_0 .net *"_ivl_47", 0 0, L_0x55cef860b3e0;  1 drivers
v0x55cef85e6a80_0 .net *"_ivl_50", 0 0, L_0x55cef860b4f0;  1 drivers
v0x55cef85e6b60_0 .net *"_ivl_52", 0 0, L_0x55cef860b600;  1 drivers
v0x55cef85e6c40_0 .net *"_ivl_53", 0 0, L_0x55cef860b6a0;  1 drivers
v0x55cef85e6d20_0 .net *"_ivl_56", 0 0, L_0x55cef860b760;  1 drivers
v0x55cef85e6e00_0 .net *"_ivl_57", 0 0, L_0x55cef860b590;  1 drivers
v0x55cef85e6ee0_0 .net *"_ivl_59", 0 0, L_0x55cef860ba20;  1 drivers
v0x55cef85e6fc0_0 .net *"_ivl_62", 0 0, L_0x55cef860bb30;  1 drivers
v0x55cef85e70a0_0 .net *"_ivl_63", 0 0, L_0x55cef860bbd0;  1 drivers
v0x55cef85e7180_0 .net *"_ivl_66", 0 0, L_0x55cef860bc90;  1 drivers
v0x55cef85e7260_0 .net *"_ivl_67", 0 0, L_0x55cef860b9b0;  1 drivers
v0x55cef85e7340_0 .net *"_ivl_7", 0 0, L_0x55cef860a3e0;  1 drivers
v0x55cef85e7420_0 .net *"_ivl_70", 0 0, L_0x55cef860be60;  1 drivers
v0x55cef85e7500_0 .net *"_ivl_71", 0 0, L_0x55cef860bf00;  1 drivers
v0x55cef85e75e0_0 .net *"_ivl_73", 0 0, L_0x55cef860c0a0;  1 drivers
v0x55cef85e76c0_0 .net *"_ivl_76", 0 0, L_0x55cef860c200;  1 drivers
v0x55cef85e77a0_0 .net *"_ivl_78", 0 0, L_0x55cef860c450;  1 drivers
v0x55cef85e7880_0 .net *"_ivl_80", 0 0, L_0x55cef860c4f0;  1 drivers
v0x55cef85e7960_0 .net *"_ivl_81", 0 0, L_0x55cef860c640;  1 drivers
v0x55cef85e7a40_0 .net *"_ivl_83", 0 0, L_0x55cef860c7f0;  1 drivers
v0x55cef85e7b20_0 .net *"_ivl_86", 0 0, L_0x55cef860c3b0;  1 drivers
v0x55cef85e7c00_0 .net *"_ivl_88", 0 0, L_0x55cef860c900;  1 drivers
v0x55cef85e7ce0_0 .net *"_ivl_89", 0 0, L_0x55cef860c590;  1 drivers
v0x55cef85e7dc0_0 .net *"_ivl_9", 0 0, L_0x55cef860a4d0;  1 drivers
v0x55cef85e7ea0_0 .net *"_ivl_92", 0 0, L_0x55cef860c750;  1 drivers
v0x55cef85e7f80_0 .net *"_ivl_93", 0 0, L_0x55cef860cbb0;  1 drivers
v0x55cef85e8060_0 .net *"_ivl_95", 0 0, L_0x55cef860ccc0;  1 drivers
v0x55cef85e8140_0 .net *"_ivl_98", 0 0, L_0x55cef860cb00;  1 drivers
L_0x55cef860a3e0 .part L_0x55cef860e000, 0, 1;
L_0x55cef860a4d0 .part L_0x55cef860e070, 0, 1;
L_0x55cef860a790 .part L_0x55cef860e000, 1, 1;
L_0x55cef860a830 .part L_0x55cef860e000, 0, 1;
L_0x55cef860a8d0 .part L_0x55cef860e070, 1, 1;
L_0x55cef860ab40 .part L_0x55cef860e070, 0, 1;
L_0x55cef860ac50 .part L_0x55cef860e070, 1, 1;
L_0x55cef860af10 .concat8 [ 1 1 1 1], L_0x55cef860a370, L_0x55cef860a680, L_0x55cef860adb0, L_0x55cef860c0a0;
L_0x55cef860b140 .part L_0x55cef860e000, 2, 1;
L_0x55cef860b1e0 .part L_0x55cef860e000, 1, 1;
L_0x55cef860b280 .part L_0x55cef860e070, 2, 1;
L_0x55cef860b4f0 .part L_0x55cef860e000, 0, 1;
L_0x55cef860b600 .part L_0x55cef860e070, 1, 1;
L_0x55cef860b760 .part L_0x55cef860e070, 2, 1;
L_0x55cef860bb30 .part L_0x55cef860e070, 0, 1;
L_0x55cef860bc90 .part L_0x55cef860e070, 1, 1;
L_0x55cef860be60 .part L_0x55cef860e070, 2, 1;
L_0x55cef860c200 .part L_0x55cef860e000, 3, 1;
L_0x55cef860c450 .part L_0x55cef860e000, 2, 1;
L_0x55cef860c4f0 .part L_0x55cef860e070, 3, 1;
L_0x55cef860c3b0 .part L_0x55cef860e000, 1, 1;
L_0x55cef860c900 .part L_0x55cef860e070, 2, 1;
L_0x55cef860c750 .part L_0x55cef860e070, 3, 1;
L_0x55cef860cb00 .part L_0x55cef860e000, 0, 1;
L_0x55cef860c9a0 .part L_0x55cef860e070, 1, 1;
L_0x55cef860d070 .part L_0x55cef860e070, 2, 1;
L_0x55cef860cdd0 .part L_0x55cef860e070, 3, 1;
L_0x55cef860d450 .part L_0x55cef860e070, 0, 1;
L_0x55cef860d910 .part L_0x55cef860e070, 1, 1;
L_0x55cef860d740 .part L_0x55cef860e070, 2, 1;
L_0x55cef860dcb0 .part L_0x55cef860e070, 3, 1;
S_0x55cef85e8ed0 .scope generate, "generate_cla[7]" "generate_cla[7]" 4 9, 4 9 0, S_0x55cef8573430;
 .timescale 0 0;
P_0x55cef85e9080 .param/l "i" 1 4 9, +C4<0111>;
S_0x55cef85e9160 .scope generate, "genblk1" "genblk1" 4 12, 4 12 0, S_0x55cef85e8ed0;
 .timescale 0 0;
S_0x55cef85e9340 .scope module, "add" "fourBitAdder" 4 13, 5 3 0, S_0x55cef85e9160;
 .timescale 0 0;
    .port_info 0 /INPUT 4 "A";
    .port_info 1 /INPUT 4 "B";
    .port_info 2 /INPUT 1 "Cin";
    .port_info 3 /OUTPUT 4 "S";
    .port_info 4 /OUTPUT 1 "Cout";
    .port_info 5 /OUTPUT 1 "CinMSB";
L_0x55cef8612050 .functor AND 4, L_0x55cef86122e0, L_0x55cef8612380, C4<1111>, C4<1111>;
L_0x55cef86120c0 .functor XOR 4, L_0x55cef86122e0, L_0x55cef8612380, C4<0000>, C4<0000>;
L_0x55cef86121d0 .functor XOR 4, L_0x55cef86120c0, L_0x55cef860f0c0, C4<0000>, C4<0000>;
v0x55cef85ed750_0 .net "A", 3 0, L_0x55cef86122e0;  1 drivers
v0x55cef85ed850_0 .net "B", 3 0, L_0x55cef8612380;  1 drivers
v0x55cef85ed930_0 .net "C", 3 0, L_0x55cef860f0c0;  1 drivers
v0x55cef85eda00_0 .net "Cin", 0 0, L_0x55cef860e510;  1 drivers
v0x55cef85edad0_0 .net "CinMSB", 0 0, L_0x55cef8612240;  alias, 1 drivers
v0x55cef85edb70_0 .net "Cout", 0 0, L_0x55cef8611b60;  alias, 1 drivers
v0x55cef85edc10_0 .net "G", 3 0, L_0x55cef8612050;  1 drivers
v0x55cef85edce0_0 .net "P", 3 0, L_0x55cef86120c0;  1 drivers
v0x55cef85eddb0_0 .net "S", 3 0, L_0x55cef86121d0;  1 drivers
L_0x55cef8612240 .part L_0x55cef860f0c0, 3, 1;
S_0x55cef85e9610 .scope module, "carryGen" "carryGen" 5 6, 6 3 0, S_0x55cef85e9340;
 .timescale 0 0;
    .port_info 0 /INPUT 4 "G";
    .port_info 1 /INPUT 4 "P";
    .port_info 2 /INPUT 1 "Cin";
    .port_info 3 /OUTPUT 4 "C";
    .port_info 4 /OUTPUT 1 "Cout";
L_0x55cef860e5c0 .functor BUFZ 1, L_0x55cef860e510, C4<0>, C4<0>, C4<0>;
L_0x55cef860e770 .functor AND 1, L_0x55cef860e510, L_0x55cef860e680, C4<1>, C4<1>;
L_0x55cef860e830 .functor OR 1, L_0x55cef860e330, L_0x55cef860e770, C4<0>, C4<0>;
L_0x55cef860eb20 .functor AND 1, L_0x55cef860e9e0, L_0x55cef860ea80, C4<1>, C4<1>;
L_0x55cef860ebe0 .functor OR 1, L_0x55cef860e940, L_0x55cef860eb20, C4<0>, C4<0>;
L_0x55cef860ed90 .functor AND 1, L_0x55cef860e510, L_0x55cef860ecf0, C4<1>, C4<1>;
L_0x55cef860eea0 .functor AND 1, L_0x55cef860ed90, L_0x55cef860ee00, C4<1>, C4<1>;
L_0x55cef860ef60 .functor OR 1, L_0x55cef860ebe0, L_0x55cef860eea0, C4<0>, C4<0>;
L_0x55cef860f4d0 .functor AND 1, L_0x55cef860f390, L_0x55cef860f430, C4<1>, C4<1>;
L_0x55cef860f590 .functor OR 1, L_0x55cef860f2f0, L_0x55cef860f4d0, C4<0>, C4<0>;
L_0x55cef860f850 .functor AND 1, L_0x55cef860f6a0, L_0x55cef860f7b0, C4<1>, C4<1>;
L_0x55cef860f740 .functor AND 1, L_0x55cef860f850, L_0x55cef860f910, C4<1>, C4<1>;
L_0x55cef860fac0 .functor OR 1, L_0x55cef860f590, L_0x55cef860f740, C4<0>, C4<0>;
L_0x55cef860fc70 .functor AND 1, L_0x55cef860e510, L_0x55cef860fbd0, C4<1>, C4<1>;
L_0x55cef860fa50 .functor AND 1, L_0x55cef860fc70, L_0x55cef860fd30, C4<1>, C4<1>;
L_0x55cef860ffa0 .functor AND 1, L_0x55cef860fa50, L_0x55cef860ff00, C4<1>, C4<1>;
L_0x55cef8610140 .functor OR 1, L_0x55cef860fac0, L_0x55cef860ffa0, C4<0>, C4<0>;
L_0x55cef86106e0 .functor AND 1, L_0x55cef86104f0, L_0x55cef8610590, C4<1>, C4<1>;
L_0x55cef8610890 .functor OR 1, L_0x55cef86102a0, L_0x55cef86106e0, C4<0>, C4<0>;
L_0x55cef8610630 .functor AND 1, L_0x55cef8610450, L_0x55cef86109a0, C4<1>, C4<1>;
L_0x55cef8610c50 .functor AND 1, L_0x55cef8610630, L_0x55cef86107f0, C4<1>, C4<1>;
L_0x55cef8610d60 .functor OR 1, L_0x55cef8610890, L_0x55cef8610c50, C4<0>, C4<0>;
L_0x55cef8611000 .functor AND 1, L_0x55cef8610ba0, L_0x55cef8610a40, C4<1>, C4<1>;
L_0x55cef8610f30 .functor AND 1, L_0x55cef8611000, L_0x55cef8611110, C4<1>, C4<1>;
L_0x55cef86115c0 .functor AND 1, L_0x55cef8610f30, L_0x55cef8610e70, C4<1>, C4<1>;
L_0x55cef86116d0 .functor OR 1, L_0x55cef8610d60, L_0x55cef86115c0, C4<0>, C4<0>;
L_0x55cef86113c0 .functor AND 1, L_0x55cef860e510, L_0x55cef86114f0, C4<1>, C4<1>;
L_0x55cef8611a50 .functor AND 1, L_0x55cef86113c0, L_0x55cef86119b0, C4<1>, C4<1>;
L_0x55cef8611880 .functor AND 1, L_0x55cef8611a50, L_0x55cef86117e0, C4<1>, C4<1>;
L_0x55cef8611df0 .functor AND 1, L_0x55cef8611880, L_0x55cef8611d50, C4<1>, C4<1>;
L_0x55cef8611b60 .functor OR 1, L_0x55cef86116d0, L_0x55cef8611df0, C4<0>, C4<0>;
v0x55cef85e98f0_0 .net "C", 3 0, L_0x55cef860f0c0;  alias, 1 drivers
v0x55cef85e99f0_0 .net "Cin", 0 0, L_0x55cef860e510;  alias, 1 drivers
v0x55cef85e9ab0_0 .net "Cout", 0 0, L_0x55cef8611b60;  alias, 1 drivers
v0x55cef85e9b80_0 .net "G", 3 0, L_0x55cef8612050;  alias, 1 drivers
v0x55cef85e9c60_0 .net "P", 3 0, L_0x55cef86120c0;  alias, 1 drivers
v0x55cef85e9d90_0 .net *"_ivl_10", 0 0, L_0x55cef860e770;  1 drivers
v0x55cef85e9e70_0 .net *"_ivl_100", 0 0, L_0x55cef8610a40;  1 drivers
v0x55cef85e9f50_0 .net *"_ivl_101", 0 0, L_0x55cef8611000;  1 drivers
v0x55cef85ea030_0 .net *"_ivl_104", 0 0, L_0x55cef8611110;  1 drivers
v0x55cef85ea1a0_0 .net *"_ivl_105", 0 0, L_0x55cef8610f30;  1 drivers
v0x55cef85ea280_0 .net *"_ivl_108", 0 0, L_0x55cef8610e70;  1 drivers
v0x55cef85ea360_0 .net *"_ivl_109", 0 0, L_0x55cef86115c0;  1 drivers
v0x55cef85ea440_0 .net *"_ivl_111", 0 0, L_0x55cef86116d0;  1 drivers
v0x55cef85ea520_0 .net *"_ivl_114", 0 0, L_0x55cef86114f0;  1 drivers
v0x55cef85ea600_0 .net *"_ivl_115", 0 0, L_0x55cef86113c0;  1 drivers
v0x55cef85ea6e0_0 .net *"_ivl_118", 0 0, L_0x55cef86119b0;  1 drivers
v0x55cef85ea7c0_0 .net *"_ivl_119", 0 0, L_0x55cef8611a50;  1 drivers
v0x55cef85ea8a0_0 .net *"_ivl_12", 0 0, L_0x55cef860e830;  1 drivers
v0x55cef85ea980_0 .net *"_ivl_122", 0 0, L_0x55cef86117e0;  1 drivers
v0x55cef85eaa60_0 .net *"_ivl_123", 0 0, L_0x55cef8611880;  1 drivers
v0x55cef85eab40_0 .net *"_ivl_126", 0 0, L_0x55cef8611d50;  1 drivers
v0x55cef85eac20_0 .net *"_ivl_127", 0 0, L_0x55cef8611df0;  1 drivers
v0x55cef85ead00_0 .net *"_ivl_17", 0 0, L_0x55cef860e940;  1 drivers
v0x55cef85eade0_0 .net *"_ivl_19", 0 0, L_0x55cef860e9e0;  1 drivers
v0x55cef85eaec0_0 .net *"_ivl_21", 0 0, L_0x55cef860ea80;  1 drivers
v0x55cef85eafa0_0 .net *"_ivl_22", 0 0, L_0x55cef860eb20;  1 drivers
v0x55cef85eb080_0 .net *"_ivl_24", 0 0, L_0x55cef860ebe0;  1 drivers
v0x55cef85eb160_0 .net *"_ivl_27", 0 0, L_0x55cef860ecf0;  1 drivers
v0x55cef85eb240_0 .net *"_ivl_28", 0 0, L_0x55cef860ed90;  1 drivers
v0x55cef85eb320_0 .net *"_ivl_3", 0 0, L_0x55cef860e5c0;  1 drivers
v0x55cef85eb400_0 .net *"_ivl_31", 0 0, L_0x55cef860ee00;  1 drivers
v0x55cef85eb4e0_0 .net *"_ivl_32", 0 0, L_0x55cef860eea0;  1 drivers
v0x55cef85eb5c0_0 .net *"_ivl_34", 0 0, L_0x55cef860ef60;  1 drivers
v0x55cef85eb6a0_0 .net *"_ivl_40", 0 0, L_0x55cef860f2f0;  1 drivers
v0x55cef85eb780_0 .net *"_ivl_42", 0 0, L_0x55cef860f390;  1 drivers
v0x55cef85eb860_0 .net *"_ivl_44", 0 0, L_0x55cef860f430;  1 drivers
v0x55cef85eb940_0 .net *"_ivl_45", 0 0, L_0x55cef860f4d0;  1 drivers
v0x55cef85eba20_0 .net *"_ivl_47", 0 0, L_0x55cef860f590;  1 drivers
v0x55cef85ebb00_0 .net *"_ivl_50", 0 0, L_0x55cef860f6a0;  1 drivers
v0x55cef85ebbe0_0 .net *"_ivl_52", 0 0, L_0x55cef860f7b0;  1 drivers
v0x55cef85ebcc0_0 .net *"_ivl_53", 0 0, L_0x55cef860f850;  1 drivers
v0x55cef85ebda0_0 .net *"_ivl_56", 0 0, L_0x55cef860f910;  1 drivers
v0x55cef85ebe80_0 .net *"_ivl_57", 0 0, L_0x55cef860f740;  1 drivers
v0x55cef85ebf60_0 .net *"_ivl_59", 0 0, L_0x55cef860fac0;  1 drivers
v0x55cef85ec040_0 .net *"_ivl_62", 0 0, L_0x55cef860fbd0;  1 drivers
v0x55cef85ec120_0 .net *"_ivl_63", 0 0, L_0x55cef860fc70;  1 drivers
v0x55cef85ec200_0 .net *"_ivl_66", 0 0, L_0x55cef860fd30;  1 drivers
v0x55cef85ec2e0_0 .net *"_ivl_67", 0 0, L_0x55cef860fa50;  1 drivers
v0x55cef85ec3c0_0 .net *"_ivl_7", 0 0, L_0x55cef860e330;  1 drivers
v0x55cef85ec4a0_0 .net *"_ivl_70", 0 0, L_0x55cef860ff00;  1 drivers
v0x55cef85ec580_0 .net *"_ivl_71", 0 0, L_0x55cef860ffa0;  1 drivers
v0x55cef85ec660_0 .net *"_ivl_73", 0 0, L_0x55cef8610140;  1 drivers
v0x55cef85ec740_0 .net *"_ivl_76", 0 0, L_0x55cef86102a0;  1 drivers
v0x55cef85ec820_0 .net *"_ivl_78", 0 0, L_0x55cef86104f0;  1 drivers
v0x55cef85ec900_0 .net *"_ivl_80", 0 0, L_0x55cef8610590;  1 drivers
v0x55cef85ec9e0_0 .net *"_ivl_81", 0 0, L_0x55cef86106e0;  1 drivers
v0x55cef85ecac0_0 .net *"_ivl_83", 0 0, L_0x55cef8610890;  1 drivers
v0x55cef85ecba0_0 .net *"_ivl_86", 0 0, L_0x55cef8610450;  1 drivers
v0x55cef85ecc80_0 .net *"_ivl_88", 0 0, L_0x55cef86109a0;  1 drivers
v0x55cef85ecd60_0 .net *"_ivl_89", 0 0, L_0x55cef8610630;  1 drivers
v0x55cef85ece40_0 .net *"_ivl_9", 0 0, L_0x55cef860e680;  1 drivers
v0x55cef85ecf20_0 .net *"_ivl_92", 0 0, L_0x55cef86107f0;  1 drivers
v0x55cef85ed000_0 .net *"_ivl_93", 0 0, L_0x55cef8610c50;  1 drivers
v0x55cef85ed0e0_0 .net *"_ivl_95", 0 0, L_0x55cef8610d60;  1 drivers
v0x55cef85ed1c0_0 .net *"_ivl_98", 0 0, L_0x55cef8610ba0;  1 drivers
L_0x55cef860e330 .part L_0x55cef8612050, 0, 1;
L_0x55cef860e680 .part L_0x55cef86120c0, 0, 1;
L_0x55cef860e940 .part L_0x55cef8612050, 1, 1;
L_0x55cef860e9e0 .part L_0x55cef8612050, 0, 1;
L_0x55cef860ea80 .part L_0x55cef86120c0, 1, 1;
L_0x55cef860ecf0 .part L_0x55cef86120c0, 0, 1;
L_0x55cef860ee00 .part L_0x55cef86120c0, 1, 1;
L_0x55cef860f0c0 .concat8 [ 1 1 1 1], L_0x55cef860e5c0, L_0x55cef860e830, L_0x55cef860ef60, L_0x55cef8610140;
L_0x55cef860f2f0 .part L_0x55cef8612050, 2, 1;
L_0x55cef860f390 .part L_0x55cef8612050, 1, 1;
L_0x55cef860f430 .part L_0x55cef86120c0, 2, 1;
L_0x55cef860f6a0 .part L_0x55cef8612050, 0, 1;
L_0x55cef860f7b0 .part L_0x55cef86120c0, 1, 1;
L_0x55cef860f910 .part L_0x55cef86120c0, 2, 1;
L_0x55cef860fbd0 .part L_0x55cef86120c0, 0, 1;
L_0x55cef860fd30 .part L_0x55cef86120c0, 1, 1;
L_0x55cef860ff00 .part L_0x55cef86120c0, 2, 1;
L_0x55cef86102a0 .part L_0x55cef8612050, 3, 1;
L_0x55cef86104f0 .part L_0x55cef8612050, 2, 1;
L_0x55cef8610590 .part L_0x55cef86120c0, 3, 1;
L_0x55cef8610450 .part L_0x55cef8612050, 1, 1;
L_0x55cef86109a0 .part L_0x55cef86120c0, 2, 1;
L_0x55cef86107f0 .part L_0x55cef86120c0, 3, 1;
L_0x55cef8610ba0 .part L_0x55cef8612050, 0, 1;
L_0x55cef8610a40 .part L_0x55cef86120c0, 1, 1;
L_0x55cef8611110 .part L_0x55cef86120c0, 2, 1;
L_0x55cef8610e70 .part L_0x55cef86120c0, 3, 1;
L_0x55cef86114f0 .part L_0x55cef86120c0, 0, 1;
L_0x55cef86119b0 .part L_0x55cef86120c0, 1, 1;
L_0x55cef86117e0 .part L_0x55cef86120c0, 2, 1;
L_0x55cef8611d50 .part L_0x55cef86120c0, 3, 1;
    .scope S_0x55cef8599850;
T_0 ;
    %vpi_call 2 26 "$dumpfile", "var_dump_addSub.vcd" {0 0 0};
    %vpi_call 2 27 "$dumpvars", 32'sb00000000000000000000000000000000, S_0x55cef8599850 {0 0 0};
    %end;
    .thread T_0;
    .scope S_0x55cef8599850;
T_1 ;
    %pushi/vec4 1, 0, 1;
    %store/vec4 v0x55cef85ef820_0, 0, 1;
    %pushi/vec4 1, 0, 1;
    %store/vec4 v0x55cef85ef9b0_0, 0, 1;
    %pushi/vec4 0, 0, 1;
    %store/vec4 v0x55cef85ef620_0, 0, 1;
    %pushi/vec4 5, 0, 32;
    %store/vec4 v0x55cef85ef480_0, 0, 32;
    %pushi/vec4 3, 0, 32;
    %store/vec4 v0x55cef85ef560_0, 0, 32;
    %delay 10000, 0;
    %pushi/vec4 5001, 0, 32;
    %store/vec4 v0x55cef85ef480_0, 0, 32;
    %pushi/vec4 4294964296, 0, 32;
    %store/vec4 v0x55cef85ef560_0, 0, 32;
    %delay 10000, 0;
    %pushi/vec4 5000, 0, 32;
    %store/vec4 v0x55cef85ef480_0, 0, 32;
    %pushi/vec4 2000, 0, 32;
    %store/vec4 v0x55cef85ef560_0, 0, 32;
    %delay 10000, 0;
    %pushi/vec4 4294962296, 0, 32;
    %store/vec4 v0x55cef85ef480_0, 0, 32;
    %pushi/vec4 2000, 0, 32;
    %store/vec4 v0x55cef85ef560_0, 0, 32;
    %delay 10000, 0;
    %pushi/vec4 4294957296, 0, 32;
    %store/vec4 v0x55cef85ef480_0, 0, 32;
    %pushi/vec4 10000, 0, 32;
    %store/vec4 v0x55cef85ef560_0, 0, 32;
    %delay 10000, 0;
    %pushi/vec4 4294967295, 0, 32;
    %store/vec4 v0x55cef85ef480_0, 0, 32;
    %pushi/vec4 2147483647, 0, 32;
    %store/vec4 v0x55cef85ef560_0, 0, 32;
    %delay 10000, 0;
    %pushi/vec4 4294967294, 0, 32;
    %store/vec4 v0x55cef85ef480_0, 0, 32;
    %pushi/vec4 2147483647, 0, 32;
    %store/vec4 v0x55cef85ef560_0, 0, 32;
    %delay 10000, 0;
    %pushi/vec4 2147483645, 0, 32;
    %store/vec4 v0x55cef85ef480_0, 0, 32;
    %pushi/vec4 4294967294, 0, 32;
    %store/vec4 v0x55cef85ef560_0, 0, 32;
    %delay 10000, 0;
    %pushi/vec4 2147483645, 0, 32;
    %store/vec4 v0x55cef85ef480_0, 0, 32;
    %pushi/vec4 4294967293, 0, 32;
    %store/vec4 v0x55cef85ef560_0, 0, 32;
    %delay 10000, 0;
    %vpi_call 2 177 "$finish" {0 0 0};
    %end;
    .thread T_1;
# The file index is used to find the file name in the following table.
:file_names 7;
    "N/A";
    "<interactive>";
    "tb32bitAddSub.v";
    "addSub.v";
    "32bitAdder.v";
    "fourBitAdder.v";
    "carryGen.v";
