#! /usr/local/bin/vvp
:ivl_version "13.0 (devel)" "(s20221226-518-g94d9d1951)";
:ivl_delay_selection "TYPICAL";
:vpi_time_precision + 0;
:vpi_module "/usr/local/lib/ivl/system.vpi";
:vpi_module "/usr/local/lib/ivl/vhdl_sys.vpi";
:vpi_module "/usr/local/lib/ivl/vhdl_textio.vpi";
:vpi_module "/usr/local/lib/ivl/v2005_math.vpi";
:vpi_module "/usr/local/lib/ivl/va_math.vpi";
S_0x558e6b16b9c0 .scope module, "tb_shift_unit" "tb_shift_unit" 2 1;
 .timescale 0 0;
v0x558e6b19f840_0 .var "A", 0 0;
v0x558e6b19f900_0 .net "B", 31 0, L_0x558e6b1a74e0;  1 drivers
v0x558e6b19f9d0_0 .var "L", 0 0;
v0x558e6b19fad0_0 .var "R", 0 0;
v0x558e6b19fba0_0 .var "b", 31 0;
v0x558e6b19fc40_0 .var "drxn", 0 0;
S_0x558e6b16b4e0 .scope module, "uut" "shift_unit" 2 7, 3 1 0, S_0x558e6b16b9c0;
 .timescale 0 0;
    .port_info 0 /INPUT 32 "b";
    .port_info 1 /INPUT 1 "A";
    .port_info 2 /INPUT 1 "R";
    .port_info 3 /INPUT 1 "L";
    .port_info 4 /INPUT 1 "drxn";
    .port_info 5 /OUTPUT 32 "B";
L_0x558e6b1a0ec0 .functor NOT 1, v0x558e6b19f9d0_0, C4<0>, C4<0>, C4<0>;
L_0x558e6b1a7c20 .functor NOT 1, v0x558e6b19f840_0, C4<0>, C4<0>, C4<0>;
L_0x558e6b1a7ce0 .functor AND 1, v0x558e6b19fad0_0, L_0x558e6b1a7c20, C4<1>, C4<1>;
L_0x558e6b1a88b0 .functor AND 1, L_0x558e6b1a7ce0, L_0x558e6b1a7df0, C4<1>, C4<1>;
L_0x558e6b1a89f0 .functor NOT 1, v0x558e6b19fad0_0, C4<0>, C4<0>, C4<0>;
L_0x558e6b1a8a60 .functor AND 1, v0x558e6b19f840_0, L_0x558e6b1a89f0, C4<1>, C4<1>;
L_0x558e6b1a8c00 .functor AND 1, L_0x558e6b1a8a60, L_0x558e6b1a8b60, C4<1>, C4<1>;
L_0x558e6b1a8d10 .functor OR 1, L_0x558e6b1a88b0, L_0x558e6b1a8c00, C4<0>, C4<0>;
L_0x558e6b1a8e70 .functor AND 1, L_0x558e6b1a0ec0, L_0x558e6b1a8d10, C4<1>, C4<1>;
L_0x558e6b1a9290 .functor AND 1, L_0x558e6b1a8fd0, v0x558e6b19fad0_0, C4<1>, C4<1>;
v0x558e6b19e2f0_0 .net "A", 0 0, v0x558e6b19f840_0;  1 drivers
v0x558e6b19e3d0_0 .net "B", 31 0, L_0x558e6b1a74e0;  alias, 1 drivers
v0x558e6b19e4b0_0 .net "L", 0 0, v0x558e6b19f9d0_0;  1 drivers
v0x558e6b19e580_0 .net "R", 0 0, v0x558e6b19fad0_0;  1 drivers
v0x558e6b19e640_0 .net *"_ivl_127", 0 0, L_0x558e6b1a0ec0;  1 drivers
v0x558e6b19e770_0 .net *"_ivl_129", 0 0, L_0x558e6b1a7c20;  1 drivers
v0x558e6b19e850_0 .net *"_ivl_131", 0 0, L_0x558e6b1a7ce0;  1 drivers
v0x558e6b19e930_0 .net *"_ivl_134", 0 0, L_0x558e6b1a7df0;  1 drivers
v0x558e6b19ea10_0 .net *"_ivl_135", 0 0, L_0x558e6b1a88b0;  1 drivers
v0x558e6b19eaf0_0 .net *"_ivl_137", 0 0, L_0x558e6b1a89f0;  1 drivers
v0x558e6b19ebd0_0 .net *"_ivl_139", 0 0, L_0x558e6b1a8a60;  1 drivers
v0x558e6b19ecb0_0 .net *"_ivl_142", 0 0, L_0x558e6b1a8b60;  1 drivers
v0x558e6b19ed90_0 .net *"_ivl_143", 0 0, L_0x558e6b1a8c00;  1 drivers
v0x558e6b19ee70_0 .net *"_ivl_145", 0 0, L_0x558e6b1a8d10;  1 drivers
v0x558e6b19ef50_0 .net *"_ivl_150", 0 0, L_0x558e6b1a8fd0;  1 drivers
v0x558e6b19f030_0 .net "b", 31 0, v0x558e6b19fba0_0;  1 drivers
v0x558e6b19f110_0 .net "drxn", 0 0, v0x558e6b19fc40_0;  1 drivers
v0x558e6b19f5c0_0 .net "m0I0", 0 0, L_0x558e6b1a9290;  1 drivers
v0x558e6b19f680_0 .net "m32I1", 0 0, L_0x558e6b1a8e70;  1 drivers
L_0x558e6b19fce0 .part v0x558e6b19fba0_0, 1, 1;
L_0x558e6b19ff20 .part v0x558e6b19fba0_0, 2, 1;
L_0x558e6b19ffc0 .part v0x558e6b19fba0_0, 0, 1;
L_0x558e6b1a01b0 .part v0x558e6b19fba0_0, 3, 1;
L_0x558e6b1a0280 .part v0x558e6b19fba0_0, 1, 1;
L_0x558e6b1a0490 .part v0x558e6b19fba0_0, 4, 1;
L_0x558e6b1a0570 .part v0x558e6b19fba0_0, 2, 1;
L_0x558e6b1a0860 .part v0x558e6b19fba0_0, 5, 1;
L_0x558e6b1a0950 .part v0x558e6b19fba0_0, 3, 1;
L_0x558e6b1a0b60 .part v0x558e6b19fba0_0, 6, 1;
L_0x558e6b1a0c60 .part v0x558e6b19fba0_0, 4, 1;
L_0x558e6b1a0e20 .part v0x558e6b19fba0_0, 7, 1;
L_0x558e6b1a0f30 .part v0x558e6b19fba0_0, 5, 1;
L_0x558e6b1a1140 .part v0x558e6b19fba0_0, 8, 1;
L_0x558e6b1a1260 .part v0x558e6b19fba0_0, 6, 1;
L_0x558e6b1a1470 .part v0x558e6b19fba0_0, 9, 1;
L_0x558e6b1a15a0 .part v0x558e6b19fba0_0, 7, 1;
L_0x558e6b1a17b0 .part v0x558e6b19fba0_0, 10, 1;
L_0x558e6b1a18f0 .part v0x558e6b19fba0_0, 8, 1;
L_0x558e6b1a1b00 .part v0x558e6b19fba0_0, 11, 1;
L_0x558e6b1a1850 .part v0x558e6b19fba0_0, 9, 1;
L_0x558e6b1a1dc0 .part v0x558e6b19fba0_0, 12, 1;
L_0x558e6b1a1f20 .part v0x558e6b19fba0_0, 10, 1;
L_0x558e6b1a2130 .part v0x558e6b19fba0_0, 13, 1;
L_0x558e6b1a22a0 .part v0x558e6b19fba0_0, 11, 1;
L_0x558e6b1a24b0 .part v0x558e6b19fba0_0, 14, 1;
L_0x558e6b1a2630 .part v0x558e6b19fba0_0, 12, 1;
L_0x558e6b1a2840 .part v0x558e6b19fba0_0, 15, 1;
L_0x558e6b1a29d0 .part v0x558e6b19fba0_0, 13, 1;
L_0x558e6b1a2be0 .part v0x558e6b19fba0_0, 16, 1;
L_0x558e6b1a2d80 .part v0x558e6b19fba0_0, 14, 1;
L_0x558e6b1a33a0 .part v0x558e6b19fba0_0, 17, 1;
L_0x558e6b1a3550 .part v0x558e6b19fba0_0, 15, 1;
L_0x558e6b1a3760 .part v0x558e6b19fba0_0, 18, 1;
L_0x558e6b1a3920 .part v0x558e6b19fba0_0, 16, 1;
L_0x558e6b1a3b30 .part v0x558e6b19fba0_0, 19, 1;
L_0x558e6b1a3d00 .part v0x558e6b19fba0_0, 17, 1;
L_0x558e6b1a3f10 .part v0x558e6b19fba0_0, 20, 1;
L_0x558e6b1a3bd0 .part v0x558e6b19fba0_0, 18, 1;
L_0x558e6b1a41e0 .part v0x558e6b19fba0_0, 21, 1;
L_0x558e6b1a43d0 .part v0x558e6b19fba0_0, 19, 1;
L_0x558e6b1a45e0 .part v0x558e6b19fba0_0, 22, 1;
L_0x558e6b1a47e0 .part v0x558e6b19fba0_0, 20, 1;
L_0x558e6b1a49f0 .part v0x558e6b19fba0_0, 23, 1;
L_0x558e6b1a4c00 .part v0x558e6b19fba0_0, 21, 1;
L_0x558e6b1a4e10 .part v0x558e6b19fba0_0, 24, 1;
L_0x558e6b1a5030 .part v0x558e6b19fba0_0, 22, 1;
L_0x558e6b1a5240 .part v0x558e6b19fba0_0, 25, 1;
L_0x558e6b1a5470 .part v0x558e6b19fba0_0, 23, 1;
L_0x558e6b1a5680 .part v0x558e6b19fba0_0, 26, 1;
L_0x558e6b1a58c0 .part v0x558e6b19fba0_0, 24, 1;
L_0x558e6b1a5ad0 .part v0x558e6b19fba0_0, 27, 1;
L_0x558e6b1a5d20 .part v0x558e6b19fba0_0, 25, 1;
L_0x558e6b1a5f30 .part v0x558e6b19fba0_0, 28, 1;
L_0x558e6b1a6190 .part v0x558e6b19fba0_0, 26, 1;
L_0x558e6b1a63a0 .part v0x558e6b19fba0_0, 29, 1;
L_0x558e6b1a6610 .part v0x558e6b19fba0_0, 27, 1;
L_0x558e6b1a6820 .part v0x558e6b19fba0_0, 30, 1;
L_0x558e6b1a6aa0 .part v0x558e6b19fba0_0, 28, 1;
L_0x558e6b1a6cb0 .part v0x558e6b19fba0_0, 31, 1;
L_0x558e6b1a6f40 .part v0x558e6b19fba0_0, 29, 1;
L_0x558e6b1a7150 .part v0x558e6b19fba0_0, 30, 1;
LS_0x558e6b1a74e0_0_0 .concat8 [ 1 1 1 1], v0x558e6b161db0_0, v0x558e6b1867d0_0, v0x558e6b1873a0_0, v0x558e6b188000_0;
LS_0x558e6b1a74e0_0_4 .concat8 [ 1 1 1 1], v0x558e6b188c60_0, v0x558e6b189860_0, v0x558e6b18a4e0_0, v0x558e6b18b160_0;
LS_0x558e6b1a74e0_0_8 .concat8 [ 1 1 1 1], v0x558e6b18bd90_0, v0x558e6b18ca10_0, v0x558e6b18d690_0, v0x558e6b18e310_0;
LS_0x558e6b1a74e0_0_12 .concat8 [ 1 1 1 1], v0x558e6b18ef90_0, v0x558e6b18fc10_0, v0x558e6b190890_0, v0x558e6b191510_0;
LS_0x558e6b1a74e0_0_16 .concat8 [ 1 1 1 1], v0x558e6b192190_0, v0x558e6b193020_0, v0x558e6b193ca0_0, v0x558e6b194920_0;
LS_0x558e6b1a74e0_0_20 .concat8 [ 1 1 1 1], v0x558e6b1955a0_0, v0x558e6b196220_0, v0x558e6b196ea0_0, v0x558e6b197b20_0;
LS_0x558e6b1a74e0_0_24 .concat8 [ 1 1 1 1], v0x558e6b1987a0_0, v0x558e6b199420_0, v0x558e6b19a0a0_0, v0x558e6b19ad20_0;
LS_0x558e6b1a74e0_0_28 .concat8 [ 1 1 1 1], v0x558e6b19b9a0_0, v0x558e6b19c620_0, v0x558e6b19d2a0_0, v0x558e6b19df20_0;
LS_0x558e6b1a74e0_1_0 .concat8 [ 4 4 4 4], LS_0x558e6b1a74e0_0_0, LS_0x558e6b1a74e0_0_4, LS_0x558e6b1a74e0_0_8, LS_0x558e6b1a74e0_0_12;
LS_0x558e6b1a74e0_1_4 .concat8 [ 4 4 4 4], LS_0x558e6b1a74e0_0_16, LS_0x558e6b1a74e0_0_20, LS_0x558e6b1a74e0_0_24, LS_0x558e6b1a74e0_0_28;
L_0x558e6b1a74e0 .concat8 [ 16 16 0 0], LS_0x558e6b1a74e0_1_0, LS_0x558e6b1a74e0_1_4;
L_0x558e6b1a7df0 .part v0x558e6b19fba0_0, 0, 1;
L_0x558e6b1a8b60 .part v0x558e6b19fba0_0, 31, 1;
L_0x558e6b1a8fd0 .part v0x558e6b19fba0_0, 31, 1;
S_0x558e6b16acb0 .scope generate, "gen_block[0]" "gen_block[0]" 3 15, 3 15 0, S_0x558e6b16b4e0;
 .timescale 0 0;
P_0x558e6b143810 .param/l "i" 1 3 15, +C4<00>;
S_0x558e6b168fa0 .scope generate, "genblk1" "genblk1" 3 16, 3 16 0, S_0x558e6b16acb0;
 .timescale 0 0;
v0x558e6b185f60_0 .net *"_ivl_0", 0 0, L_0x558e6b19fce0;  1 drivers
L_0x558e6b19fe00 .concat [ 1 1 0 0], L_0x558e6b1a9290, L_0x558e6b19fce0;
S_0x558e6b167b90 .scope module, "mux" "mux2to1" 3 17, 4 2 0, S_0x558e6b168fa0;
 .timescale 0 0;
    .port_info 0 /INPUT 1 "sel";
    .port_info 1 /INPUT 2 "I";
    .port_info 2 /OUTPUT 1 "F";
v0x558e6b161db0_0 .var "F", 0 0;
v0x558e6b185d60_0 .net "I", 1 0, L_0x558e6b19fe00;  1 drivers
v0x558e6b185e40_0 .net "sel", 0 0, v0x558e6b19fc40_0;  alias, 1 drivers
E_0x558e6b118db0 .event anyedge, v0x558e6b185e40_0, v0x558e6b185d60_0;
S_0x558e6b186040 .scope generate, "gen_block[1]" "gen_block[1]" 3 15, 3 15 0, S_0x558e6b16b4e0;
 .timescale 0 0;
P_0x558e6b186260 .param/l "i" 1 3 15, +C4<01>;
S_0x558e6b186320 .scope generate, "genblk1" "genblk1" 3 18, 3 18 0, S_0x558e6b186040;
 .timescale 0 0;
v0x558e6b186a70_0 .net *"_ivl_0", 0 0, L_0x558e6b19ff20;  1 drivers
v0x558e6b186b50_0 .net *"_ivl_1", 0 0, L_0x558e6b19ffc0;  1 drivers
L_0x558e6b1a0090 .concat [ 1 1 0 0], L_0x558e6b19ffc0, L_0x558e6b19ff20;
S_0x558e6b186500 .scope module, "mux" "mux2to1" 3 21, 4 2 0, S_0x558e6b186320;
 .timescale 0 0;
    .port_info 0 /INPUT 1 "sel";
    .port_info 1 /INPUT 2 "I";
    .port_info 2 /OUTPUT 1 "F";
v0x558e6b1867d0_0 .var "F", 0 0;
v0x558e6b1868b0_0 .net "I", 1 0, L_0x558e6b1a0090;  1 drivers
v0x558e6b186990_0 .net "sel", 0 0, v0x558e6b19fc40_0;  alias, 1 drivers
E_0x558e6b0e0a10 .event anyedge, v0x558e6b185e40_0, v0x558e6b1868b0_0;
S_0x558e6b186c30 .scope generate, "gen_block[2]" "gen_block[2]" 3 15, 3 15 0, S_0x558e6b16b4e0;
 .timescale 0 0;
P_0x558e6b186e30 .param/l "i" 1 3 15, +C4<010>;
S_0x558e6b186ef0 .scope generate, "genblk1" "genblk1" 3 18, 3 18 0, S_0x558e6b186c30;
 .timescale 0 0;
v0x558e6b1876b0_0 .net *"_ivl_0", 0 0, L_0x558e6b1a01b0;  1 drivers
v0x558e6b187790_0 .net *"_ivl_1", 0 0, L_0x558e6b1a0280;  1 drivers
L_0x558e6b1a0320 .concat [ 1 1 0 0], L_0x558e6b1a0280, L_0x558e6b1a01b0;
S_0x558e6b1870d0 .scope module, "mux" "mux2to1" 3 21, 4 2 0, S_0x558e6b186ef0;
 .timescale 0 0;
    .port_info 0 /INPUT 1 "sel";
    .port_info 1 /INPUT 2 "I";
    .port_info 2 /OUTPUT 1 "F";
v0x558e6b1873a0_0 .var "F", 0 0;
v0x558e6b187480_0 .net "I", 1 0, L_0x558e6b1a0320;  1 drivers
v0x558e6b187560_0 .net "sel", 0 0, v0x558e6b19fc40_0;  alias, 1 drivers
E_0x558e6b0e0650 .event anyedge, v0x558e6b185e40_0, v0x558e6b187480_0;
S_0x558e6b187870 .scope generate, "gen_block[3]" "gen_block[3]" 3 15, 3 15 0, S_0x558e6b16b4e0;
 .timescale 0 0;
P_0x558e6b187a70 .param/l "i" 1 3 15, +C4<011>;
S_0x558e6b187b50 .scope generate, "genblk1" "genblk1" 3 18, 3 18 0, S_0x558e6b187870;
 .timescale 0 0;
v0x558e6b1882c0_0 .net *"_ivl_0", 0 0, L_0x558e6b1a0490;  1 drivers
v0x558e6b1883a0_0 .net *"_ivl_1", 0 0, L_0x558e6b1a0570;  1 drivers
L_0x558e6b1a0720 .concat [ 1 1 0 0], L_0x558e6b1a0570, L_0x558e6b1a0490;
S_0x558e6b187d30 .scope module, "mux" "mux2to1" 3 21, 4 2 0, S_0x558e6b187b50;
 .timescale 0 0;
    .port_info 0 /INPUT 1 "sel";
    .port_info 1 /INPUT 2 "I";
    .port_info 2 /OUTPUT 1 "F";
v0x558e6b188000_0 .var "F", 0 0;
v0x558e6b1880e0_0 .net "I", 1 0, L_0x558e6b1a0720;  1 drivers
v0x558e6b1881c0_0 .net "sel", 0 0, v0x558e6b19fc40_0;  alias, 1 drivers
E_0x558e6b103d80 .event anyedge, v0x558e6b185e40_0, v0x558e6b1880e0_0;
S_0x558e6b188480 .scope generate, "gen_block[4]" "gen_block[4]" 3 15, 3 15 0, S_0x558e6b16b4e0;
 .timescale 0 0;
P_0x558e6b1886d0 .param/l "i" 1 3 15, +C4<0100>;
S_0x558e6b1887b0 .scope generate, "genblk1" "genblk1" 3 18, 3 18 0, S_0x558e6b188480;
 .timescale 0 0;
v0x558e6b188f20_0 .net *"_ivl_0", 0 0, L_0x558e6b1a0860;  1 drivers
v0x558e6b189000_0 .net *"_ivl_1", 0 0, L_0x558e6b1a0950;  1 drivers
L_0x558e6b1a09f0 .concat [ 1 1 0 0], L_0x558e6b1a0950, L_0x558e6b1a0860;
S_0x558e6b188990 .scope module, "mux" "mux2to1" 3 21, 4 2 0, S_0x558e6b1887b0;
 .timescale 0 0;
    .port_info 0 /INPUT 1 "sel";
    .port_info 1 /INPUT 2 "I";
    .port_info 2 /OUTPUT 1 "F";
v0x558e6b188c60_0 .var "F", 0 0;
v0x558e6b188d40_0 .net "I", 1 0, L_0x558e6b1a09f0;  1 drivers
v0x558e6b188e20_0 .net "sel", 0 0, v0x558e6b19fc40_0;  alias, 1 drivers
E_0x558e6b16c730 .event anyedge, v0x558e6b185e40_0, v0x558e6b188d40_0;
S_0x558e6b1890e0 .scope generate, "gen_block[5]" "gen_block[5]" 3 15, 3 15 0, S_0x558e6b16b4e0;
 .timescale 0 0;
P_0x558e6b189290 .param/l "i" 1 3 15, +C4<0101>;
S_0x558e6b189370 .scope generate, "genblk1" "genblk1" 3 18, 3 18 0, S_0x558e6b1890e0;
 .timescale 0 0;
v0x558e6b189b50_0 .net *"_ivl_0", 0 0, L_0x558e6b1a0b60;  1 drivers
v0x558e6b189c30_0 .net *"_ivl_1", 0 0, L_0x558e6b1a0c60;  1 drivers
L_0x558e6b1a0d00 .concat [ 1 1 0 0], L_0x558e6b1a0c60, L_0x558e6b1a0b60;
S_0x558e6b189550 .scope module, "mux" "mux2to1" 3 21, 4 2 0, S_0x558e6b189370;
 .timescale 0 0;
    .port_info 0 /INPUT 1 "sel";
    .port_info 1 /INPUT 2 "I";
    .port_info 2 /OUTPUT 1 "F";
v0x558e6b189860_0 .var "F", 0 0;
v0x558e6b189940_0 .net "I", 1 0, L_0x558e6b1a0d00;  1 drivers
v0x558e6b189a20_0 .net "sel", 0 0, v0x558e6b19fc40_0;  alias, 1 drivers
E_0x558e6b1897e0 .event anyedge, v0x558e6b185e40_0, v0x558e6b189940_0;
S_0x558e6b189d10 .scope generate, "gen_block[6]" "gen_block[6]" 3 15, 3 15 0, S_0x558e6b16b4e0;
 .timescale 0 0;
P_0x558e6b189f10 .param/l "i" 1 3 15, +C4<0110>;
S_0x558e6b189ff0 .scope generate, "genblk1" "genblk1" 3 18, 3 18 0, S_0x558e6b189d10;
 .timescale 0 0;
v0x558e6b18a7d0_0 .net *"_ivl_0", 0 0, L_0x558e6b1a0e20;  1 drivers
v0x558e6b18a8b0_0 .net *"_ivl_1", 0 0, L_0x558e6b1a0f30;  1 drivers
L_0x558e6b1a0fd0 .concat [ 1 1 0 0], L_0x558e6b1a0f30, L_0x558e6b1a0e20;
S_0x558e6b18a1d0 .scope module, "mux" "mux2to1" 3 21, 4 2 0, S_0x558e6b189ff0;
 .timescale 0 0;
    .port_info 0 /INPUT 1 "sel";
    .port_info 1 /INPUT 2 "I";
    .port_info 2 /OUTPUT 1 "F";
v0x558e6b18a4e0_0 .var "F", 0 0;
v0x558e6b18a5c0_0 .net "I", 1 0, L_0x558e6b1a0fd0;  1 drivers
v0x558e6b18a6a0_0 .net "sel", 0 0, v0x558e6b19fc40_0;  alias, 1 drivers
E_0x558e6b18a460 .event anyedge, v0x558e6b185e40_0, v0x558e6b18a5c0_0;
S_0x558e6b18a990 .scope generate, "gen_block[7]" "gen_block[7]" 3 15, 3 15 0, S_0x558e6b16b4e0;
 .timescale 0 0;
P_0x558e6b18ab90 .param/l "i" 1 3 15, +C4<0111>;
S_0x558e6b18ac70 .scope generate, "genblk1" "genblk1" 3 18, 3 18 0, S_0x558e6b18a990;
 .timescale 0 0;
v0x558e6b18b450_0 .net *"_ivl_0", 0 0, L_0x558e6b1a1140;  1 drivers
v0x558e6b18b530_0 .net *"_ivl_1", 0 0, L_0x558e6b1a1260;  1 drivers
L_0x558e6b1a1300 .concat [ 1 1 0 0], L_0x558e6b1a1260, L_0x558e6b1a1140;
S_0x558e6b18ae50 .scope module, "mux" "mux2to1" 3 21, 4 2 0, S_0x558e6b18ac70;
 .timescale 0 0;
    .port_info 0 /INPUT 1 "sel";
    .port_info 1 /INPUT 2 "I";
    .port_info 2 /OUTPUT 1 "F";
v0x558e6b18b160_0 .var "F", 0 0;
v0x558e6b18b240_0 .net "I", 1 0, L_0x558e6b1a1300;  1 drivers
v0x558e6b18b320_0 .net "sel", 0 0, v0x558e6b19fc40_0;  alias, 1 drivers
E_0x558e6b18b0e0 .event anyedge, v0x558e6b185e40_0, v0x558e6b18b240_0;
S_0x558e6b18b610 .scope generate, "gen_block[8]" "gen_block[8]" 3 15, 3 15 0, S_0x558e6b16b4e0;
 .timescale 0 0;
P_0x558e6b188680 .param/l "i" 1 3 15, +C4<01000>;
S_0x558e6b18b8a0 .scope generate, "genblk1" "genblk1" 3 18, 3 18 0, S_0x558e6b18b610;
 .timescale 0 0;
v0x558e6b18c080_0 .net *"_ivl_0", 0 0, L_0x558e6b1a1470;  1 drivers
v0x558e6b18c160_0 .net *"_ivl_1", 0 0, L_0x558e6b1a15a0;  1 drivers
L_0x558e6b1a1640 .concat [ 1 1 0 0], L_0x558e6b1a15a0, L_0x558e6b1a1470;
S_0x558e6b18ba80 .scope module, "mux" "mux2to1" 3 21, 4 2 0, S_0x558e6b18b8a0;
 .timescale 0 0;
    .port_info 0 /INPUT 1 "sel";
    .port_info 1 /INPUT 2 "I";
    .port_info 2 /OUTPUT 1 "F";
v0x558e6b18bd90_0 .var "F", 0 0;
v0x558e6b18be70_0 .net "I", 1 0, L_0x558e6b1a1640;  1 drivers
v0x558e6b18bf50_0 .net "sel", 0 0, v0x558e6b19fc40_0;  alias, 1 drivers
E_0x558e6b18bd10 .event anyedge, v0x558e6b185e40_0, v0x558e6b18be70_0;
S_0x558e6b18c240 .scope generate, "gen_block[9]" "gen_block[9]" 3 15, 3 15 0, S_0x558e6b16b4e0;
 .timescale 0 0;
P_0x558e6b18c440 .param/l "i" 1 3 15, +C4<01001>;
S_0x558e6b18c520 .scope generate, "genblk1" "genblk1" 3 18, 3 18 0, S_0x558e6b18c240;
 .timescale 0 0;
v0x558e6b18cd00_0 .net *"_ivl_0", 0 0, L_0x558e6b1a17b0;  1 drivers
v0x558e6b18cde0_0 .net *"_ivl_1", 0 0, L_0x558e6b1a18f0;  1 drivers
L_0x558e6b1a1990 .concat [ 1 1 0 0], L_0x558e6b1a18f0, L_0x558e6b1a17b0;
S_0x558e6b18c700 .scope module, "mux" "mux2to1" 3 21, 4 2 0, S_0x558e6b18c520;
 .timescale 0 0;
    .port_info 0 /INPUT 1 "sel";
    .port_info 1 /INPUT 2 "I";
    .port_info 2 /OUTPUT 1 "F";
v0x558e6b18ca10_0 .var "F", 0 0;
v0x558e6b18caf0_0 .net "I", 1 0, L_0x558e6b1a1990;  1 drivers
v0x558e6b18cbd0_0 .net "sel", 0 0, v0x558e6b19fc40_0;  alias, 1 drivers
E_0x558e6b18c990 .event anyedge, v0x558e6b185e40_0, v0x558e6b18caf0_0;
S_0x558e6b18cec0 .scope generate, "gen_block[10]" "gen_block[10]" 3 15, 3 15 0, S_0x558e6b16b4e0;
 .timescale 0 0;
P_0x558e6b18d0c0 .param/l "i" 1 3 15, +C4<01010>;
S_0x558e6b18d1a0 .scope generate, "genblk1" "genblk1" 3 18, 3 18 0, S_0x558e6b18cec0;
 .timescale 0 0;
v0x558e6b18d980_0 .net *"_ivl_0", 0 0, L_0x558e6b1a1b00;  1 drivers
v0x558e6b18da60_0 .net *"_ivl_1", 0 0, L_0x558e6b1a1850;  1 drivers
L_0x558e6b1a1c50 .concat [ 1 1 0 0], L_0x558e6b1a1850, L_0x558e6b1a1b00;
S_0x558e6b18d380 .scope module, "mux" "mux2to1" 3 21, 4 2 0, S_0x558e6b18d1a0;
 .timescale 0 0;
    .port_info 0 /INPUT 1 "sel";
    .port_info 1 /INPUT 2 "I";
    .port_info 2 /OUTPUT 1 "F";
v0x558e6b18d690_0 .var "F", 0 0;
v0x558e6b18d770_0 .net "I", 1 0, L_0x558e6b1a1c50;  1 drivers
v0x558e6b18d850_0 .net "sel", 0 0, v0x558e6b19fc40_0;  alias, 1 drivers
E_0x558e6b18d610 .event anyedge, v0x558e6b185e40_0, v0x558e6b18d770_0;
S_0x558e6b18db40 .scope generate, "gen_block[11]" "gen_block[11]" 3 15, 3 15 0, S_0x558e6b16b4e0;
 .timescale 0 0;
P_0x558e6b18dd40 .param/l "i" 1 3 15, +C4<01011>;
S_0x558e6b18de20 .scope generate, "genblk1" "genblk1" 3 18, 3 18 0, S_0x558e6b18db40;
 .timescale 0 0;
v0x558e6b18e600_0 .net *"_ivl_0", 0 0, L_0x558e6b1a1dc0;  1 drivers
v0x558e6b18e6e0_0 .net *"_ivl_1", 0 0, L_0x558e6b1a1f20;  1 drivers
L_0x558e6b1a1fc0 .concat [ 1 1 0 0], L_0x558e6b1a1f20, L_0x558e6b1a1dc0;
S_0x558e6b18e000 .scope module, "mux" "mux2to1" 3 21, 4 2 0, S_0x558e6b18de20;
 .timescale 0 0;
    .port_info 0 /INPUT 1 "sel";
    .port_info 1 /INPUT 2 "I";
    .port_info 2 /OUTPUT 1 "F";
v0x558e6b18e310_0 .var "F", 0 0;
v0x558e6b18e3f0_0 .net "I", 1 0, L_0x558e6b1a1fc0;  1 drivers
v0x558e6b18e4d0_0 .net "sel", 0 0, v0x558e6b19fc40_0;  alias, 1 drivers
E_0x558e6b18e290 .event anyedge, v0x558e6b185e40_0, v0x558e6b18e3f0_0;
S_0x558e6b18e7c0 .scope generate, "gen_block[12]" "gen_block[12]" 3 15, 3 15 0, S_0x558e6b16b4e0;
 .timescale 0 0;
P_0x558e6b18e9c0 .param/l "i" 1 3 15, +C4<01100>;
S_0x558e6b18eaa0 .scope generate, "genblk1" "genblk1" 3 18, 3 18 0, S_0x558e6b18e7c0;
 .timescale 0 0;
v0x558e6b18f280_0 .net *"_ivl_0", 0 0, L_0x558e6b1a2130;  1 drivers
v0x558e6b18f360_0 .net *"_ivl_1", 0 0, L_0x558e6b1a22a0;  1 drivers
L_0x558e6b1a2340 .concat [ 1 1 0 0], L_0x558e6b1a22a0, L_0x558e6b1a2130;
S_0x558e6b18ec80 .scope module, "mux" "mux2to1" 3 21, 4 2 0, S_0x558e6b18eaa0;
 .timescale 0 0;
    .port_info 0 /INPUT 1 "sel";
    .port_info 1 /INPUT 2 "I";
    .port_info 2 /OUTPUT 1 "F";
v0x558e6b18ef90_0 .var "F", 0 0;
v0x558e6b18f070_0 .net "I", 1 0, L_0x558e6b1a2340;  1 drivers
v0x558e6b18f150_0 .net "sel", 0 0, v0x558e6b19fc40_0;  alias, 1 drivers
E_0x558e6b18ef10 .event anyedge, v0x558e6b185e40_0, v0x558e6b18f070_0;
S_0x558e6b18f440 .scope generate, "gen_block[13]" "gen_block[13]" 3 15, 3 15 0, S_0x558e6b16b4e0;
 .timescale 0 0;
P_0x558e6b18f640 .param/l "i" 1 3 15, +C4<01101>;
S_0x558e6b18f720 .scope generate, "genblk1" "genblk1" 3 18, 3 18 0, S_0x558e6b18f440;
 .timescale 0 0;
v0x558e6b18ff00_0 .net *"_ivl_0", 0 0, L_0x558e6b1a24b0;  1 drivers
v0x558e6b18ffe0_0 .net *"_ivl_1", 0 0, L_0x558e6b1a2630;  1 drivers
L_0x558e6b1a26d0 .concat [ 1 1 0 0], L_0x558e6b1a2630, L_0x558e6b1a24b0;
S_0x558e6b18f900 .scope module, "mux" "mux2to1" 3 21, 4 2 0, S_0x558e6b18f720;
 .timescale 0 0;
    .port_info 0 /INPUT 1 "sel";
    .port_info 1 /INPUT 2 "I";
    .port_info 2 /OUTPUT 1 "F";
v0x558e6b18fc10_0 .var "F", 0 0;
v0x558e6b18fcf0_0 .net "I", 1 0, L_0x558e6b1a26d0;  1 drivers
v0x558e6b18fdd0_0 .net "sel", 0 0, v0x558e6b19fc40_0;  alias, 1 drivers
E_0x558e6b18fb90 .event anyedge, v0x558e6b185e40_0, v0x558e6b18fcf0_0;
S_0x558e6b1900c0 .scope generate, "gen_block[14]" "gen_block[14]" 3 15, 3 15 0, S_0x558e6b16b4e0;
 .timescale 0 0;
P_0x558e6b1902c0 .param/l "i" 1 3 15, +C4<01110>;
S_0x558e6b1903a0 .scope generate, "genblk1" "genblk1" 3 18, 3 18 0, S_0x558e6b1900c0;
 .timescale 0 0;
v0x558e6b190b80_0 .net *"_ivl_0", 0 0, L_0x558e6b1a2840;  1 drivers
v0x558e6b190c60_0 .net *"_ivl_1", 0 0, L_0x558e6b1a29d0;  1 drivers
L_0x558e6b1a2a70 .concat [ 1 1 0 0], L_0x558e6b1a29d0, L_0x558e6b1a2840;
S_0x558e6b190580 .scope module, "mux" "mux2to1" 3 21, 4 2 0, S_0x558e6b1903a0;
 .timescale 0 0;
    .port_info 0 /INPUT 1 "sel";
    .port_info 1 /INPUT 2 "I";
    .port_info 2 /OUTPUT 1 "F";
v0x558e6b190890_0 .var "F", 0 0;
v0x558e6b190970_0 .net "I", 1 0, L_0x558e6b1a2a70;  1 drivers
v0x558e6b190a50_0 .net "sel", 0 0, v0x558e6b19fc40_0;  alias, 1 drivers
E_0x558e6b190810 .event anyedge, v0x558e6b185e40_0, v0x558e6b190970_0;
S_0x558e6b190d40 .scope generate, "gen_block[15]" "gen_block[15]" 3 15, 3 15 0, S_0x558e6b16b4e0;
 .timescale 0 0;
P_0x558e6b190f40 .param/l "i" 1 3 15, +C4<01111>;
S_0x558e6b191020 .scope generate, "genblk1" "genblk1" 3 18, 3 18 0, S_0x558e6b190d40;
 .timescale 0 0;
v0x558e6b191800_0 .net *"_ivl_0", 0 0, L_0x558e6b1a2be0;  1 drivers
v0x558e6b1918e0_0 .net *"_ivl_1", 0 0, L_0x558e6b1a2d80;  1 drivers
L_0x558e6b1a3230 .concat [ 1 1 0 0], L_0x558e6b1a2d80, L_0x558e6b1a2be0;
S_0x558e6b191200 .scope module, "mux" "mux2to1" 3 21, 4 2 0, S_0x558e6b191020;
 .timescale 0 0;
    .port_info 0 /INPUT 1 "sel";
    .port_info 1 /INPUT 2 "I";
    .port_info 2 /OUTPUT 1 "F";
v0x558e6b191510_0 .var "F", 0 0;
v0x558e6b1915f0_0 .net "I", 1 0, L_0x558e6b1a3230;  1 drivers
v0x558e6b1916d0_0 .net "sel", 0 0, v0x558e6b19fc40_0;  alias, 1 drivers
E_0x558e6b191490 .event anyedge, v0x558e6b185e40_0, v0x558e6b1915f0_0;
S_0x558e6b1919c0 .scope generate, "gen_block[16]" "gen_block[16]" 3 15, 3 15 0, S_0x558e6b16b4e0;
 .timescale 0 0;
P_0x558e6b191bc0 .param/l "i" 1 3 15, +C4<010000>;
S_0x558e6b191ca0 .scope generate, "genblk1" "genblk1" 3 18, 3 18 0, S_0x558e6b1919c0;
 .timescale 0 0;
v0x558e6b192690_0 .net *"_ivl_0", 0 0, L_0x558e6b1a33a0;  1 drivers
v0x558e6b192770_0 .net *"_ivl_1", 0 0, L_0x558e6b1a3550;  1 drivers
L_0x558e6b1a35f0 .concat [ 1 1 0 0], L_0x558e6b1a3550, L_0x558e6b1a33a0;
S_0x558e6b191e80 .scope module, "mux" "mux2to1" 3 21, 4 2 0, S_0x558e6b191ca0;
 .timescale 0 0;
    .port_info 0 /INPUT 1 "sel";
    .port_info 1 /INPUT 2 "I";
    .port_info 2 /OUTPUT 1 "F";
v0x558e6b192190_0 .var "F", 0 0;
v0x558e6b192270_0 .net "I", 1 0, L_0x558e6b1a35f0;  1 drivers
v0x558e6b192350_0 .net "sel", 0 0, v0x558e6b19fc40_0;  alias, 1 drivers
E_0x558e6b192110 .event anyedge, v0x558e6b185e40_0, v0x558e6b192270_0;
S_0x558e6b192850 .scope generate, "gen_block[17]" "gen_block[17]" 3 15, 3 15 0, S_0x558e6b16b4e0;
 .timescale 0 0;
P_0x558e6b192a50 .param/l "i" 1 3 15, +C4<010001>;
S_0x558e6b192b30 .scope generate, "genblk1" "genblk1" 3 18, 3 18 0, S_0x558e6b192850;
 .timescale 0 0;
v0x558e6b193310_0 .net *"_ivl_0", 0 0, L_0x558e6b1a3760;  1 drivers
v0x558e6b1933f0_0 .net *"_ivl_1", 0 0, L_0x558e6b1a3920;  1 drivers
L_0x558e6b1a39c0 .concat [ 1 1 0 0], L_0x558e6b1a3920, L_0x558e6b1a3760;
S_0x558e6b192d10 .scope module, "mux" "mux2to1" 3 21, 4 2 0, S_0x558e6b192b30;
 .timescale 0 0;
    .port_info 0 /INPUT 1 "sel";
    .port_info 1 /INPUT 2 "I";
    .port_info 2 /OUTPUT 1 "F";
v0x558e6b193020_0 .var "F", 0 0;
v0x558e6b193100_0 .net "I", 1 0, L_0x558e6b1a39c0;  1 drivers
v0x558e6b1931e0_0 .net "sel", 0 0, v0x558e6b19fc40_0;  alias, 1 drivers
E_0x558e6b192fa0 .event anyedge, v0x558e6b185e40_0, v0x558e6b193100_0;
S_0x558e6b1934d0 .scope generate, "gen_block[18]" "gen_block[18]" 3 15, 3 15 0, S_0x558e6b16b4e0;
 .timescale 0 0;
P_0x558e6b1936d0 .param/l "i" 1 3 15, +C4<010010>;
S_0x558e6b1937b0 .scope generate, "genblk1" "genblk1" 3 18, 3 18 0, S_0x558e6b1934d0;
 .timescale 0 0;
v0x558e6b193f90_0 .net *"_ivl_0", 0 0, L_0x558e6b1a3b30;  1 drivers
v0x558e6b194070_0 .net *"_ivl_1", 0 0, L_0x558e6b1a3d00;  1 drivers
L_0x558e6b1a3da0 .concat [ 1 1 0 0], L_0x558e6b1a3d00, L_0x558e6b1a3b30;
S_0x558e6b193990 .scope module, "mux" "mux2to1" 3 21, 4 2 0, S_0x558e6b1937b0;
 .timescale 0 0;
    .port_info 0 /INPUT 1 "sel";
    .port_info 1 /INPUT 2 "I";
    .port_info 2 /OUTPUT 1 "F";
v0x558e6b193ca0_0 .var "F", 0 0;
v0x558e6b193d80_0 .net "I", 1 0, L_0x558e6b1a3da0;  1 drivers
v0x558e6b193e60_0 .net "sel", 0 0, v0x558e6b19fc40_0;  alias, 1 drivers
E_0x558e6b193c20 .event anyedge, v0x558e6b185e40_0, v0x558e6b193d80_0;
S_0x558e6b194150 .scope generate, "gen_block[19]" "gen_block[19]" 3 15, 3 15 0, S_0x558e6b16b4e0;
 .timescale 0 0;
P_0x558e6b194350 .param/l "i" 1 3 15, +C4<010011>;
S_0x558e6b194430 .scope generate, "genblk1" "genblk1" 3 18, 3 18 0, S_0x558e6b194150;
 .timescale 0 0;
v0x558e6b194c10_0 .net *"_ivl_0", 0 0, L_0x558e6b1a3f10;  1 drivers
v0x558e6b194cf0_0 .net *"_ivl_1", 0 0, L_0x558e6b1a3bd0;  1 drivers
L_0x558e6b1a40f0 .concat [ 1 1 0 0], L_0x558e6b1a3bd0, L_0x558e6b1a3f10;
S_0x558e6b194610 .scope module, "mux" "mux2to1" 3 21, 4 2 0, S_0x558e6b194430;
 .timescale 0 0;
    .port_info 0 /INPUT 1 "sel";
    .port_info 1 /INPUT 2 "I";
    .port_info 2 /OUTPUT 1 "F";
v0x558e6b194920_0 .var "F", 0 0;
v0x558e6b194a00_0 .net "I", 1 0, L_0x558e6b1a40f0;  1 drivers
v0x558e6b194ae0_0 .net "sel", 0 0, v0x558e6b19fc40_0;  alias, 1 drivers
E_0x558e6b1948a0 .event anyedge, v0x558e6b185e40_0, v0x558e6b194a00_0;
S_0x558e6b194dd0 .scope generate, "gen_block[20]" "gen_block[20]" 3 15, 3 15 0, S_0x558e6b16b4e0;
 .timescale 0 0;
P_0x558e6b194fd0 .param/l "i" 1 3 15, +C4<010100>;
S_0x558e6b1950b0 .scope generate, "genblk1" "genblk1" 3 18, 3 18 0, S_0x558e6b194dd0;
 .timescale 0 0;
v0x558e6b195890_0 .net *"_ivl_0", 0 0, L_0x558e6b1a41e0;  1 drivers
v0x558e6b195970_0 .net *"_ivl_1", 0 0, L_0x558e6b1a43d0;  1 drivers
L_0x558e6b1a4470 .concat [ 1 1 0 0], L_0x558e6b1a43d0, L_0x558e6b1a41e0;
S_0x558e6b195290 .scope module, "mux" "mux2to1" 3 21, 4 2 0, S_0x558e6b1950b0;
 .timescale 0 0;
    .port_info 0 /INPUT 1 "sel";
    .port_info 1 /INPUT 2 "I";
    .port_info 2 /OUTPUT 1 "F";
v0x558e6b1955a0_0 .var "F", 0 0;
v0x558e6b195680_0 .net "I", 1 0, L_0x558e6b1a4470;  1 drivers
v0x558e6b195760_0 .net "sel", 0 0, v0x558e6b19fc40_0;  alias, 1 drivers
E_0x558e6b195520 .event anyedge, v0x558e6b185e40_0, v0x558e6b195680_0;
S_0x558e6b195a50 .scope generate, "gen_block[21]" "gen_block[21]" 3 15, 3 15 0, S_0x558e6b16b4e0;
 .timescale 0 0;
P_0x558e6b195c50 .param/l "i" 1 3 15, +C4<010101>;
S_0x558e6b195d30 .scope generate, "genblk1" "genblk1" 3 18, 3 18 0, S_0x558e6b195a50;
 .timescale 0 0;
v0x558e6b196510_0 .net *"_ivl_0", 0 0, L_0x558e6b1a45e0;  1 drivers
v0x558e6b1965f0_0 .net *"_ivl_1", 0 0, L_0x558e6b1a47e0;  1 drivers
L_0x558e6b1a4880 .concat [ 1 1 0 0], L_0x558e6b1a47e0, L_0x558e6b1a45e0;
S_0x558e6b195f10 .scope module, "mux" "mux2to1" 3 21, 4 2 0, S_0x558e6b195d30;
 .timescale 0 0;
    .port_info 0 /INPUT 1 "sel";
    .port_info 1 /INPUT 2 "I";
    .port_info 2 /OUTPUT 1 "F";
v0x558e6b196220_0 .var "F", 0 0;
v0x558e6b196300_0 .net "I", 1 0, L_0x558e6b1a4880;  1 drivers
v0x558e6b1963e0_0 .net "sel", 0 0, v0x558e6b19fc40_0;  alias, 1 drivers
E_0x558e6b1961a0 .event anyedge, v0x558e6b185e40_0, v0x558e6b196300_0;
S_0x558e6b1966d0 .scope generate, "gen_block[22]" "gen_block[22]" 3 15, 3 15 0, S_0x558e6b16b4e0;
 .timescale 0 0;
P_0x558e6b1968d0 .param/l "i" 1 3 15, +C4<010110>;
S_0x558e6b1969b0 .scope generate, "genblk1" "genblk1" 3 18, 3 18 0, S_0x558e6b1966d0;
 .timescale 0 0;
v0x558e6b197190_0 .net *"_ivl_0", 0 0, L_0x558e6b1a49f0;  1 drivers
v0x558e6b197270_0 .net *"_ivl_1", 0 0, L_0x558e6b1a4c00;  1 drivers
L_0x558e6b1a4ca0 .concat [ 1 1 0 0], L_0x558e6b1a4c00, L_0x558e6b1a49f0;
S_0x558e6b196b90 .scope module, "mux" "mux2to1" 3 21, 4 2 0, S_0x558e6b1969b0;
 .timescale 0 0;
    .port_info 0 /INPUT 1 "sel";
    .port_info 1 /INPUT 2 "I";
    .port_info 2 /OUTPUT 1 "F";
v0x558e6b196ea0_0 .var "F", 0 0;
v0x558e6b196f80_0 .net "I", 1 0, L_0x558e6b1a4ca0;  1 drivers
v0x558e6b197060_0 .net "sel", 0 0, v0x558e6b19fc40_0;  alias, 1 drivers
E_0x558e6b196e20 .event anyedge, v0x558e6b185e40_0, v0x558e6b196f80_0;
S_0x558e6b197350 .scope generate, "gen_block[23]" "gen_block[23]" 3 15, 3 15 0, S_0x558e6b16b4e0;
 .timescale 0 0;
P_0x558e6b197550 .param/l "i" 1 3 15, +C4<010111>;
S_0x558e6b197630 .scope generate, "genblk1" "genblk1" 3 18, 3 18 0, S_0x558e6b197350;
 .timescale 0 0;
v0x558e6b197e10_0 .net *"_ivl_0", 0 0, L_0x558e6b1a4e10;  1 drivers
v0x558e6b197ef0_0 .net *"_ivl_1", 0 0, L_0x558e6b1a5030;  1 drivers
L_0x558e6b1a50d0 .concat [ 1 1 0 0], L_0x558e6b1a5030, L_0x558e6b1a4e10;
S_0x558e6b197810 .scope module, "mux" "mux2to1" 3 21, 4 2 0, S_0x558e6b197630;
 .timescale 0 0;
    .port_info 0 /INPUT 1 "sel";
    .port_info 1 /INPUT 2 "I";
    .port_info 2 /OUTPUT 1 "F";
v0x558e6b197b20_0 .var "F", 0 0;
v0x558e6b197c00_0 .net "I", 1 0, L_0x558e6b1a50d0;  1 drivers
v0x558e6b197ce0_0 .net "sel", 0 0, v0x558e6b19fc40_0;  alias, 1 drivers
E_0x558e6b197aa0 .event anyedge, v0x558e6b185e40_0, v0x558e6b197c00_0;
S_0x558e6b197fd0 .scope generate, "gen_block[24]" "gen_block[24]" 3 15, 3 15 0, S_0x558e6b16b4e0;
 .timescale 0 0;
P_0x558e6b1981d0 .param/l "i" 1 3 15, +C4<011000>;
S_0x558e6b1982b0 .scope generate, "genblk1" "genblk1" 3 18, 3 18 0, S_0x558e6b197fd0;
 .timescale 0 0;
v0x558e6b198a90_0 .net *"_ivl_0", 0 0, L_0x558e6b1a5240;  1 drivers
v0x558e6b198b70_0 .net *"_ivl_1", 0 0, L_0x558e6b1a5470;  1 drivers
L_0x558e6b1a5510 .concat [ 1 1 0 0], L_0x558e6b1a5470, L_0x558e6b1a5240;
S_0x558e6b198490 .scope module, "mux" "mux2to1" 3 21, 4 2 0, S_0x558e6b1982b0;
 .timescale 0 0;
    .port_info 0 /INPUT 1 "sel";
    .port_info 1 /INPUT 2 "I";
    .port_info 2 /OUTPUT 1 "F";
v0x558e6b1987a0_0 .var "F", 0 0;
v0x558e6b198880_0 .net "I", 1 0, L_0x558e6b1a5510;  1 drivers
v0x558e6b198960_0 .net "sel", 0 0, v0x558e6b19fc40_0;  alias, 1 drivers
E_0x558e6b198720 .event anyedge, v0x558e6b185e40_0, v0x558e6b198880_0;
S_0x558e6b198c50 .scope generate, "gen_block[25]" "gen_block[25]" 3 15, 3 15 0, S_0x558e6b16b4e0;
 .timescale 0 0;
P_0x558e6b198e50 .param/l "i" 1 3 15, +C4<011001>;
S_0x558e6b198f30 .scope generate, "genblk1" "genblk1" 3 18, 3 18 0, S_0x558e6b198c50;
 .timescale 0 0;
v0x558e6b199710_0 .net *"_ivl_0", 0 0, L_0x558e6b1a5680;  1 drivers
v0x558e6b1997f0_0 .net *"_ivl_1", 0 0, L_0x558e6b1a58c0;  1 drivers
L_0x558e6b1a5960 .concat [ 1 1 0 0], L_0x558e6b1a58c0, L_0x558e6b1a5680;
S_0x558e6b199110 .scope module, "mux" "mux2to1" 3 21, 4 2 0, S_0x558e6b198f30;
 .timescale 0 0;
    .port_info 0 /INPUT 1 "sel";
    .port_info 1 /INPUT 2 "I";
    .port_info 2 /OUTPUT 1 "F";
v0x558e6b199420_0 .var "F", 0 0;
v0x558e6b199500_0 .net "I", 1 0, L_0x558e6b1a5960;  1 drivers
v0x558e6b1995e0_0 .net "sel", 0 0, v0x558e6b19fc40_0;  alias, 1 drivers
E_0x558e6b1993a0 .event anyedge, v0x558e6b185e40_0, v0x558e6b199500_0;
S_0x558e6b1998d0 .scope generate, "gen_block[26]" "gen_block[26]" 3 15, 3 15 0, S_0x558e6b16b4e0;
 .timescale 0 0;
P_0x558e6b199ad0 .param/l "i" 1 3 15, +C4<011010>;
S_0x558e6b199bb0 .scope generate, "genblk1" "genblk1" 3 18, 3 18 0, S_0x558e6b1998d0;
 .timescale 0 0;
v0x558e6b19a390_0 .net *"_ivl_0", 0 0, L_0x558e6b1a5ad0;  1 drivers
v0x558e6b19a470_0 .net *"_ivl_1", 0 0, L_0x558e6b1a5d20;  1 drivers
L_0x558e6b1a5dc0 .concat [ 1 1 0 0], L_0x558e6b1a5d20, L_0x558e6b1a5ad0;
S_0x558e6b199d90 .scope module, "mux" "mux2to1" 3 21, 4 2 0, S_0x558e6b199bb0;
 .timescale 0 0;
    .port_info 0 /INPUT 1 "sel";
    .port_info 1 /INPUT 2 "I";
    .port_info 2 /OUTPUT 1 "F";
v0x558e6b19a0a0_0 .var "F", 0 0;
v0x558e6b19a180_0 .net "I", 1 0, L_0x558e6b1a5dc0;  1 drivers
v0x558e6b19a260_0 .net "sel", 0 0, v0x558e6b19fc40_0;  alias, 1 drivers
E_0x558e6b19a020 .event anyedge, v0x558e6b185e40_0, v0x558e6b19a180_0;
S_0x558e6b19a550 .scope generate, "gen_block[27]" "gen_block[27]" 3 15, 3 15 0, S_0x558e6b16b4e0;
 .timescale 0 0;
P_0x558e6b19a750 .param/l "i" 1 3 15, +C4<011011>;
S_0x558e6b19a830 .scope generate, "genblk1" "genblk1" 3 18, 3 18 0, S_0x558e6b19a550;
 .timescale 0 0;
v0x558e6b19b010_0 .net *"_ivl_0", 0 0, L_0x558e6b1a5f30;  1 drivers
v0x558e6b19b0f0_0 .net *"_ivl_1", 0 0, L_0x558e6b1a6190;  1 drivers
L_0x558e6b1a6230 .concat [ 1 1 0 0], L_0x558e6b1a6190, L_0x558e6b1a5f30;
S_0x558e6b19aa10 .scope module, "mux" "mux2to1" 3 21, 4 2 0, S_0x558e6b19a830;
 .timescale 0 0;
    .port_info 0 /INPUT 1 "sel";
    .port_info 1 /INPUT 2 "I";
    .port_info 2 /OUTPUT 1 "F";
v0x558e6b19ad20_0 .var "F", 0 0;
v0x558e6b19ae00_0 .net "I", 1 0, L_0x558e6b1a6230;  1 drivers
v0x558e6b19aee0_0 .net "sel", 0 0, v0x558e6b19fc40_0;  alias, 1 drivers
E_0x558e6b19aca0 .event anyedge, v0x558e6b185e40_0, v0x558e6b19ae00_0;
S_0x558e6b19b1d0 .scope generate, "gen_block[28]" "gen_block[28]" 3 15, 3 15 0, S_0x558e6b16b4e0;
 .timescale 0 0;
P_0x558e6b19b3d0 .param/l "i" 1 3 15, +C4<011100>;
S_0x558e6b19b4b0 .scope generate, "genblk1" "genblk1" 3 18, 3 18 0, S_0x558e6b19b1d0;
 .timescale 0 0;
v0x558e6b19bc90_0 .net *"_ivl_0", 0 0, L_0x558e6b1a63a0;  1 drivers
v0x558e6b19bd70_0 .net *"_ivl_1", 0 0, L_0x558e6b1a6610;  1 drivers
L_0x558e6b1a66b0 .concat [ 1 1 0 0], L_0x558e6b1a6610, L_0x558e6b1a63a0;
S_0x558e6b19b690 .scope module, "mux" "mux2to1" 3 21, 4 2 0, S_0x558e6b19b4b0;
 .timescale 0 0;
    .port_info 0 /INPUT 1 "sel";
    .port_info 1 /INPUT 2 "I";
    .port_info 2 /OUTPUT 1 "F";
v0x558e6b19b9a0_0 .var "F", 0 0;
v0x558e6b19ba80_0 .net "I", 1 0, L_0x558e6b1a66b0;  1 drivers
v0x558e6b19bb60_0 .net "sel", 0 0, v0x558e6b19fc40_0;  alias, 1 drivers
E_0x558e6b19b920 .event anyedge, v0x558e6b185e40_0, v0x558e6b19ba80_0;
S_0x558e6b19be50 .scope generate, "gen_block[29]" "gen_block[29]" 3 15, 3 15 0, S_0x558e6b16b4e0;
 .timescale 0 0;
P_0x558e6b19c050 .param/l "i" 1 3 15, +C4<011101>;
S_0x558e6b19c130 .scope generate, "genblk1" "genblk1" 3 18, 3 18 0, S_0x558e6b19be50;
 .timescale 0 0;
v0x558e6b19c910_0 .net *"_ivl_0", 0 0, L_0x558e6b1a6820;  1 drivers
v0x558e6b19c9f0_0 .net *"_ivl_1", 0 0, L_0x558e6b1a6aa0;  1 drivers
L_0x558e6b1a6b40 .concat [ 1 1 0 0], L_0x558e6b1a6aa0, L_0x558e6b1a6820;
S_0x558e6b19c310 .scope module, "mux" "mux2to1" 3 21, 4 2 0, S_0x558e6b19c130;
 .timescale 0 0;
    .port_info 0 /INPUT 1 "sel";
    .port_info 1 /INPUT 2 "I";
    .port_info 2 /OUTPUT 1 "F";
v0x558e6b19c620_0 .var "F", 0 0;
v0x558e6b19c700_0 .net "I", 1 0, L_0x558e6b1a6b40;  1 drivers
v0x558e6b19c7e0_0 .net "sel", 0 0, v0x558e6b19fc40_0;  alias, 1 drivers
E_0x558e6b19c5a0 .event anyedge, v0x558e6b185e40_0, v0x558e6b19c700_0;
S_0x558e6b19cad0 .scope generate, "gen_block[30]" "gen_block[30]" 3 15, 3 15 0, S_0x558e6b16b4e0;
 .timescale 0 0;
P_0x558e6b19ccd0 .param/l "i" 1 3 15, +C4<011110>;
S_0x558e6b19cdb0 .scope generate, "genblk1" "genblk1" 3 18, 3 18 0, S_0x558e6b19cad0;
 .timescale 0 0;
v0x558e6b19d590_0 .net *"_ivl_0", 0 0, L_0x558e6b1a6cb0;  1 drivers
v0x558e6b19d670_0 .net *"_ivl_1", 0 0, L_0x558e6b1a6f40;  1 drivers
L_0x558e6b1a6fe0 .concat [ 1 1 0 0], L_0x558e6b1a6f40, L_0x558e6b1a6cb0;
S_0x558e6b19cf90 .scope module, "mux" "mux2to1" 3 21, 4 2 0, S_0x558e6b19cdb0;
 .timescale 0 0;
    .port_info 0 /INPUT 1 "sel";
    .port_info 1 /INPUT 2 "I";
    .port_info 2 /OUTPUT 1 "F";
v0x558e6b19d2a0_0 .var "F", 0 0;
v0x558e6b19d380_0 .net "I", 1 0, L_0x558e6b1a6fe0;  1 drivers
v0x558e6b19d460_0 .net "sel", 0 0, v0x558e6b19fc40_0;  alias, 1 drivers
E_0x558e6b19d220 .event anyedge, v0x558e6b185e40_0, v0x558e6b19d380_0;
S_0x558e6b19d750 .scope generate, "gen_block[31]" "gen_block[31]" 3 15, 3 15 0, S_0x558e6b16b4e0;
 .timescale 0 0;
P_0x558e6b19d950 .param/l "i" 1 3 15, +C4<011111>;
S_0x558e6b19da30 .scope generate, "genblk1" "genblk1" 3 18, 3 18 0, S_0x558e6b19d750;
 .timescale 0 0;
v0x558e6b19e210_0 .net *"_ivl_0", 0 0, L_0x558e6b1a7150;  1 drivers
L_0x558e6b1a73f0 .concat [ 1 1 0 0], L_0x558e6b1a7150, L_0x558e6b1a8e70;
S_0x558e6b19dc10 .scope module, "mux" "mux2to1" 3 19, 4 2 0, S_0x558e6b19da30;
 .timescale 0 0;
    .port_info 0 /INPUT 1 "sel";
    .port_info 1 /INPUT 2 "I";
    .port_info 2 /OUTPUT 1 "F";
v0x558e6b19df20_0 .var "F", 0 0;
v0x558e6b19e000_0 .net "I", 1 0, L_0x558e6b1a73f0;  1 drivers
v0x558e6b19e0e0_0 .net "sel", 0 0, v0x558e6b19fc40_0;  alias, 1 drivers
E_0x558e6b19dea0 .event anyedge, v0x558e6b185e40_0, v0x558e6b19e000_0;
    .scope S_0x558e6b167b90;
T_0 ;
    %wait E_0x558e6b118db0;
    %load/vec4 v0x558e6b185e40_0;
    %dup/vec4;
    %pushi/vec4 0, 0, 1;
    %cmp/u;
    %jmp/1 T_0.0, 6;
    %dup/vec4;
    %pushi/vec4 1, 0, 1;
    %cmp/u;
    %jmp/1 T_0.1, 6;
    %jmp T_0.2;
T_0.0 ;
    %load/vec4 v0x558e6b185d60_0;
    %parti/s 1, 0, 2;
    %store/vec4 v0x558e6b161db0_0, 0, 1;
    %jmp T_0.2;
T_0.1 ;
    %load/vec4 v0x558e6b185d60_0;
    %parti/s 1, 1, 2;
    %store/vec4 v0x558e6b161db0_0, 0, 1;
    %jmp T_0.2;
T_0.2 ;
    %pop/vec4 1;
    %jmp T_0;
    .thread T_0, $push;
    .scope S_0x558e6b186500;
T_1 ;
    %wait E_0x558e6b0e0a10;
    %load/vec4 v0x558e6b186990_0;
    %dup/vec4;
    %pushi/vec4 0, 0, 1;
    %cmp/u;
    %jmp/1 T_1.0, 6;
    %dup/vec4;
    %pushi/vec4 1, 0, 1;
    %cmp/u;
    %jmp/1 T_1.1, 6;
    %jmp T_1.2;
T_1.0 ;
    %load/vec4 v0x558e6b1868b0_0;
    %parti/s 1, 0, 2;
    %store/vec4 v0x558e6b1867d0_0, 0, 1;
    %jmp T_1.2;
T_1.1 ;
    %load/vec4 v0x558e6b1868b0_0;
    %parti/s 1, 1, 2;
    %store/vec4 v0x558e6b1867d0_0, 0, 1;
    %jmp T_1.2;
T_1.2 ;
    %pop/vec4 1;
    %jmp T_1;
    .thread T_1, $push;
    .scope S_0x558e6b1870d0;
T_2 ;
    %wait E_0x558e6b0e0650;
    %load/vec4 v0x558e6b187560_0;
    %dup/vec4;
    %pushi/vec4 0, 0, 1;
    %cmp/u;
    %jmp/1 T_2.0, 6;
    %dup/vec4;
    %pushi/vec4 1, 0, 1;
    %cmp/u;
    %jmp/1 T_2.1, 6;
    %jmp T_2.2;
T_2.0 ;
    %load/vec4 v0x558e6b187480_0;
    %parti/s 1, 0, 2;
    %store/vec4 v0x558e6b1873a0_0, 0, 1;
    %jmp T_2.2;
T_2.1 ;
    %load/vec4 v0x558e6b187480_0;
    %parti/s 1, 1, 2;
    %store/vec4 v0x558e6b1873a0_0, 0, 1;
    %jmp T_2.2;
T_2.2 ;
    %pop/vec4 1;
    %jmp T_2;
    .thread T_2, $push;
    .scope S_0x558e6b187d30;
T_3 ;
    %wait E_0x558e6b103d80;
    %load/vec4 v0x558e6b1881c0_0;
    %dup/vec4;
    %pushi/vec4 0, 0, 1;
    %cmp/u;
    %jmp/1 T_3.0, 6;
    %dup/vec4;
    %pushi/vec4 1, 0, 1;
    %cmp/u;
    %jmp/1 T_3.1, 6;
    %jmp T_3.2;
T_3.0 ;
    %load/vec4 v0x558e6b1880e0_0;
    %parti/s 1, 0, 2;
    %store/vec4 v0x558e6b188000_0, 0, 1;
    %jmp T_3.2;
T_3.1 ;
    %load/vec4 v0x558e6b1880e0_0;
    %parti/s 1, 1, 2;
    %store/vec4 v0x558e6b188000_0, 0, 1;
    %jmp T_3.2;
T_3.2 ;
    %pop/vec4 1;
    %jmp T_3;
    .thread T_3, $push;
    .scope S_0x558e6b188990;
T_4 ;
    %wait E_0x558e6b16c730;
    %load/vec4 v0x558e6b188e20_0;
    %dup/vec4;
    %pushi/vec4 0, 0, 1;
    %cmp/u;
    %jmp/1 T_4.0, 6;
    %dup/vec4;
    %pushi/vec4 1, 0, 1;
    %cmp/u;
    %jmp/1 T_4.1, 6;
    %jmp T_4.2;
T_4.0 ;
    %load/vec4 v0x558e6b188d40_0;
    %parti/s 1, 0, 2;
    %store/vec4 v0x558e6b188c60_0, 0, 1;
    %jmp T_4.2;
T_4.1 ;
    %load/vec4 v0x558e6b188d40_0;
    %parti/s 1, 1, 2;
    %store/vec4 v0x558e6b188c60_0, 0, 1;
    %jmp T_4.2;
T_4.2 ;
    %pop/vec4 1;
    %jmp T_4;
    .thread T_4, $push;
    .scope S_0x558e6b189550;
T_5 ;
    %wait E_0x558e6b1897e0;
    %load/vec4 v0x558e6b189a20_0;
    %dup/vec4;
    %pushi/vec4 0, 0, 1;
    %cmp/u;
    %jmp/1 T_5.0, 6;
    %dup/vec4;
    %pushi/vec4 1, 0, 1;
    %cmp/u;
    %jmp/1 T_5.1, 6;
    %jmp T_5.2;
T_5.0 ;
    %load/vec4 v0x558e6b189940_0;
    %parti/s 1, 0, 2;
    %store/vec4 v0x558e6b189860_0, 0, 1;
    %jmp T_5.2;
T_5.1 ;
    %load/vec4 v0x558e6b189940_0;
    %parti/s 1, 1, 2;
    %store/vec4 v0x558e6b189860_0, 0, 1;
    %jmp T_5.2;
T_5.2 ;
    %pop/vec4 1;
    %jmp T_5;
    .thread T_5, $push;
    .scope S_0x558e6b18a1d0;
T_6 ;
    %wait E_0x558e6b18a460;
    %load/vec4 v0x558e6b18a6a0_0;
    %dup/vec4;
    %pushi/vec4 0, 0, 1;
    %cmp/u;
    %jmp/1 T_6.0, 6;
    %dup/vec4;
    %pushi/vec4 1, 0, 1;
    %cmp/u;
    %jmp/1 T_6.1, 6;
    %jmp T_6.2;
T_6.0 ;
    %load/vec4 v0x558e6b18a5c0_0;
    %parti/s 1, 0, 2;
    %store/vec4 v0x558e6b18a4e0_0, 0, 1;
    %jmp T_6.2;
T_6.1 ;
    %load/vec4 v0x558e6b18a5c0_0;
    %parti/s 1, 1, 2;
    %store/vec4 v0x558e6b18a4e0_0, 0, 1;
    %jmp T_6.2;
T_6.2 ;
    %pop/vec4 1;
    %jmp T_6;
    .thread T_6, $push;
    .scope S_0x558e6b18ae50;
T_7 ;
    %wait E_0x558e6b18b0e0;
    %load/vec4 v0x558e6b18b320_0;
    %dup/vec4;
    %pushi/vec4 0, 0, 1;
    %cmp/u;
    %jmp/1 T_7.0, 6;
    %dup/vec4;
    %pushi/vec4 1, 0, 1;
    %cmp/u;
    %jmp/1 T_7.1, 6;
    %jmp T_7.2;
T_7.0 ;
    %load/vec4 v0x558e6b18b240_0;
    %parti/s 1, 0, 2;
    %store/vec4 v0x558e6b18b160_0, 0, 1;
    %jmp T_7.2;
T_7.1 ;
    %load/vec4 v0x558e6b18b240_0;
    %parti/s 1, 1, 2;
    %store/vec4 v0x558e6b18b160_0, 0, 1;
    %jmp T_7.2;
T_7.2 ;
    %pop/vec4 1;
    %jmp T_7;
    .thread T_7, $push;
    .scope S_0x558e6b18ba80;
T_8 ;
    %wait E_0x558e6b18bd10;
    %load/vec4 v0x558e6b18bf50_0;
    %dup/vec4;
    %pushi/vec4 0, 0, 1;
    %cmp/u;
    %jmp/1 T_8.0, 6;
    %dup/vec4;
    %pushi/vec4 1, 0, 1;
    %cmp/u;
    %jmp/1 T_8.1, 6;
    %jmp T_8.2;
T_8.0 ;
    %load/vec4 v0x558e6b18be70_0;
    %parti/s 1, 0, 2;
    %store/vec4 v0x558e6b18bd90_0, 0, 1;
    %jmp T_8.2;
T_8.1 ;
    %load/vec4 v0x558e6b18be70_0;
    %parti/s 1, 1, 2;
    %store/vec4 v0x558e6b18bd90_0, 0, 1;
    %jmp T_8.2;
T_8.2 ;
    %pop/vec4 1;
    %jmp T_8;
    .thread T_8, $push;
    .scope S_0x558e6b18c700;
T_9 ;
    %wait E_0x558e6b18c990;
    %load/vec4 v0x558e6b18cbd0_0;
    %dup/vec4;
    %pushi/vec4 0, 0, 1;
    %cmp/u;
    %jmp/1 T_9.0, 6;
    %dup/vec4;
    %pushi/vec4 1, 0, 1;
    %cmp/u;
    %jmp/1 T_9.1, 6;
    %jmp T_9.2;
T_9.0 ;
    %load/vec4 v0x558e6b18caf0_0;
    %parti/s 1, 0, 2;
    %store/vec4 v0x558e6b18ca10_0, 0, 1;
    %jmp T_9.2;
T_9.1 ;
    %load/vec4 v0x558e6b18caf0_0;
    %parti/s 1, 1, 2;
    %store/vec4 v0x558e6b18ca10_0, 0, 1;
    %jmp T_9.2;
T_9.2 ;
    %pop/vec4 1;
    %jmp T_9;
    .thread T_9, $push;
    .scope S_0x558e6b18d380;
T_10 ;
    %wait E_0x558e6b18d610;
    %load/vec4 v0x558e6b18d850_0;
    %dup/vec4;
    %pushi/vec4 0, 0, 1;
    %cmp/u;
    %jmp/1 T_10.0, 6;
    %dup/vec4;
    %pushi/vec4 1, 0, 1;
    %cmp/u;
    %jmp/1 T_10.1, 6;
    %jmp T_10.2;
T_10.0 ;
    %load/vec4 v0x558e6b18d770_0;
    %parti/s 1, 0, 2;
    %store/vec4 v0x558e6b18d690_0, 0, 1;
    %jmp T_10.2;
T_10.1 ;
    %load/vec4 v0x558e6b18d770_0;
    %parti/s 1, 1, 2;
    %store/vec4 v0x558e6b18d690_0, 0, 1;
    %jmp T_10.2;
T_10.2 ;
    %pop/vec4 1;
    %jmp T_10;
    .thread T_10, $push;
    .scope S_0x558e6b18e000;
T_11 ;
    %wait E_0x558e6b18e290;
    %load/vec4 v0x558e6b18e4d0_0;
    %dup/vec4;
    %pushi/vec4 0, 0, 1;
    %cmp/u;
    %jmp/1 T_11.0, 6;
    %dup/vec4;
    %pushi/vec4 1, 0, 1;
    %cmp/u;
    %jmp/1 T_11.1, 6;
    %jmp T_11.2;
T_11.0 ;
    %load/vec4 v0x558e6b18e3f0_0;
    %parti/s 1, 0, 2;
    %store/vec4 v0x558e6b18e310_0, 0, 1;
    %jmp T_11.2;
T_11.1 ;
    %load/vec4 v0x558e6b18e3f0_0;
    %parti/s 1, 1, 2;
    %store/vec4 v0x558e6b18e310_0, 0, 1;
    %jmp T_11.2;
T_11.2 ;
    %pop/vec4 1;
    %jmp T_11;
    .thread T_11, $push;
    .scope S_0x558e6b18ec80;
T_12 ;
    %wait E_0x558e6b18ef10;
    %load/vec4 v0x558e6b18f150_0;
    %dup/vec4;
    %pushi/vec4 0, 0, 1;
    %cmp/u;
    %jmp/1 T_12.0, 6;
    %dup/vec4;
    %pushi/vec4 1, 0, 1;
    %cmp/u;
    %jmp/1 T_12.1, 6;
    %jmp T_12.2;
T_12.0 ;
    %load/vec4 v0x558e6b18f070_0;
    %parti/s 1, 0, 2;
    %store/vec4 v0x558e6b18ef90_0, 0, 1;
    %jmp T_12.2;
T_12.1 ;
    %load/vec4 v0x558e6b18f070_0;
    %parti/s 1, 1, 2;
    %store/vec4 v0x558e6b18ef90_0, 0, 1;
    %jmp T_12.2;
T_12.2 ;
    %pop/vec4 1;
    %jmp T_12;
    .thread T_12, $push;
    .scope S_0x558e6b18f900;
T_13 ;
    %wait E_0x558e6b18fb90;
    %load/vec4 v0x558e6b18fdd0_0;
    %dup/vec4;
    %pushi/vec4 0, 0, 1;
    %cmp/u;
    %jmp/1 T_13.0, 6;
    %dup/vec4;
    %pushi/vec4 1, 0, 1;
    %cmp/u;
    %jmp/1 T_13.1, 6;
    %jmp T_13.2;
T_13.0 ;
    %load/vec4 v0x558e6b18fcf0_0;
    %parti/s 1, 0, 2;
    %store/vec4 v0x558e6b18fc10_0, 0, 1;
    %jmp T_13.2;
T_13.1 ;
    %load/vec4 v0x558e6b18fcf0_0;
    %parti/s 1, 1, 2;
    %store/vec4 v0x558e6b18fc10_0, 0, 1;
    %jmp T_13.2;
T_13.2 ;
    %pop/vec4 1;
    %jmp T_13;
    .thread T_13, $push;
    .scope S_0x558e6b190580;
T_14 ;
    %wait E_0x558e6b190810;
    %load/vec4 v0x558e6b190a50_0;
    %dup/vec4;
    %pushi/vec4 0, 0, 1;
    %cmp/u;
    %jmp/1 T_14.0, 6;
    %dup/vec4;
    %pushi/vec4 1, 0, 1;
    %cmp/u;
    %jmp/1 T_14.1, 6;
    %jmp T_14.2;
T_14.0 ;
    %load/vec4 v0x558e6b190970_0;
    %parti/s 1, 0, 2;
    %store/vec4 v0x558e6b190890_0, 0, 1;
    %jmp T_14.2;
T_14.1 ;
    %load/vec4 v0x558e6b190970_0;
    %parti/s 1, 1, 2;
    %store/vec4 v0x558e6b190890_0, 0, 1;
    %jmp T_14.2;
T_14.2 ;
    %pop/vec4 1;
    %jmp T_14;
    .thread T_14, $push;
    .scope S_0x558e6b191200;
T_15 ;
    %wait E_0x558e6b191490;
    %load/vec4 v0x558e6b1916d0_0;
    %dup/vec4;
    %pushi/vec4 0, 0, 1;
    %cmp/u;
    %jmp/1 T_15.0, 6;
    %dup/vec4;
    %pushi/vec4 1, 0, 1;
    %cmp/u;
    %jmp/1 T_15.1, 6;
    %jmp T_15.2;
T_15.0 ;
    %load/vec4 v0x558e6b1915f0_0;
    %parti/s 1, 0, 2;
    %store/vec4 v0x558e6b191510_0, 0, 1;
    %jmp T_15.2;
T_15.1 ;
    %load/vec4 v0x558e6b1915f0_0;
    %parti/s 1, 1, 2;
    %store/vec4 v0x558e6b191510_0, 0, 1;
    %jmp T_15.2;
T_15.2 ;
    %pop/vec4 1;
    %jmp T_15;
    .thread T_15, $push;
    .scope S_0x558e6b191e80;
T_16 ;
    %wait E_0x558e6b192110;
    %load/vec4 v0x558e6b192350_0;
    %dup/vec4;
    %pushi/vec4 0, 0, 1;
    %cmp/u;
    %jmp/1 T_16.0, 6;
    %dup/vec4;
    %pushi/vec4 1, 0, 1;
    %cmp/u;
    %jmp/1 T_16.1, 6;
    %jmp T_16.2;
T_16.0 ;
    %load/vec4 v0x558e6b192270_0;
    %parti/s 1, 0, 2;
    %store/vec4 v0x558e6b192190_0, 0, 1;
    %jmp T_16.2;
T_16.1 ;
    %load/vec4 v0x558e6b192270_0;
    %parti/s 1, 1, 2;
    %store/vec4 v0x558e6b192190_0, 0, 1;
    %jmp T_16.2;
T_16.2 ;
    %pop/vec4 1;
    %jmp T_16;
    .thread T_16, $push;
    .scope S_0x558e6b192d10;
T_17 ;
    %wait E_0x558e6b192fa0;
    %load/vec4 v0x558e6b1931e0_0;
    %dup/vec4;
    %pushi/vec4 0, 0, 1;
    %cmp/u;
    %jmp/1 T_17.0, 6;
    %dup/vec4;
    %pushi/vec4 1, 0, 1;
    %cmp/u;
    %jmp/1 T_17.1, 6;
    %jmp T_17.2;
T_17.0 ;
    %load/vec4 v0x558e6b193100_0;
    %parti/s 1, 0, 2;
    %store/vec4 v0x558e6b193020_0, 0, 1;
    %jmp T_17.2;
T_17.1 ;
    %load/vec4 v0x558e6b193100_0;
    %parti/s 1, 1, 2;
    %store/vec4 v0x558e6b193020_0, 0, 1;
    %jmp T_17.2;
T_17.2 ;
    %pop/vec4 1;
    %jmp T_17;
    .thread T_17, $push;
    .scope S_0x558e6b193990;
T_18 ;
    %wait E_0x558e6b193c20;
    %load/vec4 v0x558e6b193e60_0;
    %dup/vec4;
    %pushi/vec4 0, 0, 1;
    %cmp/u;
    %jmp/1 T_18.0, 6;
    %dup/vec4;
    %pushi/vec4 1, 0, 1;
    %cmp/u;
    %jmp/1 T_18.1, 6;
    %jmp T_18.2;
T_18.0 ;
    %load/vec4 v0x558e6b193d80_0;
    %parti/s 1, 0, 2;
    %store/vec4 v0x558e6b193ca0_0, 0, 1;
    %jmp T_18.2;
T_18.1 ;
    %load/vec4 v0x558e6b193d80_0;
    %parti/s 1, 1, 2;
    %store/vec4 v0x558e6b193ca0_0, 0, 1;
    %jmp T_18.2;
T_18.2 ;
    %pop/vec4 1;
    %jmp T_18;
    .thread T_18, $push;
    .scope S_0x558e6b194610;
T_19 ;
    %wait E_0x558e6b1948a0;
    %load/vec4 v0x558e6b194ae0_0;
    %dup/vec4;
    %pushi/vec4 0, 0, 1;
    %cmp/u;
    %jmp/1 T_19.0, 6;
    %dup/vec4;
    %pushi/vec4 1, 0, 1;
    %cmp/u;
    %jmp/1 T_19.1, 6;
    %jmp T_19.2;
T_19.0 ;
    %load/vec4 v0x558e6b194a00_0;
    %parti/s 1, 0, 2;
    %store/vec4 v0x558e6b194920_0, 0, 1;
    %jmp T_19.2;
T_19.1 ;
    %load/vec4 v0x558e6b194a00_0;
    %parti/s 1, 1, 2;
    %store/vec4 v0x558e6b194920_0, 0, 1;
    %jmp T_19.2;
T_19.2 ;
    %pop/vec4 1;
    %jmp T_19;
    .thread T_19, $push;
    .scope S_0x558e6b195290;
T_20 ;
    %wait E_0x558e6b195520;
    %load/vec4 v0x558e6b195760_0;
    %dup/vec4;
    %pushi/vec4 0, 0, 1;
    %cmp/u;
    %jmp/1 T_20.0, 6;
    %dup/vec4;
    %pushi/vec4 1, 0, 1;
    %cmp/u;
    %jmp/1 T_20.1, 6;
    %jmp T_20.2;
T_20.0 ;
    %load/vec4 v0x558e6b195680_0;
    %parti/s 1, 0, 2;
    %store/vec4 v0x558e6b1955a0_0, 0, 1;
    %jmp T_20.2;
T_20.1 ;
    %load/vec4 v0x558e6b195680_0;
    %parti/s 1, 1, 2;
    %store/vec4 v0x558e6b1955a0_0, 0, 1;
    %jmp T_20.2;
T_20.2 ;
    %pop/vec4 1;
    %jmp T_20;
    .thread T_20, $push;
    .scope S_0x558e6b195f10;
T_21 ;
    %wait E_0x558e6b1961a0;
    %load/vec4 v0x558e6b1963e0_0;
    %dup/vec4;
    %pushi/vec4 0, 0, 1;
    %cmp/u;
    %jmp/1 T_21.0, 6;
    %dup/vec4;
    %pushi/vec4 1, 0, 1;
    %cmp/u;
    %jmp/1 T_21.1, 6;
    %jmp T_21.2;
T_21.0 ;
    %load/vec4 v0x558e6b196300_0;
    %parti/s 1, 0, 2;
    %store/vec4 v0x558e6b196220_0, 0, 1;
    %jmp T_21.2;
T_21.1 ;
    %load/vec4 v0x558e6b196300_0;
    %parti/s 1, 1, 2;
    %store/vec4 v0x558e6b196220_0, 0, 1;
    %jmp T_21.2;
T_21.2 ;
    %pop/vec4 1;
    %jmp T_21;
    .thread T_21, $push;
    .scope S_0x558e6b196b90;
T_22 ;
    %wait E_0x558e6b196e20;
    %load/vec4 v0x558e6b197060_0;
    %dup/vec4;
    %pushi/vec4 0, 0, 1;
    %cmp/u;
    %jmp/1 T_22.0, 6;
    %dup/vec4;
    %pushi/vec4 1, 0, 1;
    %cmp/u;
    %jmp/1 T_22.1, 6;
    %jmp T_22.2;
T_22.0 ;
    %load/vec4 v0x558e6b196f80_0;
    %parti/s 1, 0, 2;
    %store/vec4 v0x558e6b196ea0_0, 0, 1;
    %jmp T_22.2;
T_22.1 ;
    %load/vec4 v0x558e6b196f80_0;
    %parti/s 1, 1, 2;
    %store/vec4 v0x558e6b196ea0_0, 0, 1;
    %jmp T_22.2;
T_22.2 ;
    %pop/vec4 1;
    %jmp T_22;
    .thread T_22, $push;
    .scope S_0x558e6b197810;
T_23 ;
    %wait E_0x558e6b197aa0;
    %load/vec4 v0x558e6b197ce0_0;
    %dup/vec4;
    %pushi/vec4 0, 0, 1;
    %cmp/u;
    %jmp/1 T_23.0, 6;
    %dup/vec4;
    %pushi/vec4 1, 0, 1;
    %cmp/u;
    %jmp/1 T_23.1, 6;
    %jmp T_23.2;
T_23.0 ;
    %load/vec4 v0x558e6b197c00_0;
    %parti/s 1, 0, 2;
    %store/vec4 v0x558e6b197b20_0, 0, 1;
    %jmp T_23.2;
T_23.1 ;
    %load/vec4 v0x558e6b197c00_0;
    %parti/s 1, 1, 2;
    %store/vec4 v0x558e6b197b20_0, 0, 1;
    %jmp T_23.2;
T_23.2 ;
    %pop/vec4 1;
    %jmp T_23;
    .thread T_23, $push;
    .scope S_0x558e6b198490;
T_24 ;
    %wait E_0x558e6b198720;
    %load/vec4 v0x558e6b198960_0;
    %dup/vec4;
    %pushi/vec4 0, 0, 1;
    %cmp/u;
    %jmp/1 T_24.0, 6;
    %dup/vec4;
    %pushi/vec4 1, 0, 1;
    %cmp/u;
    %jmp/1 T_24.1, 6;
    %jmp T_24.2;
T_24.0 ;
    %load/vec4 v0x558e6b198880_0;
    %parti/s 1, 0, 2;
    %store/vec4 v0x558e6b1987a0_0, 0, 1;
    %jmp T_24.2;
T_24.1 ;
    %load/vec4 v0x558e6b198880_0;
    %parti/s 1, 1, 2;
    %store/vec4 v0x558e6b1987a0_0, 0, 1;
    %jmp T_24.2;
T_24.2 ;
    %pop/vec4 1;
    %jmp T_24;
    .thread T_24, $push;
    .scope S_0x558e6b199110;
T_25 ;
    %wait E_0x558e6b1993a0;
    %load/vec4 v0x558e6b1995e0_0;
    %dup/vec4;
    %pushi/vec4 0, 0, 1;
    %cmp/u;
    %jmp/1 T_25.0, 6;
    %dup/vec4;
    %pushi/vec4 1, 0, 1;
    %cmp/u;
    %jmp/1 T_25.1, 6;
    %jmp T_25.2;
T_25.0 ;
    %load/vec4 v0x558e6b199500_0;
    %parti/s 1, 0, 2;
    %store/vec4 v0x558e6b199420_0, 0, 1;
    %jmp T_25.2;
T_25.1 ;
    %load/vec4 v0x558e6b199500_0;
    %parti/s 1, 1, 2;
    %store/vec4 v0x558e6b199420_0, 0, 1;
    %jmp T_25.2;
T_25.2 ;
    %pop/vec4 1;
    %jmp T_25;
    .thread T_25, $push;
    .scope S_0x558e6b199d90;
T_26 ;
    %wait E_0x558e6b19a020;
    %load/vec4 v0x558e6b19a260_0;
    %dup/vec4;
    %pushi/vec4 0, 0, 1;
    %cmp/u;
    %jmp/1 T_26.0, 6;
    %dup/vec4;
    %pushi/vec4 1, 0, 1;
    %cmp/u;
    %jmp/1 T_26.1, 6;
    %jmp T_26.2;
T_26.0 ;
    %load/vec4 v0x558e6b19a180_0;
    %parti/s 1, 0, 2;
    %store/vec4 v0x558e6b19a0a0_0, 0, 1;
    %jmp T_26.2;
T_26.1 ;
    %load/vec4 v0x558e6b19a180_0;
    %parti/s 1, 1, 2;
    %store/vec4 v0x558e6b19a0a0_0, 0, 1;
    %jmp T_26.2;
T_26.2 ;
    %pop/vec4 1;
    %jmp T_26;
    .thread T_26, $push;
    .scope S_0x558e6b19aa10;
T_27 ;
    %wait E_0x558e6b19aca0;
    %load/vec4 v0x558e6b19aee0_0;
    %dup/vec4;
    %pushi/vec4 0, 0, 1;
    %cmp/u;
    %jmp/1 T_27.0, 6;
    %dup/vec4;
    %pushi/vec4 1, 0, 1;
    %cmp/u;
    %jmp/1 T_27.1, 6;
    %jmp T_27.2;
T_27.0 ;
    %load/vec4 v0x558e6b19ae00_0;
    %parti/s 1, 0, 2;
    %store/vec4 v0x558e6b19ad20_0, 0, 1;
    %jmp T_27.2;
T_27.1 ;
    %load/vec4 v0x558e6b19ae00_0;
    %parti/s 1, 1, 2;
    %store/vec4 v0x558e6b19ad20_0, 0, 1;
    %jmp T_27.2;
T_27.2 ;
    %pop/vec4 1;
    %jmp T_27;
    .thread T_27, $push;
    .scope S_0x558e6b19b690;
T_28 ;
    %wait E_0x558e6b19b920;
    %load/vec4 v0x558e6b19bb60_0;
    %dup/vec4;
    %pushi/vec4 0, 0, 1;
    %cmp/u;
    %jmp/1 T_28.0, 6;
    %dup/vec4;
    %pushi/vec4 1, 0, 1;
    %cmp/u;
    %jmp/1 T_28.1, 6;
    %jmp T_28.2;
T_28.0 ;
    %load/vec4 v0x558e6b19ba80_0;
    %parti/s 1, 0, 2;
    %store/vec4 v0x558e6b19b9a0_0, 0, 1;
    %jmp T_28.2;
T_28.1 ;
    %load/vec4 v0x558e6b19ba80_0;
    %parti/s 1, 1, 2;
    %store/vec4 v0x558e6b19b9a0_0, 0, 1;
    %jmp T_28.2;
T_28.2 ;
    %pop/vec4 1;
    %jmp T_28;
    .thread T_28, $push;
    .scope S_0x558e6b19c310;
T_29 ;
    %wait E_0x558e6b19c5a0;
    %load/vec4 v0x558e6b19c7e0_0;
    %dup/vec4;
    %pushi/vec4 0, 0, 1;
    %cmp/u;
    %jmp/1 T_29.0, 6;
    %dup/vec4;
    %pushi/vec4 1, 0, 1;
    %cmp/u;
    %jmp/1 T_29.1, 6;
    %jmp T_29.2;
T_29.0 ;
    %load/vec4 v0x558e6b19c700_0;
    %parti/s 1, 0, 2;
    %store/vec4 v0x558e6b19c620_0, 0, 1;
    %jmp T_29.2;
T_29.1 ;
    %load/vec4 v0x558e6b19c700_0;
    %parti/s 1, 1, 2;
    %store/vec4 v0x558e6b19c620_0, 0, 1;
    %jmp T_29.2;
T_29.2 ;
    %pop/vec4 1;
    %jmp T_29;
    .thread T_29, $push;
    .scope S_0x558e6b19cf90;
T_30 ;
    %wait E_0x558e6b19d220;
    %load/vec4 v0x558e6b19d460_0;
    %dup/vec4;
    %pushi/vec4 0, 0, 1;
    %cmp/u;
    %jmp/1 T_30.0, 6;
    %dup/vec4;
    %pushi/vec4 1, 0, 1;
    %cmp/u;
    %jmp/1 T_30.1, 6;
    %jmp T_30.2;
T_30.0 ;
    %load/vec4 v0x558e6b19d380_0;
    %parti/s 1, 0, 2;
    %store/vec4 v0x558e6b19d2a0_0, 0, 1;
    %jmp T_30.2;
T_30.1 ;
    %load/vec4 v0x558e6b19d380_0;
    %parti/s 1, 1, 2;
    %store/vec4 v0x558e6b19d2a0_0, 0, 1;
    %jmp T_30.2;
T_30.2 ;
    %pop/vec4 1;
    %jmp T_30;
    .thread T_30, $push;
    .scope S_0x558e6b19dc10;
T_31 ;
    %wait E_0x558e6b19dea0;
    %load/vec4 v0x558e6b19e0e0_0;
    %dup/vec4;
    %pushi/vec4 0, 0, 1;
    %cmp/u;
    %jmp/1 T_31.0, 6;
    %dup/vec4;
    %pushi/vec4 1, 0, 1;
    %cmp/u;
    %jmp/1 T_31.1, 6;
    %jmp T_31.2;
T_31.0 ;
    %load/vec4 v0x558e6b19e000_0;
    %parti/s 1, 0, 2;
    %store/vec4 v0x558e6b19df20_0, 0, 1;
    %jmp T_31.2;
T_31.1 ;
    %load/vec4 v0x558e6b19e000_0;
    %parti/s 1, 1, 2;
    %store/vec4 v0x558e6b19df20_0, 0, 1;
    %jmp T_31.2;
T_31.2 ;
    %pop/vec4 1;
    %jmp T_31;
    .thread T_31, $push;
    .scope S_0x558e6b16b9c0;
T_32 ;
    %vpi_call 2 10 "$dumpfile", "var_dump.vcd" {0 0 0};
    %vpi_call 2 11 "$dumpvars", 32'sb00000000000000000000000000000000, S_0x558e6b16b9c0 {0 0 0};
    %end;
    .thread T_32;
    .scope S_0x558e6b16b9c0;
T_33 ;
    %pushi/vec4 4294944640, 0, 32;
    %store/vec4 v0x558e6b19fba0_0, 0, 32;
    %pushi/vec4 1, 0, 1;
    %store/vec4 v0x558e6b19f840_0, 0, 1;
    %pushi/vec4 0, 0, 1;
    %store/vec4 v0x558e6b19fad0_0, 0, 1;
    %pushi/vec4 0, 0, 1;
    %store/vec4 v0x558e6b19f9d0_0, 0, 1;
    %pushi/vec4 1, 0, 1;
    %store/vec4 v0x558e6b19fc40_0, 0, 1;
    %delay 10, 0;
    %pushi/vec4 0, 0, 1;
    %store/vec4 v0x558e6b19fc40_0, 0, 1;
    %delay 10, 0;
    %pushi/vec4 0, 0, 1;
    %store/vec4 v0x558e6b19f840_0, 0, 1;
    %pushi/vec4 0, 0, 1;
    %store/vec4 v0x558e6b19fad0_0, 0, 1;
    %pushi/vec4 1, 0, 1;
    %store/vec4 v0x558e6b19f9d0_0, 0, 1;
    %pushi/vec4 1, 0, 1;
    %store/vec4 v0x558e6b19fc40_0, 0, 1;
    %delay 10, 0;
    %pushi/vec4 0, 0, 1;
    %store/vec4 v0x558e6b19fc40_0, 0, 1;
    %delay 10, 0;
    %pushi/vec4 0, 0, 1;
    %store/vec4 v0x558e6b19f840_0, 0, 1;
    %pushi/vec4 1, 0, 1;
    %store/vec4 v0x558e6b19fad0_0, 0, 1;
    %pushi/vec4 0, 0, 1;
    %store/vec4 v0x558e6b19f9d0_0, 0, 1;
    %pushi/vec4 1, 0, 1;
    %store/vec4 v0x558e6b19fc40_0, 0, 1;
    %delay 10, 0;
    %pushi/vec4 0, 0, 1;
    %store/vec4 v0x558e6b19fc40_0, 0, 1;
    %delay 10, 0;
    %end;
    .thread T_33;
# The file index is used to find the file name in the following table.
:file_names 5;
    "N/A";
    "<interactive>";
    "tb_shift_unit.v";
    "shift_unit.v";
    "mux2to1.v";
